Using pre-set license
Built from '2020.3/staging' branch; Version is '2020.3.0f1 (c7b5465681fb) revision 13088070'; Using compiler version '192528614'; Build Type 'Release'
OS: 'Windows 10 Home; OS build 19042.867; Version 2009; 64bit' Language: 'en' Physical Memory: 16166 MB
BatchMode: 1, IsHumanControllingUs: 0, StartBugReporterOnCrash: 0, Is64bit: 1, IsPro: 0

 COMMAND LINE ARGUMENTS:
C:\Program Files\Unity\Hub\Editor\2020.3.0f1\Editor\Unity.exe
-adb2
-batchMode
-noUpm
-name
AssetImportWorker0
-projectPath
C:/Unity Projects/Raion_Internship_Kelompok3/newrep/Raion_Internship_Kelompok3
-logFile
Logs/AssetImportWorker0.log
-srvPort
57925
Successfully changed project path to: C:/Unity Projects/Raion_Internship_Kelompok3/newrep/Raion_Internship_Kelompok3
C:/Unity Projects/Raion_Internship_Kelompok3/newrep/Raion_Internship_Kelompok3
Using Asset Import Pipeline V2.
Refreshing native plugins compatible for Editor in 44.27 ms, found 1 plugins.
Preloading 0 native plugins for Editor in 0.00 ms.
Initialize engine version: 2020.3.0f1 (c7b5465681fb)
[Subsystems] Discovering subsystems at path C:/Program Files/Unity/Hub/Editor/2020.3.0f1/Editor/Data/Resources/UnitySubsystems
[Subsystems] Discovering subsystems at path C:/Unity Projects/Raion_Internship_Kelompok3/newrep/Raion_Internship_Kelompok3/Assets
GfxDevice: creating device client; threaded=0
Direct3D:
    Version:  Direct3D 11.0 [level 11.1]
    Renderer: NVIDIA GeForce RTX 2070 with Max-Q Design (ID=0x1f14)
    Vendor:   
    VRAM:     8031 MB
    Driver:   27.21.14.5730
Initialize mono
Mono path[0] = 'C:/Program Files/Unity/Hub/Editor/2020.3.0f1/Editor/Data/Managed'
Mono path[1] = 'C:/Program Files/Unity/Hub/Editor/2020.3.0f1/Editor/Data/MonoBleedingEdge/lib/mono/unityjit'
Mono config path = 'C:/Program Files/Unity/Hub/Editor/2020.3.0f1/Editor/Data/MonoBleedingEdge/etc'
Using monoOptions --debugger-agent=transport=dt_socket,embedding=1,server=y,suspend=n,address=127.0.0.1:56792
Begin MonoManager ReloadAssembly
Registering precompiled unity dll's ...
Register platform support module: C:/Program Files/Unity/Hub/Editor/2020.3.0f1/Editor/Data/PlaybackEngines/WebGLSupport/UnityEditor.WebGL.Extensions.dll
Register platform support module: C:/Program Files/Unity/Hub/Editor/2020.3.0f1/Editor/Data/PlaybackEngines/WindowsStandaloneSupport/UnityEditor.WindowsStandalone.Extensions.dll
Registered in 0.002068 seconds.
Native extension for WindowsStandalone target not found
Native extension for WebGL target not found
Refreshing native plugins compatible for Editor in 39.95 ms, found 1 plugins.
Preloading 0 native plugins for Editor in 0.00 ms.
Invoked RoslynAnalysisRunner static constructor.
RoslynAnalysisRunner will not be running.
RoslynAnalysisRunner has terminated.
Mono: successfully reloaded assembly
- Completed reload, in  1.479 seconds
Platform modules already initialized, skipping
Registering precompiled user dll's ...
Registered in 0.001160 seconds.
Begin MonoManager ReloadAssembly
Native extension for WindowsStandalone target not found
Native extension for WebGL target not found
Refreshing native plugins compatible for Editor in 37.09 ms, found 1 plugins.
Preloading 0 native plugins for Editor in 0.00 ms.
Invoked RoslynAnalysisRunner static constructor.
RoslynAnalysisRunner will not be running.
RoslynAnalysisRunner has terminated.
Mono: successfully reloaded assembly
- Completed reload, in  0.759 seconds
Platform modules already initialized, skipping
========================================================================
Worker process is ready to serve import requests
Launched and connected shader compiler UnityShaderCompiler.exe after 0.04 seconds
Refreshing native plugins compatible for Editor in 0.72 ms, found 1 plugins.
Preloading 0 native plugins for Editor in 0.00 ms.
Unloading 2099 Unused Serialized files (Serialized files now loaded: 0)
System memory in use before: 96.0 MB.
System memory in use after: 96.1 MB.

Unloading 21 unused Assets to reduce memory usage. Loaded Objects now: 2546.
Total: 2.040200 ms (FindLiveObjects: 0.215400 ms CreateObjectMapping: 0.225800 ms MarkObjects: 1.545400 ms  DeleteObjects: 0.052800 ms)

========================================================================
Received Import Request.
  path: Assets/Slippery.physicsMaterial2D
  artifactKey: Guid(d5cf146a70f63f141af8368a6c15214b) Importer(815301076,1909f56bfc062723c751e8b465ee728b)
Start importing Assets/Slippery.physicsMaterial2D using Guid(d5cf146a70f63f141af8368a6c15214b) Importer(815301076,1909f56bfc062723c751e8b465ee728b)  -> (artifact id: '1965de30b41fb905a1d9a2eca29ef875') in 0.023058 seconds
  Import took 0.025770 seconds .

========================================================================
Received Import Request.
  Time since last request: 11.340550 seconds.
  path: Assets/Slippery.physicsMaterial2D
  artifactKey: Guid(d5cf146a70f63f141af8368a6c15214b) Importer(815301076,1909f56bfc062723c751e8b465ee728b)
Start importing Assets/Slippery.physicsMaterial2D using Guid(d5cf146a70f63f141af8368a6c15214b) Importer(815301076,1909f56bfc062723c751e8b465ee728b)  -> (artifact id: '1965de30b41fb905a1d9a2eca29ef875') in 0.003025 seconds
  Import took 0.006985 seconds .

========================================================================
Received Import Request.
  Time since last request: 26.673613 seconds.
  path: Assets/Scenes/Level1.unity
  artifactKey: Guid(2cda990e2423bbf4892e6590ba056729) Importer(815301076,1909f56bfc062723c751e8b465ee728b)
Start importing Assets/Scenes/Level1.unity using Guid(2cda990e2423bbf4892e6590ba056729) Importer(815301076,1909f56bfc062723c751e8b465ee728b)  -> (artifact id: '095df22e7c387ffc16e03b878cb0659e') in 0.007724 seconds
  Import took 0.010706 seconds .

========================================================================
Received Import Request.
  Time since last request: 0.004780 seconds.
  path: Assets/Scenes/Level1.unity
  artifactKey: Guid(2cda990e2423bbf4892e6590ba056729) Importer(815301076,1909f56bfc062723c751e8b465ee728b)
Start importing Assets/Scenes/Level1.unity using Guid(2cda990e2423bbf4892e6590ba056729) Importer(815301076,1909f56bfc062723c751e8b465ee728b)  -> (artifact id: '095df22e7c387ffc16e03b878cb0659e') in 0.003021 seconds
  Import took 0.006478 seconds .

========================================================================
Received Prepare
Registering precompiled user dll's ...
Registered in 0.001344 seconds.
Begin MonoManager ReloadAssembly
Native extension for WindowsStandalone target not found
Native extension for WebGL target not found
Refreshing native plugins compatible for Editor in 0.69 ms, found 1 plugins.
Preloading 0 native plugins for Editor in 0.00 ms.
Invoked RoslynAnalysisRunner static constructor.
RoslynAnalysisRunner will not be running.
RoslynAnalysisRunner has terminated.
Mono: successfully reloaded assembly
- Completed reload, in  0.728 seconds
Platform modules already initialized, skipping
Refreshing native plugins compatible for Editor in 0.40 ms, found 1 plugins.
Preloading 0 native plugins for Editor in 0.00 ms.
Unloading 2083 Unused Serialized files (Serialized files now loaded: 0)
System memory in use before: 95.1 MB.
System memory in use after: 95.3 MB.

Unloading 9 unused Assets to reduce memory usage. Loaded Objects now: 2550.
Total: 1.674900 ms (FindLiveObjects: 0.201600 ms CreateObjectMapping: 0.103500 ms MarkObjects: 1.355400 ms  DeleteObjects: 0.013600 ms)

========================================================================
Received Import Request.
  Time since last request: 109.640214 seconds.
  path: Assets/Scripts/PlayerMovement.cs
  artifactKey: Guid(238395befea9f534fab63f387a27e89d) Importer(815301076,1909f56bfc062723c751e8b465ee728b)
Start importing Assets/Scripts/PlayerMovement.cs using Guid(238395befea9f534fab63f387a27e89d) Importer(815301076,1909f56bfc062723c751e8b465ee728b)  -> (artifact id: '9511847451c79ec641d9655239b663d2') in 0.017734 seconds
  Import took 0.021447 seconds .

========================================================================
Received Import Request.
  Time since last request: 0.010779 seconds.
  path: Assets/Scripts/PlayerMovement.cs
  artifactKey: Guid(238395befea9f534fab63f387a27e89d) Importer(815301076,1909f56bfc062723c751e8b465ee728b)
Start importing Assets/Scripts/PlayerMovement.cs using Guid(238395befea9f534fab63f387a27e89d) Importer(815301076,1909f56bfc062723c751e8b465ee728b)  -> (artifact id: '9511847451c79ec641d9655239b663d2') in 0.002632 seconds
  Import took 0.005516 seconds .

========================================================================
Received Prepare
Registering precompiled user dll's ...
Registered in 0.001368 seconds.
Begin MonoManager ReloadAssembly
Native extension for WindowsStandalone target not found
Native extension for WebGL target not found
Refreshing native plugins compatible for Editor in 0.41 ms, found 1 plugins.
Preloading 0 native plugins for Editor in 0.00 ms.
Invoked RoslynAnalysisRunner static constructor.
RoslynAnalysisRunner will not be running.
RoslynAnalysisRunner has terminated.
Mono: successfully reloaded assembly
- Completed reload, in  0.728 seconds
Platform modules already initialized, skipping
Refreshing native plugins compatible for Editor in 0.45 ms, found 1 plugins.
Preloading 0 native plugins for Editor in 0.00 ms.
Unloading 2083 Unused Serialized files (Serialized files now loaded: 0)
System memory in use before: 95.2 MB.
System memory in use after: 95.3 MB.

Unloading 9 unused Assets to reduce memory usage. Loaded Objects now: 2554.
Total: 2.125400 ms (FindLiveObjects: 0.364500 ms CreateObjectMapping: 0.150900 ms MarkObjects: 1.594400 ms  DeleteObjects: 0.014500 ms)

========================================================================
Received Prepare
Registering precompiled user dll's ...
Registered in 0.001113 seconds.
Begin MonoManager ReloadAssembly
Native extension for WindowsStandalone target not found
Native extension for WebGL target not found
Refreshing native plugins compatible for Editor in 0.41 ms, found 1 plugins.
Preloading 0 native plugins for Editor in 0.00 ms.
Invoked RoslynAnalysisRunner static constructor.
RoslynAnalysisRunner will not be running.
RoslynAnalysisRunner has terminated.
Mono: successfully reloaded assembly
- Completed reload, in  0.732 seconds
Platform modules already initialized, skipping
Refreshing native plugins compatible for Editor in 0.40 ms, found 1 plugins.
Preloading 0 native plugins for Editor in 0.00 ms.
Unloading 2083 Unused Serialized files (Serialized files now loaded: 0)
System memory in use before: 95.2 MB.
System memory in use after: 95.3 MB.

Unloading 9 unused Assets to reduce memory usage. Loaded Objects now: 2558.
Total: 2.088100 ms (FindLiveObjects: 0.237900 ms CreateObjectMapping: 0.108500 ms MarkObjects: 1.688400 ms  DeleteObjects: 0.052500 ms)

========================================================================
Received Prepare
Registering precompiled user dll's ...
Registered in 0.001123 seconds.
Begin MonoManager ReloadAssembly
Native extension for WindowsStandalone target not found
Native extension for WebGL target not found
Refreshing native plugins compatible for Editor in 0.40 ms, found 1 plugins.
Preloading 0 native plugins for Editor in 0.00 ms.
Invoked RoslynAnalysisRunner static constructor.
RoslynAnalysisRunner will not be running.
RoslynAnalysisRunner has terminated.
Mono: successfully reloaded assembly
- Completed reload, in  0.722 seconds
Platform modules already initialized, skipping
Refreshing native plugins compatible for Editor in 0.40 ms, found 1 plugins.
Preloading 0 native plugins for Editor in 0.00 ms.
Unloading 2083 Unused Serialized files (Serialized files now loaded: 0)
System memory in use before: 95.2 MB.
System memory in use after: 95.3 MB.

Unloading 9 unused Assets to reduce memory usage. Loaded Objects now: 2562.
Total: 1.796100 ms (FindLiveObjects: 0.188800 ms CreateObjectMapping: 0.089700 ms MarkObjects: 1.482700 ms  DeleteObjects: 0.034300 ms)

========================================================================
Received Prepare
Registering precompiled user dll's ...
Registered in 0.001391 seconds.
Begin MonoManager ReloadAssembly
Native extension for WindowsStandalone target not found
Native extension for WebGL target not found
Refreshing native plugins compatible for Editor in 0.40 ms, found 1 plugins.
Preloading 0 native plugins for Editor in 0.00 ms.
Invoked RoslynAnalysisRunner static constructor.
RoslynAnalysisRunner will not be running.
RoslynAnalysisRunner has terminated.
Mono: successfully reloaded assembly
- Completed reload, in  0.714 seconds
Platform modules already initialized, skipping
Refreshing native plugins compatible for Editor in 0.41 ms, found 1 plugins.
Preloading 0 native plugins for Editor in 0.00 ms.
Unloading 2083 Unused Serialized files (Serialized files now loaded: 0)
System memory in use before: 95.2 MB.
System memory in use after: 95.4 MB.

Unloading 9 unused Assets to reduce memory usage. Loaded Objects now: 2566.
Total: 2.449200 ms (FindLiveObjects: 0.325400 ms CreateObjectMapping: 0.223300 ms MarkObjects: 1.885700 ms  DeleteObjects: 0.014000 ms)

========================================================================
Received Prepare
Registering precompiled user dll's ...
Registered in 0.001232 seconds.
Begin MonoManager ReloadAssembly
Native extension for WindowsStandalone target not found
Native extension for WebGL target not found
Refreshing native plugins compatible for Editor in 0.40 ms, found 1 plugins.
Preloading 0 native plugins for Editor in 0.00 ms.
Invoked RoslynAnalysisRunner static constructor.
RoslynAnalysisRunner will not be running.
RoslynAnalysisRunner has terminated.
Mono: successfully reloaded assembly
- Completed reload, in  0.719 seconds
Platform modules already initialized, skipping
Refreshing native plugins compatible for Editor in 0.42 ms, found 1 plugins.
Preloading 0 native plugins for Editor in 0.00 ms.
Unloading 2083 Unused Serialized files (Serialized files now loaded: 0)
System memory in use before: 95.3 MB.
System memory in use after: 95.4 MB.

Unloading 9 unused Assets to reduce memory usage. Loaded Objects now: 2570.
Total: 1.910200 ms (FindLiveObjects: 0.183000 ms CreateObjectMapping: 0.087800 ms MarkObjects: 1.604300 ms  DeleteObjects: 0.034300 ms)

========================================================================
Received Prepare
Registering precompiled user dll's ...
Registered in 0.001289 seconds.
Begin MonoManager ReloadAssembly
Native extension for WindowsStandalone target not found
Native extension for WebGL target not found
Refreshing native plugins compatible for Editor in 0.40 ms, found 1 plugins.
Preloading 0 native plugins for Editor in 0.00 ms.
Invoked RoslynAnalysisRunner static constructor.
RoslynAnalysisRunner will not be running.
RoslynAnalysisRunner has terminated.
Mono: successfully reloaded assembly
- Completed reload, in  0.709 seconds
Platform modules already initialized, skipping
Refreshing native plugins compatible for Editor in 0.40 ms, found 1 plugins.
Preloading 0 native plugins for Editor in 0.00 ms.
Unloading 2083 Unused Serialized files (Serialized files now loaded: 0)
System memory in use before: 95.3 MB.
System memory in use after: 95.4 MB.

Unloading 9 unused Assets to reduce memory usage. Loaded Objects now: 2574.
Total: 2.563100 ms (FindLiveObjects: 0.432100 ms CreateObjectMapping: 0.233700 ms MarkObjects: 1.859600 ms  DeleteObjects: 0.036800 ms)

========================================================================
Received Import Request.
  Time since last request: 369.935386 seconds.
  path: Assets/Art/Raion
  artifactKey: Guid(8dd03e304955afa479b6df76193d517c) Importer(815301076,1909f56bfc062723c751e8b465ee728b)
Start importing Assets/Art/Raion using Guid(8dd03e304955afa479b6df76193d517c) Importer(815301076,1909f56bfc062723c751e8b465ee728b)  -> (artifact id: 'c7568940d31db15fa97c19cb7884a99d') in 0.011580 seconds
  Import took 0.014833 seconds .

========================================================================
Received Import Request.
  Time since last request: 0.071255 seconds.
  path: Assets/Art/Raion/floor.png
  artifactKey: Guid(c8076e11885ff4341b2dbfdef3206655) Importer(815301076,1909f56bfc062723c751e8b465ee728b)
Start importing Assets/Art/Raion/floor.png using Guid(c8076e11885ff4341b2dbfdef3206655) Importer(815301076,1909f56bfc062723c751e8b465ee728b)  -> (artifact id: '6e76ca3774def5c29ceb4c4e16dfe3b5') in 0.198208 seconds
  Import took 0.202382 seconds .

========================================================================
Received Import Request.
  Time since last request: 0.000187 seconds.
  path: Assets/Art/Raion/Kamar.prefab
  artifactKey: Guid(da2e5ade70018c04ab4a97b3b2faaea9) Importer(815301076,1909f56bfc062723c751e8b465ee728b)
Start importing Assets/Art/Raion/Kamar.prefab using Guid(da2e5ade70018c04ab4a97b3b2faaea9) Importer(815301076,1909f56bfc062723c751e8b465ee728b)  -> (artifact id: 'e06d15d71a0f816c5a6087083b9dfbd9') in 0.013905 seconds
  Import took 0.016907 seconds .

========================================================================
Received Import Request.
  Time since last request: 0.000217 seconds.
  path: Assets/Art/Raion/tembok.png
  artifactKey: Guid(0f98394fe1745804f9c259d31e63f70c) Importer(815301076,1909f56bfc062723c751e8b465ee728b)
Start importing Assets/Art/Raion/tembok.png using Guid(0f98394fe1745804f9c259d31e63f70c) Importer(815301076,1909f56bfc062723c751e8b465ee728b)  -> (artifact id: 'dd2376e4c886e45baba638f901c9b179') in 0.097300 seconds
  Import took 0.100885 seconds .

========================================================================
Received Import Request.
  Time since last request: 0.000142 seconds.
  path: Assets/Art/Raion/kamar.png
  artifactKey: Guid(8674a4df682dd9941889c5bc7af1bf3c) Importer(815301076,1909f56bfc062723c751e8b465ee728b)
Start importing Assets/Art/Raion/kamar.png using Guid(8674a4df682dd9941889c5bc7af1bf3c) Importer(815301076,1909f56bfc062723c751e8b465ee728b)  -> (artifact id: 'de8824144a48a69e9ed7cabcfd224930') in 0.018599 seconds
  Import took 0.021630 seconds .

========================================================================
Received Import Request.
  Time since last request: 0.000152 seconds.
  path: Assets/Art/Raion/perabot kamar.png
  artifactKey: Guid(3db451c5078515a4bb539658fc14fe79) Importer(815301076,1909f56bfc062723c751e8b465ee728b)
Start importing Assets/Art/Raion/perabot kamar.png using Guid(3db451c5078515a4bb539658fc14fe79) Importer(815301076,1909f56bfc062723c751e8b465ee728b)  -> (artifact id: '9e4a3fda6e0ce5a2c001ff2b5dbd55c5') in 0.078422 seconds
  Import took 0.081257 seconds .

========================================================================
Received Import Request.
  Time since last request: 0.000136 seconds.
  path: Assets/Art/Raion/floor_57.asset
  artifactKey: Guid(62cf1067b641ace4486006abc54b693b) Importer(815301076,1909f56bfc062723c751e8b465ee728b)
Start importing Assets/Art/Raion/floor_57.asset using Guid(62cf1067b641ace4486006abc54b693b) Importer(815301076,1909f56bfc062723c751e8b465ee728b)  -> (artifact id: '062acbfb2dabee4358f2694ef3ad23a4') in 0.056601 seconds
  Import took 0.059320 seconds .

========================================================================
Received Import Request.
  Time since last request: 0.000136 seconds.
  path: Assets/Art/Raion/tempat tidur.png
  artifactKey: Guid(a91dec1be86b4034fbe9da29088d34b8) Importer(815301076,1909f56bfc062723c751e8b465ee728b)
Start importing Assets/Art/Raion/tempat tidur.png using Guid(a91dec1be86b4034fbe9da29088d34b8) Importer(815301076,1909f56bfc062723c751e8b465ee728b)  -> (artifact id: '677c231436509ead32536133960627f6') in 0.050195 seconds
  Import took 0.053008 seconds .

========================================================================
Received Import Request.
  Time since last request: 7.914627 seconds.
  path: Assets/Art/Raion/idle,jmp,run.png
  artifactKey: Guid(3d1734eb5c1526d4c95289a7b08371e4) Importer(815301076,1909f56bfc062723c751e8b465ee728b)
Start importing Assets/Art/Raion/idle,jmp,run.png using Guid(3d1734eb5c1526d4c95289a7b08371e4) Importer(815301076,1909f56bfc062723c751e8b465ee728b)  -> (artifact id: 'bbee4b810fcb7642588c12c00c164592') in 0.022647 seconds
  Import took 0.025512 seconds .

========================================================================
Received Import Request.
  Time since last request: 7.455087 seconds.
  path: Assets/Art/Raion/idle,jmp,run.png
  artifactKey: Guid(3d1734eb5c1526d4c95289a7b08371e4) Importer(815301076,1909f56bfc062723c751e8b465ee728b)
Start importing Assets/Art/Raion/idle,jmp,run.png using Guid(3d1734eb5c1526d4c95289a7b08371e4) Importer(815301076,1909f56bfc062723c751e8b465ee728b)  -> (artifact id: '01ec95edd2fa8d10714713894d0e3045') in 0.012105 seconds
  Import took 0.015314 seconds .

========================================================================
Received Import Request.
  Time since last request: 12.297691 seconds.
  path: Assets/Art/Raion/idle,jmp,run.png
  artifactKey: Guid(3d1734eb5c1526d4c95289a7b08371e4) Importer(815301076,1909f56bfc062723c751e8b465ee728b)
Start importing Assets/Art/Raion/idle,jmp,run.png using Guid(3d1734eb5c1526d4c95289a7b08371e4) Importer(815301076,1909f56bfc062723c751e8b465ee728b)  -> (artifact id: '60768f581cab86f72d87c572673ac16f') in 0.030546 seconds
  Import took 0.033511 seconds .

========================================================================
Received Import Request.
  Time since last request: 97.336807 seconds.
  path: Assets/Animations/Player_Idle.anim
  artifactKey: Guid(07afc859a561ac54f90dbfb8bdf465ce) Importer(815301076,1909f56bfc062723c751e8b465ee728b)
Start importing Assets/Animations/Player_Idle.anim using Guid(07afc859a561ac54f90dbfb8bdf465ce) Importer(815301076,1909f56bfc062723c751e8b465ee728b)  -> (artifact id: 'f7e46016d9187e6e52ebeec1cf5648d8') in 0.008444 seconds
  Import took 0.011338 seconds .

========================================================================
Received Import Request.
  Time since last request: 0.000912 seconds.
  path: Assets/Animations/Player_Idle.anim
  artifactKey: Guid(07afc859a561ac54f90dbfb8bdf465ce) Importer(815301076,1909f56bfc062723c751e8b465ee728b)
Start importing Assets/Animations/Player_Idle.anim using Guid(07afc859a561ac54f90dbfb8bdf465ce) Importer(815301076,1909f56bfc062723c751e8b465ee728b)  -> (artifact id: 'f7e46016d9187e6e52ebeec1cf5648d8') in 0.002474 seconds
  Import took 0.005571 seconds .

========================================================================
Received Import Request.
  Time since last request: 6.352218 seconds.
  path: Assets/Art/Sunnyland/artwork/Sprites/player/idle/player-idle-1.png
  artifactKey: Guid(72de0c64f2c6a498096698322c976a67) Importer(815301076,1909f56bfc062723c751e8b465ee728b)
Start importing Assets/Art/Sunnyland/artwork/Sprites/player/idle/player-idle-1.png using Guid(72de0c64f2c6a498096698322c976a67) Importer(815301076,1909f56bfc062723c751e8b465ee728b)  -> (artifact id: '17185cfa19472c691f27e7beb72f61a4') in 0.021316 seconds
  Import took 0.024527 seconds .

========================================================================
Received Import Request.
  Time since last request: 0.000202 seconds.
  path: Assets/Art/Sunnyland/artwork/Sprites/player/idle/player-idle-4.png
  artifactKey: Guid(8bc3c2c2a565342aab778fd8e874313a) Importer(815301076,1909f56bfc062723c751e8b465ee728b)
Start importing Assets/Art/Sunnyland/artwork/Sprites/player/idle/player-idle-4.png using Guid(8bc3c2c2a565342aab778fd8e874313a) Importer(815301076,1909f56bfc062723c751e8b465ee728b)  -> (artifact id: 'e238d5414081b2116b378325c3622ffb') in 0.019871 seconds
  Import took 0.022358 seconds .

========================================================================
Received Import Request.
  Time since last request: 0.000164 seconds.
  path: Assets/Art/Sunnyland/artwork/Sprites/player/idle/player-idle-1.png
  artifactKey: Guid(72de0c64f2c6a498096698322c976a67) Importer(815301076,1909f56bfc062723c751e8b465ee728b)
Start importing Assets/Art/Sunnyland/artwork/Sprites/player/idle/player-idle-1.png using Guid(72de0c64f2c6a498096698322c976a67) Importer(815301076,1909f56bfc062723c751e8b465ee728b)  -> (artifact id: '17185cfa19472c691f27e7beb72f61a4') in 0.006299 seconds
  Import took 0.009365 seconds .

========================================================================
Received Import Request.
  Time since last request: 0.000132 seconds.
  path: Assets/Art/Sunnyland/artwork/Sprites/player/idle/player-idle-3.png
  artifactKey: Guid(077f0469c420a4365bc67943783293df) Importer(815301076,1909f56bfc062723c751e8b465ee728b)
Start importing Assets/Art/Sunnyland/artwork/Sprites/player/idle/player-idle-3.png using Guid(077f0469c420a4365bc67943783293df) Importer(815301076,1909f56bfc062723c751e8b465ee728b)  -> (artifact id: 'fcefaf01c2f782d61605160220902922') in 0.017289 seconds
  Import took 0.020577 seconds .

========================================================================
Received Import Request.
  Time since last request: 0.000157 seconds.
  path: Assets/Art/Sunnyland/artwork/Sprites/player/idle/player-idle-2.png
  artifactKey: Guid(c8a742c1f2ebb43b9afe34a47304c051) Importer(815301076,1909f56bfc062723c751e8b465ee728b)
Start importing Assets/Art/Sunnyland/artwork/Sprites/player/idle/player-idle-2.png using Guid(c8a742c1f2ebb43b9afe34a47304c051) Importer(815301076,1909f56bfc062723c751e8b465ee728b)  -> (artifact id: '8e5871f2b54375465b9204ae58700213') in 0.009450 seconds
  Import took 0.012896 seconds .

========================================================================
Received Import Request.
  Time since last request: 0.004592 seconds.
  path: Assets/Art/Sunnyland/artwork/Sprites/player/idle/player-idle-3.png
  artifactKey: Guid(077f0469c420a4365bc67943783293df) Importer(815301076,1909f56bfc062723c751e8b465ee728b)
Start importing Assets/Art/Sunnyland/artwork/Sprites/player/idle/player-idle-3.png using Guid(077f0469c420a4365bc67943783293df) Importer(815301076,1909f56bfc062723c751e8b465ee728b)  -> (artifact id: 'fcefaf01c2f782d61605160220902922') in 0.007077 seconds
  Import took 0.010794 seconds .

========================================================================
Received Import Request.
  Time since last request: 35.329143 seconds.
  path: Assets/Art/Sunnyland/artwork/Sprites/player/jump/player-jump-1.png
  artifactKey: Guid(e2976d09b53264ffbbb9210a1ae1dcc0) Importer(815301076,1909f56bfc062723c751e8b465ee728b)
Start importing Assets/Art/Sunnyland/artwork/Sprites/player/jump/player-jump-1.png using Guid(e2976d09b53264ffbbb9210a1ae1dcc0) Importer(815301076,1909f56bfc062723c751e8b465ee728b)  -> (artifact id: '9ec7435ea49e4b0f45b38fe05734d6ab') in 0.015794 seconds
  Import took 0.019573 seconds .

========================================================================
Received Import Request.
  Time since last request: 0.000168 seconds.
  path: Assets/Art/Sunnyland/artwork/Sprites/player/jump/player-jump-2.png
  artifactKey: Guid(598fb1767626f42e992bb9c2769d86ea) Importer(815301076,1909f56bfc062723c751e8b465ee728b)
Start importing Assets/Art/Sunnyland/artwork/Sprites/player/jump/player-jump-2.png using Guid(598fb1767626f42e992bb9c2769d86ea) Importer(815301076,1909f56bfc062723c751e8b465ee728b)  -> (artifact id: '9d30b3076fed4b0e799dd4a3147c745b') in 0.017364 seconds
  Import took 0.020497 seconds .

========================================================================
Received Import Request.
  Time since last request: 15.782628 seconds.
  path: Assets/Art/Sunnyland/artwork/Sprites/player/run/player-run-1.png
  artifactKey: Guid(8afd73b29f8e34c70b0db80184b8cc7f) Importer(815301076,1909f56bfc062723c751e8b465ee728b)
Start importing Assets/Art/Sunnyland/artwork/Sprites/player/run/player-run-1.png using Guid(8afd73b29f8e34c70b0db80184b8cc7f) Importer(815301076,1909f56bfc062723c751e8b465ee728b)  -> (artifact id: '76e344a8165983f2fc7d6dd2985de589') in 0.024850 seconds
  Import took 0.028617 seconds .

========================================================================
Received Import Request.
  Time since last request: 0.000164 seconds.
  path: Assets/Art/Sunnyland/artwork/Sprites/player/run/player-run-3.png
  artifactKey: Guid(3f59d4fdf4fe04ab79f11dadde82fe8c) Importer(815301076,1909f56bfc062723c751e8b465ee728b)
Start importing Assets/Art/Sunnyland/artwork/Sprites/player/run/player-run-3.png using Guid(3f59d4fdf4fe04ab79f11dadde82fe8c) Importer(815301076,1909f56bfc062723c751e8b465ee728b)  -> (artifact id: 'a84c5454988e151afe722870f65f8b1c') in 0.020898 seconds
  Import took 0.024171 seconds .

========================================================================
Received Import Request.
  Time since last request: 0.000185 seconds.
  path: Assets/Art/Sunnyland/artwork/Sprites/player/run/player-run-1.png
  artifactKey: Guid(8afd73b29f8e34c70b0db80184b8cc7f) Importer(815301076,1909f56bfc062723c751e8b465ee728b)
Start importing Assets/Art/Sunnyland/artwork/Sprites/player/run/player-run-1.png using Guid(8afd73b29f8e34c70b0db80184b8cc7f) Importer(815301076,1909f56bfc062723c751e8b465ee728b)  -> (artifact id: '76e344a8165983f2fc7d6dd2985de589') in 0.013892 seconds
  Import took 0.017160 seconds .

========================================================================
Received Import Request.
  Time since last request: 0.000201 seconds.
  path: Assets/Art/Sunnyland/artwork/Sprites/player/run/player-run-5.png
  artifactKey: Guid(f58cc0961cc9146ca9780a0cb1327e5d) Importer(815301076,1909f56bfc062723c751e8b465ee728b)
Start importing Assets/Art/Sunnyland/artwork/Sprites/player/run/player-run-5.png using Guid(f58cc0961cc9146ca9780a0cb1327e5d) Importer(815301076,1909f56bfc062723c751e8b465ee728b)  -> (artifact id: '6a074935da9bea11f40810ed8f8c9bb4') in 0.018571 seconds
  Import took 0.022340 seconds .

========================================================================
Received Import Request.
  Time since last request: 0.000208 seconds.
  path: Assets/Art/Sunnyland/artwork/Sprites/player/run/player-run-4.png
  artifactKey: Guid(bc3fcf1d561104bea933686de6bade4b) Importer(815301076,1909f56bfc062723c751e8b465ee728b)
Start importing Assets/Art/Sunnyland/artwork/Sprites/player/run/player-run-4.png using Guid(bc3fcf1d561104bea933686de6bade4b) Importer(815301076,1909f56bfc062723c751e8b465ee728b)  -> (artifact id: 'a93a02053aa2e041718d5a138460a571') in 0.021127 seconds
  Import took 0.024147 seconds .

========================================================================
Received Import Request.
  Time since last request: 0.000129 seconds.
  path: Assets/Art/Sunnyland/artwork/Sprites/player/run/player-run-2.png
  artifactKey: Guid(d094cf6ac3d8a4d0bbbef5d6d6ad3eed) Importer(815301076,1909f56bfc062723c751e8b465ee728b)
Start importing Assets/Art/Sunnyland/artwork/Sprites/player/run/player-run-2.png using Guid(d094cf6ac3d8a4d0bbbef5d6d6ad3eed) Importer(815301076,1909f56bfc062723c751e8b465ee728b)  -> (artifact id: '0d4ba5a5bfe49e9174dc33eedc25db4d') in 0.016156 seconds
  Import took 0.019386 seconds .

========================================================================
Received Import Request.
  Time since last request: 0.000210 seconds.
  path: Assets/Art/Sunnyland/artwork/Sprites/player/run/player-run-6.png
  artifactKey: Guid(af314424f59d946469a97f398e8de53f) Importer(815301076,1909f56bfc062723c751e8b465ee728b)
Start importing Assets/Art/Sunnyland/artwork/Sprites/player/run/player-run-6.png using Guid(af314424f59d946469a97f398e8de53f) Importer(815301076,1909f56bfc062723c751e8b465ee728b)  -> (artifact id: '5d36d1e236b9f80610f6ac793df493fc') in 0.020920 seconds
  Import took 0.023926 seconds .

========================================================================
Received Import Request.
  Time since last request: 0.000137 seconds.
  path: Assets/Art/Sunnyland/artwork/Sprites/player/run/player-run-4.png
  artifactKey: Guid(bc3fcf1d561104bea933686de6bade4b) Importer(815301076,1909f56bfc062723c751e8b465ee728b)
Start importing Assets/Art/Sunnyland/artwork/Sprites/player/run/player-run-4.png using Guid(bc3fcf1d561104bea933686de6bade4b) Importer(815301076,1909f56bfc062723c751e8b465ee728b)  -> (artifact id: 'a93a02053aa2e041718d5a138460a571') in 0.024054 seconds
  Import took 0.026800 seconds .

========================================================================
Received Import Request.
  Time since last request: 0.000139 seconds.
  path: Assets/Art/Sunnyland/artwork/Sprites/player/run/player-run-6.png
  artifactKey: Guid(af314424f59d946469a97f398e8de53f) Importer(815301076,1909f56bfc062723c751e8b465ee728b)
Start importing Assets/Art/Sunnyland/artwork/Sprites/player/run/player-run-6.png using Guid(af314424f59d946469a97f398e8de53f) Importer(815301076,1909f56bfc062723c751e8b465ee728b)  -> (artifact id: '5d36d1e236b9f80610f6ac793df493fc') in 0.008688 seconds
  Import took 0.011780 seconds .

========================================================================
Received Prepare
Registering precompiled user dll's ...
Registered in 0.001124 seconds.
Begin MonoManager ReloadAssembly
Native extension for WindowsStandalone target not found
Native extension for WebGL target not found
Refreshing native plugins compatible for Editor in 0.43 ms, found 1 plugins.
Preloading 0 native plugins for Editor in 0.00 ms.
Invoked RoslynAnalysisRunner static constructor.
RoslynAnalysisRunner will not be running.
RoslynAnalysisRunner has terminated.
Mono: successfully reloaded assembly
- Completed reload, in  0.691 seconds
Platform modules already initialized, skipping
Refreshing native plugins compatible for Editor in 0.43 ms, found 1 plugins.
Preloading 0 native plugins for Editor in 0.00 ms.
Unloading 2083 Unused Serialized files (Serialized files now loaded: 0)
System memory in use before: 98.5 MB.
System memory in use after: 98.6 MB.

Unloading 9 unused Assets to reduce memory usage. Loaded Objects now: 2611.
Total: 2.310500 ms (FindLiveObjects: 0.342500 ms CreateObjectMapping: 0.120000 ms MarkObjects: 1.797200 ms  DeleteObjects: 0.050000 ms)

========================================================================
Received Prepare
Registering precompiled user dll's ...
Registered in 0.001246 seconds.
Begin MonoManager ReloadAssembly
Native extension for WindowsStandalone target not found
Native extension for WebGL target not found
Refreshing native plugins compatible for Editor in 0.50 ms, found 1 plugins.
Preloading 0 native plugins for Editor in 0.00 ms.
Invoked RoslynAnalysisRunner static constructor.
RoslynAnalysisRunner will not be running.
RoslynAnalysisRunner has terminated.
Mono: successfully reloaded assembly
- Completed reload, in  0.696 seconds
Platform modules already initialized, skipping
Refreshing native plugins compatible for Editor in 0.42 ms, found 1 plugins.
Preloading 0 native plugins for Editor in 0.00 ms.
Unloading 2083 Unused Serialized files (Serialized files now loaded: 0)
System memory in use before: 98.5 MB.
System memory in use after: 98.6 MB.

Unloading 9 unused Assets to reduce memory usage. Loaded Objects now: 2615.
Total: 1.765700 ms (FindLiveObjects: 0.250600 ms CreateObjectMapping: 0.115800 ms MarkObjects: 1.385700 ms  DeleteObjects: 0.012100 ms)

========================================================================
Received Prepare
Registering precompiled user dll's ...
Registered in 0.001100 seconds.
Begin MonoManager ReloadAssembly
Native extension for WindowsStandalone target not found
Native extension for WebGL target not found
Refreshing native plugins compatible for Editor in 0.50 ms, found 1 plugins.
Preloading 0 native plugins for Editor in 0.00 ms.
Invoked RoslynAnalysisRunner static constructor.
RoslynAnalysisRunner will not be running.
RoslynAnalysisRunner has terminated.
Mono: successfully reloaded assembly
- Completed reload, in  0.704 seconds
Platform modules already initialized, skipping
Refreshing native plugins compatible for Editor in 0.41 ms, found 1 plugins.
Preloading 0 native plugins for Editor in 0.00 ms.
Unloading 2083 Unused Serialized files (Serialized files now loaded: 0)
System memory in use before: 98.5 MB.
System memory in use after: 98.6 MB.

Unloading 9 unused Assets to reduce memory usage. Loaded Objects now: 2619.
Total: 2.061400 ms (FindLiveObjects: 0.270300 ms CreateObjectMapping: 0.099800 ms MarkObjects: 1.654200 ms  DeleteObjects: 0.036100 ms)

========================================================================
Received Prepare
Registering precompiled user dll's ...
Registered in 0.001263 seconds.
Begin MonoManager ReloadAssembly
Native extension for WindowsStandalone target not found
Native extension for WebGL target not found
Refreshing native plugins compatible for Editor in 0.42 ms, found 1 plugins.
Preloading 0 native plugins for Editor in 0.00 ms.
Invoked RoslynAnalysisRunner static constructor.
RoslynAnalysisRunner will not be running.
RoslynAnalysisRunner has terminated.
Mono: successfully reloaded assembly
- Completed reload, in  0.705 seconds
Platform modules already initialized, skipping
Refreshing native plugins compatible for Editor in 0.41 ms, found 1 plugins.
Preloading 0 native plugins for Editor in 0.00 ms.
Unloading 2083 Unused Serialized files (Serialized files now loaded: 0)
System memory in use before: 98.5 MB.
System memory in use after: 98.6 MB.

Unloading 9 unused Assets to reduce memory usage. Loaded Objects now: 2623.
Total: 1.763100 ms (FindLiveObjects: 0.235300 ms CreateObjectMapping: 0.105200 ms MarkObjects: 1.409800 ms  DeleteObjects: 0.012100 ms)

========================================================================
Received Import Request.
  Time since last request: 553.834784 seconds.
  path: Assets/Animations/Player.controller
  artifactKey: Guid(bd0db74b2d0942548bfa7873e7ad6c52) Importer(815301076,1909f56bfc062723c751e8b465ee728b)
Start importing Assets/Animations/Player.controller using Guid(bd0db74b2d0942548bfa7873e7ad6c52) Importer(815301076,1909f56bfc062723c751e8b465ee728b)  -> (artifact id: 'd70198db5272b75bbc49bdf79003d449') in 0.022022 seconds
  Import took 0.025646 seconds .

========================================================================
Received Prepare
Registering precompiled user dll's ...
Registered in 0.001815 seconds.
Begin MonoManager ReloadAssembly
Native extension for WindowsStandalone target not found
Native extension for WebGL target not found
Refreshing native plugins compatible for Editor in 0.43 ms, found 1 plugins.
Preloading 0 native plugins for Editor in 0.00 ms.
Invoked RoslynAnalysisRunner static constructor.
RoslynAnalysisRunner will not be running.
RoslynAnalysisRunner has terminated.
Mono: successfully reloaded assembly
- Completed reload, in  0.715 seconds
Platform modules already initialized, skipping
Refreshing native plugins compatible for Editor in 0.40 ms, found 1 plugins.
Preloading 0 native plugins for Editor in 0.00 ms.
Unloading 2083 Unused Serialized files (Serialized files now loaded: 0)
System memory in use before: 98.5 MB.
System memory in use after: 98.6 MB.

Unloading 9 unused Assets to reduce memory usage. Loaded Objects now: 2627.
Total: 2.066500 ms (FindLiveObjects: 0.392600 ms CreateObjectMapping: 0.189000 ms MarkObjects: 1.451900 ms  DeleteObjects: 0.032300 ms)

========================================================================
Received Prepare
Registering precompiled user dll's ...
Registered in 0.001189 seconds.
Begin MonoManager ReloadAssembly
Native extension for WindowsStandalone target not found
Native extension for WebGL target not found
Refreshing native plugins compatible for Editor in 0.42 ms, found 1 plugins.
Preloading 0 native plugins for Editor in 0.00 ms.
Invoked RoslynAnalysisRunner static constructor.
RoslynAnalysisRunner will not be running.
RoslynAnalysisRunner has terminated.
Mono: successfully reloaded assembly
- Completed reload, in  0.726 seconds
Platform modules already initialized, skipping
Refreshing native plugins compatible for Editor in 0.41 ms, found 1 plugins.
Preloading 0 native plugins for Editor in 0.00 ms.
Unloading 2083 Unused Serialized files (Serialized files now loaded: 0)
System memory in use before: 98.5 MB.
System memory in use after: 98.6 MB.

Unloading 9 unused Assets to reduce memory usage. Loaded Objects now: 2631.
Total: 1.939500 ms (FindLiveObjects: 0.204200 ms CreateObjectMapping: 0.116400 ms MarkObjects: 1.605100 ms  DeleteObjects: 0.012900 ms)

========================================================================
Received Prepare
Registering precompiled user dll's ...
Registered in 0.001213 seconds.
Begin MonoManager ReloadAssembly
Native extension for WindowsStandalone target not found
Native extension for WebGL target not found
Refreshing native plugins compatible for Editor in 0.46 ms, found 1 plugins.
Preloading 0 native plugins for Editor in 0.00 ms.
Invoked RoslynAnalysisRunner static constructor.
RoslynAnalysisRunner will not be running.
RoslynAnalysisRunner has terminated.
Mono: successfully reloaded assembly
- Completed reload, in  0.713 seconds
Platform modules already initialized, skipping
Refreshing native plugins compatible for Editor in 0.41 ms, found 1 plugins.
Preloading 0 native plugins for Editor in 0.00 ms.
Unloading 2083 Unused Serialized files (Serialized files now loaded: 0)
System memory in use before: 98.5 MB.
System memory in use after: 98.6 MB.

Unloading 9 unused Assets to reduce memory usage. Loaded Objects now: 2635.
Total: 1.761400 ms (FindLiveObjects: 0.315500 ms CreateObjectMapping: 0.095600 ms MarkObjects: 1.337800 ms  DeleteObjects: 0.011900 ms)

========================================================================
Received Prepare
Registering precompiled user dll's ...
Registered in 0.001579 seconds.
Begin MonoManager ReloadAssembly
Native extension for WindowsStandalone target not found
Native extension for WebGL target not found
Refreshing native plugins compatible for Editor in 0.46 ms, found 1 plugins.
Preloading 0 native plugins for Editor in 0.00 ms.
Invoked RoslynAnalysisRunner static constructor.
RoslynAnalysisRunner will not be running.
RoslynAnalysisRunner has terminated.
Mono: successfully reloaded assembly
- Completed reload, in  0.700 seconds
Platform modules already initialized, skipping
Refreshing native plugins compatible for Editor in 0.41 ms, found 1 plugins.
Preloading 0 native plugins for Editor in 0.00 ms.
Unloading 2083 Unused Serialized files (Serialized files now loaded: 0)
System memory in use before: 98.5 MB.
System memory in use after: 98.7 MB.

Unloading 9 unused Assets to reduce memory usage. Loaded Objects now: 2639.
Total: 2.075600 ms (FindLiveObjects: 0.213600 ms CreateObjectMapping: 0.126500 ms MarkObjects: 1.699300 ms  DeleteObjects: 0.035100 ms)

========================================================================
Received Import Request.
  Time since last request: 351.580112 seconds.
  path: Assets/Animations/Player_Crouch.anim
  artifactKey: Guid(8b58ac75256b6994a9b6dc486a140f1c) Importer(815301076,1909f56bfc062723c751e8b465ee728b)
Start importing Assets/Animations/Player_Crouch.anim using Guid(8b58ac75256b6994a9b6dc486a140f1c) Importer(815301076,1909f56bfc062723c751e8b465ee728b)  -> (artifact id: '889ac3d96c7974034e99cfefb0f7bb99') in 0.016944 seconds
  Import took 0.020590 seconds .

========================================================================
Received Import Request.
  Time since last request: 0.007059 seconds.
  path: Assets/Animations/Player_Crouch.anim
  artifactKey: Guid(8b58ac75256b6994a9b6dc486a140f1c) Importer(815301076,1909f56bfc062723c751e8b465ee728b)
Start importing Assets/Animations/Player_Crouch.anim using Guid(8b58ac75256b6994a9b6dc486a140f1c) Importer(815301076,1909f56bfc062723c751e8b465ee728b)  -> (artifact id: '889ac3d96c7974034e99cfefb0f7bb99') in 0.003703 seconds
  Import took 0.006979 seconds .

========================================================================
Received Prepare
Registering precompiled user dll's ...
Registered in 0.001192 seconds.
Begin MonoManager ReloadAssembly
Native extension for WindowsStandalone target not found
Native extension for WebGL target not found
Refreshing native plugins compatible for Editor in 0.41 ms, found 1 plugins.
Preloading 0 native plugins for Editor in 0.00 ms.
Invoked RoslynAnalysisRunner static constructor.
RoslynAnalysisRunner will not be running.
RoslynAnalysisRunner has terminated.
Mono: successfully reloaded assembly
- Completed reload, in  0.713 seconds
Platform modules already initialized, skipping
Refreshing native plugins compatible for Editor in 0.40 ms, found 1 plugins.
Preloading 0 native plugins for Editor in 0.00 ms.
Unloading 2083 Unused Serialized files (Serialized files now loaded: 0)
System memory in use before: 98.5 MB.
System memory in use after: 98.7 MB.

Unloading 9 unused Assets to reduce memory usage. Loaded Objects now: 2643.
Total: 1.978600 ms (FindLiveObjects: 0.329000 ms CreateObjectMapping: 0.181400 ms MarkObjects: 1.455000 ms  DeleteObjects: 0.012200 ms)

========================================================================
Received Prepare
Registering precompiled user dll's ...
Registered in 0.001253 seconds.
Begin MonoManager ReloadAssembly
Native extension for WindowsStandalone target not found
Native extension for WebGL target not found
Refreshing native plugins compatible for Editor in 0.50 ms, found 1 plugins.
Preloading 0 native plugins for Editor in 0.00 ms.
Invoked RoslynAnalysisRunner static constructor.
RoslynAnalysisRunner will not be running.
RoslynAnalysisRunner has terminated.
Mono: successfully reloaded assembly
- Completed reload, in  0.726 seconds
Platform modules already initialized, skipping
Refreshing native plugins compatible for Editor in 0.41 ms, found 1 plugins.
Preloading 0 native plugins for Editor in 0.00 ms.
Unloading 2083 Unused Serialized files (Serialized files now loaded: 0)
System memory in use before: 98.5 MB.
System memory in use after: 98.7 MB.

Unloading 9 unused Assets to reduce memory usage. Loaded Objects now: 2647.
Total: 2.260800 ms (FindLiveObjects: 0.303400 ms CreateObjectMapping: 0.157300 ms MarkObjects: 1.760600 ms  DeleteObjects: 0.038400 ms)

========================================================================
Received Prepare
Registering precompiled user dll's ...
Registered in 0.001207 seconds.
Begin MonoManager ReloadAssembly
Native extension for WindowsStandalone target not found
Native extension for WebGL target not found
Refreshing native plugins compatible for Editor in 0.43 ms, found 1 plugins.
Preloading 0 native plugins for Editor in 0.00 ms.
Invoked RoslynAnalysisRunner static constructor.
RoslynAnalysisRunner will not be running.
RoslynAnalysisRunner has terminated.
Mono: successfully reloaded assembly
- Completed reload, in  0.713 seconds
Platform modules already initialized, skipping
Refreshing native plugins compatible for Editor in 0.42 ms, found 1 plugins.
Preloading 0 native plugins for Editor in 0.00 ms.
Unloading 2083 Unused Serialized files (Serialized files now loaded: 0)
System memory in use before: 98.6 MB.
System memory in use after: 98.7 MB.

Unloading 9 unused Assets to reduce memory usage. Loaded Objects now: 2651.
Total: 2.166500 ms (FindLiveObjects: 0.287800 ms CreateObjectMapping: 0.114700 ms MarkObjects: 1.747000 ms  DeleteObjects: 0.015700 ms)

========================================================================
Received Prepare
Registering precompiled user dll's ...
Registered in 0.001453 seconds.
Begin MonoManager ReloadAssembly
Native extension for WindowsStandalone target not found
Native extension for WebGL target not found
Refreshing native plugins compatible for Editor in 0.42 ms, found 1 plugins.
Preloading 0 native plugins for Editor in 0.00 ms.
Invoked RoslynAnalysisRunner static constructor.
RoslynAnalysisRunner will not be running.
RoslynAnalysisRunner has terminated.
Mono: successfully reloaded assembly
- Completed reload, in  0.735 seconds
Platform modules already initialized, skipping
Refreshing native plugins compatible for Editor in 0.39 ms, found 1 plugins.
Preloading 0 native plugins for Editor in 0.00 ms.
Unloading 2083 Unused Serialized files (Serialized files now loaded: 0)
System memory in use before: 98.6 MB.
System memory in use after: 98.7 MB.

Unloading 9 unused Assets to reduce memory usage. Loaded Objects now: 2655.
Total: 1.778200 ms (FindLiveObjects: 0.282300 ms CreateObjectMapping: 0.129500 ms MarkObjects: 1.334300 ms  DeleteObjects: 0.031200 ms)

========================================================================
Received Prepare
Registering precompiled user dll's ...
Registered in 0.001144 seconds.
Begin MonoManager ReloadAssembly
Native extension for WindowsStandalone target not found
Native extension for WebGL target not found
Refreshing native plugins compatible for Editor in 0.46 ms, found 1 plugins.
Preloading 0 native plugins for Editor in 0.00 ms.
Invoked RoslynAnalysisRunner static constructor.
RoslynAnalysisRunner will not be running.
RoslynAnalysisRunner has terminated.
Mono: successfully reloaded assembly
- Completed reload, in  0.698 seconds
Platform modules already initialized, skipping
Refreshing native plugins compatible for Editor in 0.42 ms, found 1 plugins.
Preloading 0 native plugins for Editor in 0.00 ms.
Unloading 2083 Unused Serialized files (Serialized files now loaded: 0)
System memory in use before: 98.6 MB.
System memory in use after: 98.7 MB.

Unloading 9 unused Assets to reduce memory usage. Loaded Objects now: 2659.
Total: 1.644600 ms (FindLiveObjects: 0.196300 ms CreateObjectMapping: 0.093700 ms MarkObjects: 1.321700 ms  DeleteObjects: 0.012400 ms)

========================================================================
Received Prepare
Registering precompiled user dll's ...
Registered in 0.001371 seconds.
Begin MonoManager ReloadAssembly
Native extension for WindowsStandalone target not found
Native extension for WebGL target not found
Refreshing native plugins compatible for Editor in 0.42 ms, found 1 plugins.
Preloading 0 native plugins for Editor in 0.00 ms.
Invoked RoslynAnalysisRunner static constructor.
RoslynAnalysisRunner will not be running.
RoslynAnalysisRunner has terminated.
Mono: successfully reloaded assembly
- Completed reload, in  0.713 seconds
Platform modules already initialized, skipping
Refreshing native plugins compatible for Editor in 0.64 ms, found 1 plugins.
Preloading 0 native plugins for Editor in 0.00 ms.
Unloading 2083 Unused Serialized files (Serialized files now loaded: 0)
System memory in use before: 98.6 MB.
System memory in use after: 98.7 MB.

Unloading 9 unused Assets to reduce memory usage. Loaded Objects now: 2663.
Total: 3.297300 ms (FindLiveObjects: 0.215300 ms CreateObjectMapping: 0.103100 ms MarkObjects: 2.960400 ms  DeleteObjects: 0.017300 ms)

========================================================================
Received Import Request.
  Time since last request: 303.934961 seconds.
  path: Assets/Art/Raion/kaca.png
  artifactKey: Guid(3d17f2050026ea94883e627afc62626c) Importer(815301076,1909f56bfc062723c751e8b465ee728b)
Start importing Assets/Art/Raion/kaca.png using Guid(3d17f2050026ea94883e627afc62626c) Importer(815301076,1909f56bfc062723c751e8b465ee728b)  -> (artifact id: '61e190eb9c7e10f210d0c83f79bd7844') in 0.069867 seconds
  Import took 0.073515 seconds .

========================================================================
Received Import Request.
  Time since last request: 9.921111 seconds.
  path: Assets/Art/Raion/kaca.png
  artifactKey: Guid(3d17f2050026ea94883e627afc62626c) Importer(815301076,1909f56bfc062723c751e8b465ee728b)
Start importing Assets/Art/Raion/kaca.png using Guid(3d17f2050026ea94883e627afc62626c) Importer(815301076,1909f56bfc062723c751e8b465ee728b)  -> (artifact id: 'c1a91378723318fa8abe4133af59c49a') in 0.014901 seconds
  Import took 0.017985 seconds .

========================================================================
Received Import Request.
  Time since last request: 4.884241 seconds.
  path: Assets/Art/Raion/kaca.png
  artifactKey: Guid(3d17f2050026ea94883e627afc62626c) Importer(815301076,1909f56bfc062723c751e8b465ee728b)
Start importing Assets/Art/Raion/kaca.png using Guid(3d17f2050026ea94883e627afc62626c) Importer(815301076,1909f56bfc062723c751e8b465ee728b)  -> (artifact id: '85df549201df25d61d22d89c4dfe6494') in 0.014903 seconds
  Import took 0.018090 seconds .

========================================================================
Received Prepare
Registering precompiled user dll's ...
Registered in 0.001191 seconds.
Begin MonoManager ReloadAssembly
Native extension for WindowsStandalone target not found
Native extension for WebGL target not found
Refreshing native plugins compatible for Editor in 0.62 ms, found 1 plugins.
Preloading 0 native plugins for Editor in 0.00 ms.
Invoked RoslynAnalysisRunner static constructor.
RoslynAnalysisRunner will not be running.
RoslynAnalysisRunner has terminated.
Mono: successfully reloaded assembly
- Completed reload, in  0.724 seconds
Platform modules already initialized, skipping
Refreshing native plugins compatible for Editor in 0.43 ms, found 1 plugins.
Preloading 0 native plugins for Editor in 0.00 ms.
Unloading 2083 Unused Serialized files (Serialized files now loaded: 0)
System memory in use before: 98.6 MB.
System memory in use after: 98.7 MB.

Unloading 9 unused Assets to reduce memory usage. Loaded Objects now: 2671.
Total: 1.717600 ms (FindLiveObjects: 0.194500 ms CreateObjectMapping: 0.078600 ms MarkObjects: 1.432300 ms  DeleteObjects: 0.011400 ms)

========================================================================
Received Prepare
Registering precompiled user dll's ...
Registered in 0.001221 seconds.
Begin MonoManager ReloadAssembly
Native extension for WindowsStandalone target not found
Native extension for WebGL target not found
Refreshing native plugins compatible for Editor in 0.54 ms, found 1 plugins.
Preloading 0 native plugins for Editor in 0.00 ms.
Invoked RoslynAnalysisRunner static constructor.
RoslynAnalysisRunner will not be running.
RoslynAnalysisRunner has terminated.
Mono: successfully reloaded assembly
- Completed reload, in  0.708 seconds
Platform modules already initialized, skipping
Refreshing native plugins compatible for Editor in 0.40 ms, found 1 plugins.
Preloading 0 native plugins for Editor in 0.00 ms.
Unloading 2083 Unused Serialized files (Serialized files now loaded: 0)
System memory in use before: 98.6 MB.
System memory in use after: 98.8 MB.

Unloading 9 unused Assets to reduce memory usage. Loaded Objects now: 2675.
Total: 1.987200 ms (FindLiveObjects: 0.266600 ms CreateObjectMapping: 0.109800 ms MarkObjects: 1.574100 ms  DeleteObjects: 0.035700 ms)

========================================================================
Received Prepare
Registering precompiled user dll's ...
Registered in 0.001126 seconds.
Begin MonoManager ReloadAssembly
Native extension for WindowsStandalone target not found
Native extension for WebGL target not found
Refreshing native plugins compatible for Editor in 0.56 ms, found 1 plugins.
Preloading 0 native plugins for Editor in 0.00 ms.
Invoked RoslynAnalysisRunner static constructor.
RoslynAnalysisRunner will not be running.
RoslynAnalysisRunner has terminated.
Mono: successfully reloaded assembly
- Completed reload, in  0.708 seconds
Platform modules already initialized, skipping
Refreshing native plugins compatible for Editor in 0.42 ms, found 1 plugins.
Preloading 0 native plugins for Editor in 0.00 ms.
Unloading 2083 Unused Serialized files (Serialized files now loaded: 0)
System memory in use before: 98.6 MB.
System memory in use after: 98.8 MB.

Unloading 9 unused Assets to reduce memory usage. Loaded Objects now: 2679.
Total: 2.122900 ms (FindLiveObjects: 0.261400 ms CreateObjectMapping: 0.143900 ms MarkObjects: 1.680700 ms  DeleteObjects: 0.012300 ms)

========================================================================
Received Prepare
Registering precompiled user dll's ...
Registered in 0.001207 seconds.
Begin MonoManager ReloadAssembly
Native extension for WindowsStandalone target not found
Native extension for WebGL target not found
Refreshing native plugins compatible for Editor in 0.42 ms, found 1 plugins.
Preloading 0 native plugins for Editor in 0.00 ms.
Invoked RoslynAnalysisRunner static constructor.
RoslynAnalysisRunner will not be running.
RoslynAnalysisRunner has terminated.
Mono: successfully reloaded assembly
- Completed reload, in  0.709 seconds
Platform modules already initialized, skipping
Refreshing native plugins compatible for Editor in 0.40 ms, found 1 plugins.
Preloading 0 native plugins for Editor in 0.00 ms.
Unloading 2083 Unused Serialized files (Serialized files now loaded: 0)
System memory in use before: 98.6 MB.
System memory in use after: 98.8 MB.

Unloading 9 unused Assets to reduce memory usage. Loaded Objects now: 2683.
Total: 1.761700 ms (FindLiveObjects: 0.295700 ms CreateObjectMapping: 0.096100 ms MarkObjects: 1.336300 ms  DeleteObjects: 0.032800 ms)

========================================================================
Received Prepare
Registering precompiled user dll's ...
Registered in 0.001309 seconds.
Begin MonoManager ReloadAssembly
Native extension for WindowsStandalone target not found
Native extension for WebGL target not found
Refreshing native plugins compatible for Editor in 0.58 ms, found 1 plugins.
Preloading 0 native plugins for Editor in 0.00 ms.
Invoked RoslynAnalysisRunner static constructor.
RoslynAnalysisRunner will not be running.
RoslynAnalysisRunner has terminated.
Mono: successfully reloaded assembly
- Completed reload, in  0.847 seconds
Platform modules already initialized, skipping
Refreshing native plugins compatible for Editor in 0.55 ms, found 1 plugins.
Preloading 0 native plugins for Editor in 0.00 ms.
Unloading 2083 Unused Serialized files (Serialized files now loaded: 0)
System memory in use before: 98.7 MB.
System memory in use after: 98.8 MB.

Unloading 9 unused Assets to reduce memory usage. Loaded Objects now: 2687.
Total: 2.969400 ms (FindLiveObjects: 0.626500 ms CreateObjectMapping: 0.272200 ms MarkObjects: 2.050800 ms  DeleteObjects: 0.018300 ms)

========================================================================
Received Prepare
Registering precompiled user dll's ...
Registered in 0.001139 seconds.
Begin MonoManager ReloadAssembly
Native extension for WindowsStandalone target not found
Native extension for WebGL target not found
Refreshing native plugins compatible for Editor in 0.43 ms, found 1 plugins.
Preloading 0 native plugins for Editor in 0.00 ms.
Invoked RoslynAnalysisRunner static constructor.
RoslynAnalysisRunner will not be running.
RoslynAnalysisRunner has terminated.
Mono: successfully reloaded assembly
- Completed reload, in  0.725 seconds
Platform modules already initialized, skipping
Refreshing native plugins compatible for Editor in 0.41 ms, found 1 plugins.
Preloading 0 native plugins for Editor in 0.00 ms.
Unloading 2083 Unused Serialized files (Serialized files now loaded: 0)
System memory in use before: 98.7 MB.
System memory in use after: 98.8 MB.

Unloading 9 unused Assets to reduce memory usage. Loaded Objects now: 2691.
Total: 2.117300 ms (FindLiveObjects: 0.271500 ms CreateObjectMapping: 0.137400 ms MarkObjects: 1.695900 ms  DeleteObjects: 0.011700 ms)

========================================================================
Received Prepare
Registering precompiled user dll's ...
Registered in 0.001181 seconds.
Begin MonoManager ReloadAssembly
Native extension for WindowsStandalone target not found
Native extension for WebGL target not found
Refreshing native plugins compatible for Editor in 0.58 ms, found 1 plugins.
Preloading 0 native plugins for Editor in 0.00 ms.
Invoked RoslynAnalysisRunner static constructor.
RoslynAnalysisRunner will not be running.
RoslynAnalysisRunner has terminated.
Mono: successfully reloaded assembly
- Completed reload, in  0.701 seconds
Platform modules already initialized, skipping
Refreshing native plugins compatible for Editor in 0.41 ms, found 1 plugins.
Preloading 0 native plugins for Editor in 0.00 ms.
Unloading 2083 Unused Serialized files (Serialized files now loaded: 0)
System memory in use before: 98.7 MB.
System memory in use after: 98.8 MB.

Unloading 9 unused Assets to reduce memory usage. Loaded Objects now: 2695.
Total: 2.497100 ms (FindLiveObjects: 0.301700 ms CreateObjectMapping: 0.110500 ms MarkObjects: 2.070200 ms  DeleteObjects: 0.013800 ms)

========================================================================
Received Prepare
Registering precompiled user dll's ...
Registered in 0.001242 seconds.
Begin MonoManager ReloadAssembly
Native extension for WindowsStandalone target not found
Native extension for WebGL target not found
Refreshing native plugins compatible for Editor in 0.50 ms, found 1 plugins.
Preloading 0 native plugins for Editor in 0.00 ms.
Invoked RoslynAnalysisRunner static constructor.
RoslynAnalysisRunner will not be running.
RoslynAnalysisRunner has terminated.
Mono: successfully reloaded assembly
- Completed reload, in  0.705 seconds
Platform modules already initialized, skipping
Refreshing native plugins compatible for Editor in 0.41 ms, found 1 plugins.
Preloading 0 native plugins for Editor in 0.00 ms.
Unloading 2083 Unused Serialized files (Serialized files now loaded: 0)
System memory in use before: 98.7 MB.
System memory in use after: 98.8 MB.

Unloading 9 unused Assets to reduce memory usage. Loaded Objects now: 2699.
Total: 2.450900 ms (FindLiveObjects: 0.312700 ms CreateObjectMapping: 0.217000 ms MarkObjects: 1.907400 ms  DeleteObjects: 0.013200 ms)

========================================================================
Received Prepare
Registering precompiled user dll's ...
Registered in 0.001160 seconds.
Begin MonoManager ReloadAssembly
Native extension for WindowsStandalone target not found
Native extension for WebGL target not found
Refreshing native plugins compatible for Editor in 0.40 ms, found 1 plugins.
Preloading 0 native plugins for Editor in 0.00 ms.
Invoked RoslynAnalysisRunner static constructor.
RoslynAnalysisRunner will not be running.
RoslynAnalysisRunner has terminated.
Mono: successfully reloaded assembly
- Completed reload, in  0.707 seconds
Platform modules already initialized, skipping
Refreshing native plugins compatible for Editor in 0.71 ms, found 1 plugins.
Preloading 0 native plugins for Editor in 0.00 ms.
Unloading 2083 Unused Serialized files (Serialized files now loaded: 0)
System memory in use before: 98.7 MB.
System memory in use after: 98.8 MB.

Unloading 9 unused Assets to reduce memory usage. Loaded Objects now: 2703.
Total: 2.241500 ms (FindLiveObjects: 0.407100 ms CreateObjectMapping: 0.161600 ms MarkObjects: 1.658800 ms  DeleteObjects: 0.012900 ms)

========================================================================
Received Prepare
Registering precompiled user dll's ...
Registered in 0.001153 seconds.
Begin MonoManager ReloadAssembly
Native extension for WindowsStandalone target not found
Native extension for WebGL target not found
Refreshing native plugins compatible for Editor in 0.54 ms, found 1 plugins.
Preloading 0 native plugins for Editor in 0.00 ms.
Invoked RoslynAnalysisRunner static constructor.
RoslynAnalysisRunner will not be running.
RoslynAnalysisRunner has terminated.
Mono: successfully reloaded assembly
- Completed reload, in  0.719 seconds
Platform modules already initialized, skipping
Refreshing native plugins compatible for Editor in 0.41 ms, found 1 plugins.
Preloading 0 native plugins for Editor in 0.00 ms.
Unloading 2083 Unused Serialized files (Serialized files now loaded: 0)
System memory in use before: 98.7 MB.
System memory in use after: 98.8 MB.

Unloading 9 unused Assets to reduce memory usage. Loaded Objects now: 2707.
Total: 1.950000 ms (FindLiveObjects: 0.211300 ms CreateObjectMapping: 0.079300 ms MarkObjects: 1.647800 ms  DeleteObjects: 0.011000 ms)

========================================================================
Received Prepare
Registering precompiled user dll's ...
Registered in 0.001198 seconds.
Begin MonoManager ReloadAssembly
Native extension for WindowsStandalone target not found
Native extension for WebGL target not found
Refreshing native plugins compatible for Editor in 0.42 ms, found 1 plugins.
Preloading 0 native plugins for Editor in 0.00 ms.
Invoked RoslynAnalysisRunner static constructor.
RoslynAnalysisRunner will not be running.
RoslynAnalysisRunner has terminated.
Mono: successfully reloaded assembly
- Completed reload, in  0.706 seconds
Platform modules already initialized, skipping
Refreshing native plugins compatible for Editor in 0.43 ms, found 1 plugins.
Preloading 0 native plugins for Editor in 0.00 ms.
Unloading 2083 Unused Serialized files (Serialized files now loaded: 0)
System memory in use before: 98.7 MB.
System memory in use after: 98.8 MB.

Unloading 9 unused Assets to reduce memory usage. Loaded Objects now: 2711.
Total: 1.703000 ms (FindLiveObjects: 0.197300 ms CreateObjectMapping: 0.126100 ms MarkObjects: 1.367300 ms  DeleteObjects: 0.011600 ms)

========================================================================
Received Import Request.
  Time since last request: 1241.885994 seconds.
  path: Assets/_TerrainAutoUpgrade
  artifactKey: Guid(d06cde5edf393e349bcbf93629a35f4a) Importer(815301076,1909f56bfc062723c751e8b465ee728b)
Start importing Assets/_TerrainAutoUpgrade using Guid(d06cde5edf393e349bcbf93629a35f4a) Importer(815301076,1909f56bfc062723c751e8b465ee728b)  -> (artifact id: '9bfda8236e0dd670f36647614e4d92e6') in 0.010293 seconds
  Import took 0.013604 seconds .

========================================================================
Received Import Request.
  Time since last request: 2.529484 seconds.
  path: Assets/AstarPathfindingProject
  artifactKey: Guid(6942e1e80e8b54fde9147e843f1bec4f) Importer(815301076,1909f56bfc062723c751e8b465ee728b)
Start importing Assets/AstarPathfindingProject using Guid(6942e1e80e8b54fde9147e843f1bec4f) Importer(815301076,1909f56bfc062723c751e8b465ee728b)  -> (artifact id: '1476f547999372d22c5b3acd996ab397') in 0.006920 seconds
  Import took 0.010486 seconds .

========================================================================
Received Import Request.
  Time since last request: 3.065158 seconds.
  path: Assets/Scenes
  artifactKey: Guid(2b3b394bc56a1d64ca169d3db4e84460) Importer(815301076,1909f56bfc062723c751e8b465ee728b)
Start importing Assets/Scenes using Guid(2b3b394bc56a1d64ca169d3db4e84460) Importer(815301076,1909f56bfc062723c751e8b465ee728b)  -> (artifact id: '320a5752b188097c2325ebd849697472') in 0.007816 seconds
  Import took 0.011534 seconds .

========================================================================
Received Import Request.
  Time since last request: 1.452570 seconds.
  path: Assets/Scenes/Level2.unity
  artifactKey: Guid(d624d5dce906d96489d5b4d1716576f3) Importer(815301076,1909f56bfc062723c751e8b465ee728b)
Start importing Assets/Scenes/Level2.unity using Guid(d624d5dce906d96489d5b4d1716576f3) Importer(815301076,1909f56bfc062723c751e8b465ee728b)  -> (artifact id: '23b8b19787c0ff04be8b534904e6db93') in 0.013052 seconds
  Import took 0.016395 seconds .

========================================================================
Received Import Request.
  Time since last request: 41.398656 seconds.
  path: Assets/Scenes/Level1.unity
  artifactKey: Guid(2cda990e2423bbf4892e6590ba056729) Importer(815301076,1909f56bfc062723c751e8b465ee728b)
Start importing Assets/Scenes/Level1.unity using Guid(2cda990e2423bbf4892e6590ba056729) Importer(815301076,1909f56bfc062723c751e8b465ee728b)  -> (artifact id: 'ec1ed30c4d35ceb580563bdd9ec3060f') in 0.006984 seconds
  Import took 0.010512 seconds .

========================================================================
Received Prepare
Registering precompiled user dll's ...
Registered in 0.001075 seconds.
Begin MonoManager ReloadAssembly
Native extension for WindowsStandalone target not found
Native extension for WebGL target not found
Refreshing native plugins compatible for Editor in 0.41 ms, found 1 plugins.
Preloading 0 native plugins for Editor in 0.00 ms.
Invoked RoslynAnalysisRunner static constructor.
RoslynAnalysisRunner will not be running.
RoslynAnalysisRunner has terminated.
Mono: successfully reloaded assembly
- Completed reload, in  0.704 seconds
Platform modules already initialized, skipping
Refreshing native plugins compatible for Editor in 0.41 ms, found 1 plugins.
Preloading 0 native plugins for Editor in 0.00 ms.
Unloading 2083 Unused Serialized files (Serialized files now loaded: 0)
System memory in use before: 98.7 MB.
System memory in use after: 98.8 MB.

Unloading 9 unused Assets to reduce memory usage. Loaded Objects now: 2715.
Total: 2.963800 ms (FindLiveObjects: 0.735600 ms CreateObjectMapping: 0.198900 ms MarkObjects: 2.014100 ms  DeleteObjects: 0.014300 ms)

========================================================================
Received Import Request.
  Time since last request: 28.504252 seconds.
  path: Assets/Scenes/Level2.unity
  artifactKey: Guid(d624d5dce906d96489d5b4d1716576f3) Importer(815301076,1909f56bfc062723c751e8b465ee728b)
Start importing Assets/Scenes/Level2.unity using Guid(d624d5dce906d96489d5b4d1716576f3) Importer(815301076,1909f56bfc062723c751e8b465ee728b)  -> (artifact id: '847dfc583e14f5870a8aba74d0adbb40') in 0.011819 seconds
  Import took 0.014966 seconds .

========================================================================
Received Prepare
Registering precompiled user dll's ...
Registered in 0.001721 seconds.
Begin MonoManager ReloadAssembly
Native extension for WindowsStandalone target not found
Native extension for WebGL target not found
Refreshing native plugins compatible for Editor in 0.43 ms, found 1 plugins.
Preloading 0 native plugins for Editor in 0.00 ms.
Invoked RoslynAnalysisRunner static constructor.
RoslynAnalysisRunner will not be running.
RoslynAnalysisRunner has terminated.
Mono: successfully reloaded assembly
- Completed reload, in  0.722 seconds
Platform modules already initialized, skipping
Refreshing native plugins compatible for Editor in 0.42 ms, found 1 plugins.
Preloading 0 native plugins for Editor in 0.00 ms.
Unloading 2083 Unused Serialized files (Serialized files now loaded: 0)
System memory in use before: 98.8 MB.
System memory in use after: 99.0 MB.

Unloading 9 unused Assets to reduce memory usage. Loaded Objects now: 2719.
Total: 1.759900 ms (FindLiveObjects: 0.249200 ms CreateObjectMapping: 0.112800 ms MarkObjects: 1.384300 ms  DeleteObjects: 0.012700 ms)

========================================================================
Received Prepare
Registering precompiled user dll's ...
Registered in 0.001175 seconds.
Begin MonoManager ReloadAssembly
Native extension for WindowsStandalone target not found
Native extension for WebGL target not found
Refreshing native plugins compatible for Editor in 0.53 ms, found 1 plugins.
Preloading 0 native plugins for Editor in 0.00 ms.
Invoked RoslynAnalysisRunner static constructor.
RoslynAnalysisRunner will not be running.
RoslynAnalysisRunner has terminated.
Mono: successfully reloaded assembly
- Completed reload, in  0.730 seconds
Platform modules already initialized, skipping
Refreshing native plugins compatible for Editor in 0.41 ms, found 1 plugins.
Preloading 0 native plugins for Editor in 0.00 ms.
Unloading 2083 Unused Serialized files (Serialized files now loaded: 0)
System memory in use before: 98.8 MB.
System memory in use after: 99.0 MB.

Unloading 9 unused Assets to reduce memory usage. Loaded Objects now: 2723.
Total: 1.977600 ms (FindLiveObjects: 0.256800 ms CreateObjectMapping: 0.123700 ms MarkObjects: 1.563000 ms  DeleteObjects: 0.032900 ms)

========================================================================
Received Prepare
Registering precompiled user dll's ...
Registered in 0.001173 seconds.
Begin MonoManager ReloadAssembly
Native extension for WindowsStandalone target not found
Native extension for WebGL target not found
Refreshing native plugins compatible for Editor in 0.40 ms, found 1 plugins.
Preloading 0 native plugins for Editor in 0.00 ms.
Invoked RoslynAnalysisRunner static constructor.
RoslynAnalysisRunner will not be running.
RoslynAnalysisRunner has terminated.
Mono: successfully reloaded assembly
- Completed reload, in  0.706 seconds
Platform modules already initialized, skipping
Refreshing native plugins compatible for Editor in 0.55 ms, found 1 plugins.
Preloading 0 native plugins for Editor in 0.00 ms.
Unloading 2083 Unused Serialized files (Serialized files now loaded: 0)
System memory in use before: 98.9 MB.
System memory in use after: 99.1 MB.

Unloading 9 unused Assets to reduce memory usage. Loaded Objects now: 2727.
Total: 1.989600 ms (FindLiveObjects: 0.314300 ms CreateObjectMapping: 0.109900 ms MarkObjects: 1.550800 ms  DeleteObjects: 0.014100 ms)

========================================================================
Received Import Request.
  Time since last request: 150.348527 seconds.
  path: Assets/Art/Raion/background
  artifactKey: Guid(519c1437982cc4c469187a9edd0a0d5b) Importer(815301076,1909f56bfc062723c751e8b465ee728b)
Start importing Assets/Art/Raion/background using Guid(519c1437982cc4c469187a9edd0a0d5b) Importer(815301076,1909f56bfc062723c751e8b465ee728b)  -> (artifact id: 'ce6384762b3b626b3490230bdd71b376') in 0.010065 seconds
  Import took 0.013771 seconds .

========================================================================
Received Import Request.
  Time since last request: 0.044556 seconds.
  path: Assets/Art/Raion/background/bg.png
  artifactKey: Guid(a0382bbc880328b4d93475d5d594b4c1) Importer(815301076,1909f56bfc062723c751e8b465ee728b)
Start importing Assets/Art/Raion/background/bg.png using Guid(a0382bbc880328b4d93475d5d594b4c1) Importer(815301076,1909f56bfc062723c751e8b465ee728b)  -> (artifact id: '5590e14899ed21c46629a2ba846129c8') in 0.051838 seconds
  Import took 0.054895 seconds .

========================================================================
Received Import Request.
  Time since last request: 0.000199 seconds.
  path: Assets/Art/Raion/background/BG_putih.png
  artifactKey: Guid(873615d3026c25b44a5cf304bb70ea06) Importer(815301076,1909f56bfc062723c751e8b465ee728b)
Start importing Assets/Art/Raion/background/BG_putih.png using Guid(873615d3026c25b44a5cf304bb70ea06) Importer(815301076,1909f56bfc062723c751e8b465ee728b)  -> (artifact id: 'f65cbbdeb29a84df5add9bd0ff01d8fd') in 0.016491 seconds
  Import took 0.019718 seconds .

========================================================================
Received Import Request.
  Time since last request: 0.000249 seconds.
  path: Assets/Art/Raion/background/kuning.png
  artifactKey: Guid(65b82837261a2754389f356a65e5c732) Importer(815301076,1909f56bfc062723c751e8b465ee728b)
Start importing Assets/Art/Raion/background/kuning.png using Guid(65b82837261a2754389f356a65e5c732) Importer(815301076,1909f56bfc062723c751e8b465ee728b)  -> (artifact id: 'e65a49f618206ddd54d85364bb771cb1') in 0.018076 seconds
  Import took 0.021539 seconds .

========================================================================
Received Import Request.
  Time since last request: 0.000139 seconds.
  path: Assets/Art/Raion/background/bg_merah.png
  artifactKey: Guid(6e826a1cd91b4a1418e639d7c580402f) Importer(815301076,1909f56bfc062723c751e8b465ee728b)
Start importing Assets/Art/Raion/background/bg_merah.png using Guid(6e826a1cd91b4a1418e639d7c580402f) Importer(815301076,1909f56bfc062723c751e8b465ee728b)  -> (artifact id: '8191c8cb1a1e3c8ffa7639aa232d08f4') in 0.018057 seconds
  Import took 0.021610 seconds .

========================================================================
Received Import Request.
  Time since last request: 0.000325 seconds.
  path: Assets/Art/Raion/background/bg_ijo.png
  artifactKey: Guid(1f3c459585183424096b56b08c2b31db) Importer(815301076,1909f56bfc062723c751e8b465ee728b)
Start importing Assets/Art/Raion/background/bg_ijo.png using Guid(1f3c459585183424096b56b08c2b31db) Importer(815301076,1909f56bfc062723c751e8b465ee728b)  -> (artifact id: 'b401f79af17a24808d9073e0d7275ac1') in 0.015266 seconds
  Import took 0.018663 seconds .

========================================================================
Received Import Request.
  Time since last request: 0.000189 seconds.
  path: Assets/Art/Raion/background/bg_biru.png
  artifactKey: Guid(c5ea2d6dca9d242479eb33e8bf625858) Importer(815301076,1909f56bfc062723c751e8b465ee728b)
Start importing Assets/Art/Raion/background/bg_biru.png using Guid(c5ea2d6dca9d242479eb33e8bf625858) Importer(815301076,1909f56bfc062723c751e8b465ee728b)  -> (artifact id: '22ce8cc789b3e2915e1f749fe1c00e22') in 0.027295 seconds
  Import took 0.030057 seconds .

========================================================================
Received Prepare
Registering precompiled user dll's ...
Registered in 0.001194 seconds.
Begin MonoManager ReloadAssembly
Native extension for WindowsStandalone target not found
Native extension for WebGL target not found
Refreshing native plugins compatible for Editor in 0.44 ms, found 1 plugins.
Preloading 0 native plugins for Editor in 0.00 ms.
Invoked RoslynAnalysisRunner static constructor.
RoslynAnalysisRunner will not be running.
RoslynAnalysisRunner has terminated.
Mono: successfully reloaded assembly
- Completed reload, in  0.729 seconds
Platform modules already initialized, skipping
Refreshing native plugins compatible for Editor in 0.41 ms, found 1 plugins.
Preloading 0 native plugins for Editor in 0.00 ms.
Unloading 2083 Unused Serialized files (Serialized files now loaded: 0)
System memory in use before: 98.9 MB.
System memory in use after: 99.1 MB.

Unloading 9 unused Assets to reduce memory usage. Loaded Objects now: 2732.
Total: 2.035300 ms (FindLiveObjects: 0.329600 ms CreateObjectMapping: 0.092900 ms MarkObjects: 1.575900 ms  DeleteObjects: 0.036000 ms)

========================================================================
Received Prepare
Registering precompiled user dll's ...
Registered in 0.001054 seconds.
Begin MonoManager ReloadAssembly
Native extension for WindowsStandalone target not found
Native extension for WebGL target not found
Refreshing native plugins compatible for Editor in 0.43 ms, found 1 plugins.
Preloading 0 native plugins for Editor in 0.00 ms.
Invoked RoslynAnalysisRunner static constructor.
RoslynAnalysisRunner will not be running.
RoslynAnalysisRunner has terminated.
Mono: successfully reloaded assembly
- Completed reload, in  0.721 seconds
Platform modules already initialized, skipping
Refreshing native plugins compatible for Editor in 0.41 ms, found 1 plugins.
Preloading 0 native plugins for Editor in 0.00 ms.
Unloading 2083 Unused Serialized files (Serialized files now loaded: 0)
System memory in use before: 98.9 MB.
System memory in use after: 99.1 MB.

Unloading 9 unused Assets to reduce memory usage. Loaded Objects now: 2736.
Total: 2.244100 ms (FindLiveObjects: 0.365000 ms CreateObjectMapping: 0.152300 ms MarkObjects: 1.690000 ms  DeleteObjects: 0.035800 ms)

========================================================================
Received Prepare
Registering precompiled user dll's ...
Registered in 0.001226 seconds.
Begin MonoManager ReloadAssembly
Native extension for WindowsStandalone target not found
Native extension for WebGL target not found
Refreshing native plugins compatible for Editor in 0.42 ms, found 1 plugins.
Preloading 0 native plugins for Editor in 0.00 ms.
Invoked RoslynAnalysisRunner static constructor.
RoslynAnalysisRunner will not be running.
RoslynAnalysisRunner has terminated.
Mono: successfully reloaded assembly
- Completed reload, in  0.692 seconds
Platform modules already initialized, skipping
Refreshing native plugins compatible for Editor in 0.47 ms, found 1 plugins.
Preloading 0 native plugins for Editor in 0.00 ms.
Unloading 2083 Unused Serialized files (Serialized files now loaded: 0)
System memory in use before: 98.9 MB.
System memory in use after: 99.1 MB.

Unloading 9 unused Assets to reduce memory usage. Loaded Objects now: 2740.
Total: 1.909500 ms (FindLiveObjects: 0.299800 ms CreateObjectMapping: 0.088700 ms MarkObjects: 1.508900 ms  DeleteObjects: 0.011500 ms)

