Using pre-set license
Built from '2020.3/staging' branch; Version is '2020.3.0f1 (c7b5465681fb) revision 13088070'; Using compiler version '192528614'; Build Type 'Release'
OS: 'Windows 10 Home Single Language; OS build 19041.867; Version 2004; 64bit' Language: 'en' Physical Memory: 7617 MB
BatchMode: 1, IsHumanControllingUs: 0, StartBugReporterOnCrash: 0, Is64bit: 1, IsPro: 0

 COMMAND LINE ARGUMENTS:
C:\Program Files\Unity\Hub\Editor\2020.3.0f1\Editor\Unity.exe
-adb2
-batchMode
-noUpm
-name
AssetImportWorker8
-projectPath
C:/Users/ASUS/BuatGame/Raion_Internship_Kelompok3
-logFile
Logs/AssetImportWorker8.log
-srvPort
58248
Successfully changed project path to: C:/Users/ASUS/BuatGame/Raion_Internship_Kelompok3
C:/Users/ASUS/BuatGame/Raion_Internship_Kelompok3
Using Asset Import Pipeline V2.
Refreshing native plugins compatible for Editor in 78.73 ms, found 1 plugins.
Preloading 0 native plugins for Editor in 0.00 ms.
Initialize engine version: 2020.3.0f1 (c7b5465681fb)
[Subsystems] Discovering subsystems at path C:/Program Files/Unity/Hub/Editor/2020.3.0f1/Editor/Data/Resources/UnitySubsystems
[Subsystems] Discovering subsystems at path C:/Users/ASUS/BuatGame/Raion_Internship_Kelompok3/Assets
GfxDevice: creating device client; threaded=0
Direct3D:
    Version:  Direct3D 11.0 [level 11.1]
    Renderer: NVIDIA GeForce GTX 1050 (ID=0x1c91)
    Vendor:   
    VRAM:     2996 MB
    Driver:   27.21.14.5730
Initialize mono
Mono path[0] = 'C:/Program Files/Unity/Hub/Editor/2020.3.0f1/Editor/Data/Managed'
Mono path[1] = 'C:/Program Files/Unity/Hub/Editor/2020.3.0f1/Editor/Data/MonoBleedingEdge/lib/mono/unityjit'
Mono config path = 'C:/Program Files/Unity/Hub/Editor/2020.3.0f1/Editor/Data/MonoBleedingEdge/etc'
Using monoOptions --debugger-agent=transport=dt_socket,embedding=1,server=y,suspend=n,address=127.0.0.1:56788
Begin MonoManager ReloadAssembly
Registering precompiled unity dll's ...
Register platform support module: C:/Program Files/Unity/Hub/Editor/2020.3.0f1/Editor/Data/PlaybackEngines/WindowsStandaloneSupport/UnityEditor.WindowsStandalone.Extensions.dll
Registered in 0.004600 seconds.
Native extension for WindowsStandalone target not found
Refreshing native plugins compatible for Editor in 72.35 ms, found 1 plugins.
Preloading 0 native plugins for Editor in 0.00 ms.
Invoked RoslynAnalysisRunner static constructor.
RoslynAnalysisRunner will not be running.
RoslynAnalysisRunner has terminated.
Mono: successfully reloaded assembly
- Completed reload, in  2.168 seconds
Platform modules already initialized, skipping
Registering precompiled user dll's ...
Registered in 0.003017 seconds.
Begin MonoManager ReloadAssembly
Native extension for WindowsStandalone target not found
Refreshing native plugins compatible for Editor in 86.21 ms, found 1 plugins.
Preloading 0 native plugins for Editor in 0.00 ms.
Invoked RoslynAnalysisRunner static constructor.
RoslynAnalysisRunner will not be running.
RoslynAnalysisRunner has terminated.
Mono: successfully reloaded assembly
- Completed reload, in  2.001 seconds
Platform modules already initialized, skipping
========================================================================
Worker process is ready to serve import requests
Launched and connected shader compiler UnityShaderCompiler.exe after 0.38 seconds
Refreshing native plugins compatible for Editor in 0.82 ms, found 1 plugins.
Preloading 0 native plugins for Editor in 0.00 ms.
Unloading 2100 Unused Serialized files (Serialized files now loaded: 0)
System memory in use before: 95.5 MB.
System memory in use after: 95.5 MB.

Unloading 21 unused Assets to reduce memory usage. Loaded Objects now: 2549.
Total: 3.678700 ms (FindLiveObjects: 0.778100 ms CreateObjectMapping: 0.337300 ms MarkObjects: 2.466300 ms  DeleteObjects: 0.093500 ms)

========================================================================
Received Import Request.
  path: Assets/Scenes/Level1.unity
  artifactKey: Guid(2cda990e2423bbf4892e6590ba056729) Importer(815301076,1909f56bfc062723c751e8b465ee728b)
Start importing Assets/Scenes/Level1.unity using Guid(2cda990e2423bbf4892e6590ba056729) Importer(815301076,1909f56bfc062723c751e8b465ee728b)  -> (artifact id: '2788cadbb10d9fcaecbe2ddfe4fa0a5c') in 0.029709 seconds
  Import took 0.087155 seconds .

========================================================================
Received Import Request.
  Time since last request: 644.300640 seconds.
  path: Assets/Scripts/PlayerMovement.cs
  artifactKey: Guid(238395befea9f534fab63f387a27e89d) Importer(815301076,1909f56bfc062723c751e8b465ee728b)
Start importing Assets/Scripts/PlayerMovement.cs using Guid(238395befea9f534fab63f387a27e89d) Importer(815301076,1909f56bfc062723c751e8b465ee728b)  -> (artifact id: 'f00323f4539139fc00da05eb95be6a5e') in 0.224981 seconds
  Import took 0.312175 seconds .

========================================================================
Received Import Request.
  Time since last request: 1.663725 seconds.
  path: Assets/Scripts/Enemi.cs
  artifactKey: Guid(cdbff1ed5cd7add4ba8dfff6c7f936e7) Importer(815301076,1909f56bfc062723c751e8b465ee728b)
Start importing Assets/Scripts/Enemi.cs using Guid(cdbff1ed5cd7add4ba8dfff6c7f936e7) Importer(815301076,1909f56bfc062723c751e8b465ee728b)  -> (artifact id: '1f98643978d122cd7dc0e50045bd41d3') in 0.011941 seconds
  Import took 0.042818 seconds .

========================================================================
Received Prepare
Registering precompiled user dll's ...
Registered in 0.002540 seconds.
Begin MonoManager ReloadAssembly
Native extension for WindowsStandalone target not found
Refreshing native plugins compatible for Editor in 0.61 ms, found 1 plugins.
Preloading 0 native plugins for Editor in 0.00 ms.
Invoked RoslynAnalysisRunner static constructor.
RoslynAnalysisRunner will not be running.
RoslynAnalysisRunner has terminated.
Mono: successfully reloaded assembly
- Completed reload, in  1.156 seconds
Platform modules already initialized, skipping
Refreshing native plugins compatible for Editor in 0.62 ms, found 1 plugins.
Preloading 0 native plugins for Editor in 0.00 ms.
Unloading 2084 Unused Serialized files (Serialized files now loaded: 0)
System memory in use before: 94.6 MB.
System memory in use after: 94.7 MB.

Unloading 9 unused Assets to reduce memory usage. Loaded Objects now: 2553.
Total: 3.028700 ms (FindLiveObjects: 0.281700 ms CreateObjectMapping: 0.074800 ms MarkObjects: 2.646300 ms  DeleteObjects: 0.023900 ms)

========================================================================
Received Import Request.
  Time since last request: 669.241163 seconds.
  path: Assets/Animations/FadeoutPanel/Fadeout.anim
  artifactKey: Guid(bafe4baf77fd242498fe570a9a203b33) Importer(815301076,1909f56bfc062723c751e8b465ee728b)
Start importing Assets/Animations/FadeoutPanel/Fadeout.anim using Guid(bafe4baf77fd242498fe570a9a203b33) Importer(815301076,1909f56bfc062723c751e8b465ee728b)  -> (artifact id: '25e50a1afb0b370b436873a409c31f6b') in 0.076289 seconds
  Import took 0.132665 seconds .

========================================================================
Received Import Request.
  Time since last request: 0.050954 seconds.
  path: Assets/Animations/FadeoutPanel/Fadeout.anim
  artifactKey: Guid(bafe4baf77fd242498fe570a9a203b33) Importer(815301076,1909f56bfc062723c751e8b465ee728b)
Start importing Assets/Animations/FadeoutPanel/Fadeout.anim using Guid(bafe4baf77fd242498fe570a9a203b33) Importer(815301076,1909f56bfc062723c751e8b465ee728b)  -> (artifact id: '25e50a1afb0b370b436873a409c31f6b') in 0.007140 seconds
  Import took 0.012647 seconds .

========================================================================
Received Import Request.
  Time since last request: 7.390550 seconds.
  path: Assets/Animations/FadeoutPanel/Panel.controller
  artifactKey: Guid(eb9b1107c18f1104b95dfc8d42956ee9) Importer(815301076,1909f56bfc062723c751e8b465ee728b)
Start importing Assets/Animations/FadeoutPanel/Panel.controller using Guid(eb9b1107c18f1104b95dfc8d42956ee9) Importer(815301076,1909f56bfc062723c751e8b465ee728b)  -> (artifact id: '69f172e5d43a53ffebf7422b3ab9cb0a') in 0.016095 seconds
  Import took 0.108869 seconds .

========================================================================
Received Prepare
Registering precompiled user dll's ...
Registered in 0.002581 seconds.
Begin MonoManager ReloadAssembly
Native extension for WindowsStandalone target not found
Refreshing native plugins compatible for Editor in 0.61 ms, found 1 plugins.
Preloading 0 native plugins for Editor in 0.00 ms.
Invoked RoslynAnalysisRunner static constructor.
RoslynAnalysisRunner will not be running.
RoslynAnalysisRunner has terminated.
Mono: successfully reloaded assembly
- Completed reload, in  1.246 seconds
Platform modules already initialized, skipping
Refreshing native plugins compatible for Editor in 0.61 ms, found 1 plugins.
Preloading 0 native plugins for Editor in 0.00 ms.
Unloading 2084 Unused Serialized files (Serialized files now loaded: 0)
System memory in use before: 94.7 MB.
System memory in use after: 94.8 MB.

Unloading 9 unused Assets to reduce memory usage. Loaded Objects now: 2557.
Total: 3.208000 ms (FindLiveObjects: 0.336700 ms CreateObjectMapping: 0.081700 ms MarkObjects: 2.763100 ms  DeleteObjects: 0.024700 ms)

========================================================================
Received Import Request.
  Time since last request: 32.024462 seconds.
  path: Assets/Animations/FadeoutPanel
  artifactKey: Guid(de1582bf44a6d0a4ca1fe957d0018d6f) Importer(815301076,1909f56bfc062723c751e8b465ee728b)
Start importing Assets/Animations/FadeoutPanel using Guid(de1582bf44a6d0a4ca1fe957d0018d6f) Importer(815301076,1909f56bfc062723c751e8b465ee728b)  -> (artifact id: '20368c4c9e3df4cb7f215f2d355d2e65') in 0.016938 seconds
  Import took 0.088091 seconds .

========================================================================
Received Import Request.
  Time since last request: 133.284915 seconds.
  path: Assets/Animations/Player.controller
  artifactKey: Guid(bd0db74b2d0942548bfa7873e7ad6c52) Importer(815301076,1909f56bfc062723c751e8b465ee728b)
Start importing Assets/Animations/Player.controller using Guid(bd0db74b2d0942548bfa7873e7ad6c52) Importer(815301076,1909f56bfc062723c751e8b465ee728b)  -> (artifact id: '50f33b9be4671d2f2ae2e9bd82ba3a44') in 0.094416 seconds
  Import took 0.128976 seconds .

========================================================================
Received Prepare
Registering precompiled user dll's ...
Registered in 0.003168 seconds.
Begin MonoManager ReloadAssembly
Native extension for WindowsStandalone target not found
Refreshing native plugins compatible for Editor in 0.61 ms, found 1 plugins.
Preloading 0 native plugins for Editor in 0.00 ms.
Invoked RoslynAnalysisRunner static constructor.
RoslynAnalysisRunner will not be running.
RoslynAnalysisRunner has terminated.
Mono: successfully reloaded assembly
- Completed reload, in  1.268 seconds
Platform modules already initialized, skipping
Refreshing native plugins compatible for Editor in 0.63 ms, found 1 plugins.
Preloading 0 native plugins for Editor in 0.00 ms.
Unloading 2084 Unused Serialized files (Serialized files now loaded: 0)
System memory in use before: 94.7 MB.
System memory in use after: 94.8 MB.

Unloading 9 unused Assets to reduce memory usage. Loaded Objects now: 2561.
Total: 2.940200 ms (FindLiveObjects: 0.420000 ms CreateObjectMapping: 0.070500 ms MarkObjects: 2.422700 ms  DeleteObjects: 0.024500 ms)

========================================================================
Received Import Request.
  Time since last request: 114.911681 seconds.
  path: Assets/Animations/FadeoutPanel/IdlePanel.anim
  artifactKey: Guid(ffe895eca97d94f429716944a19c1a22) Importer(815301076,1909f56bfc062723c751e8b465ee728b)
Start importing Assets/Animations/FadeoutPanel/IdlePanel.anim using Guid(ffe895eca97d94f429716944a19c1a22) Importer(815301076,1909f56bfc062723c751e8b465ee728b)  -> (artifact id: '0fd3e2720212cd895de2f473d8894504') in 0.028041 seconds
  Import took 0.076450 seconds .

========================================================================
Received Import Request.
  Time since last request: 105.084839 seconds.
  path: Assets/Animations/FadeoutPanel/Fadein.anim
  artifactKey: Guid(e9ece3771280bd043819688bd6a353c7) Importer(815301076,1909f56bfc062723c751e8b465ee728b)
Start importing Assets/Animations/FadeoutPanel/Fadein.anim using Guid(e9ece3771280bd043819688bd6a353c7) Importer(815301076,1909f56bfc062723c751e8b465ee728b)  -> (artifact id: 'debcb20fedbacdc1658995f50799cf1f') in 0.022026 seconds
  Import took 0.096626 seconds .

========================================================================
Received Prepare
Registering precompiled user dll's ...
Registered in 0.003877 seconds.
Begin MonoManager ReloadAssembly
Native extension for WindowsStandalone target not found
Refreshing native plugins compatible for Editor in 1.42 ms, found 1 plugins.
Preloading 0 native plugins for Editor in 0.00 ms.
Invoked RoslynAnalysisRunner static constructor.
RoslynAnalysisRunner will not be running.
RoslynAnalysisRunner has terminated.
Mono: successfully reloaded assembly
- Completed reload, in  3.002 seconds
Platform modules already initialized, skipping
Refreshing native plugins compatible for Editor in 3.40 ms, found 1 plugins.
Preloading 0 native plugins for Editor in 0.00 ms.
Unloading 2084 Unused Serialized files (Serialized files now loaded: 0)
System memory in use before: 94.7 MB.
System memory in use after: 94.8 MB.

Unloading 9 unused Assets to reduce memory usage. Loaded Objects now: 2565.
Total: 12.228600 ms (FindLiveObjects: 1.236000 ms CreateObjectMapping: 0.872700 ms MarkObjects: 10.048200 ms  DeleteObjects: 0.066000 ms)

========================================================================
Received Import Request.
  Time since last request: 2944.213042 seconds.
  path: Assets/Scenes/Level3.unity
  artifactKey: Guid(38e7a6986a1a13a4e9ef94382f9ea111) Importer(815301076,1909f56bfc062723c751e8b465ee728b)
Start importing Assets/Scenes/Level3.unity using Guid(38e7a6986a1a13a4e9ef94382f9ea111) Importer(815301076,1909f56bfc062723c751e8b465ee728b)  -> (artifact id: 'd41194d3dff29b4f7acc58e850165ffc') in 0.058680 seconds
  Import took 0.149935 seconds .

========================================================================
Received Prepare
Registering precompiled user dll's ...
Registered in 0.005161 seconds.
Begin MonoManager ReloadAssembly
Native extension for WindowsStandalone target not found
Refreshing native plugins compatible for Editor in 1.48 ms, found 1 plugins.
Preloading 0 native plugins for Editor in 0.00 ms.
Invoked RoslynAnalysisRunner static constructor.
RoslynAnalysisRunner will not be running.
RoslynAnalysisRunner has terminated.
Mono: successfully reloaded assembly
- Completed reload, in  3.378 seconds
Platform modules already initialized, skipping
Refreshing native plugins compatible for Editor in 1.30 ms, found 1 plugins.
Preloading 0 native plugins for Editor in 0.00 ms.
Unloading 2084 Unused Serialized files (Serialized files now loaded: 0)
System memory in use before: 94.7 MB.
System memory in use after: 94.9 MB.

Unloading 9 unused Assets to reduce memory usage. Loaded Objects now: 2569.
Total: 5.714200 ms (FindLiveObjects: 0.657800 ms CreateObjectMapping: 0.145200 ms MarkObjects: 4.861700 ms  DeleteObjects: 0.045800 ms)

========================================================================
Received Import Request.
  Time since last request: 338.062478 seconds.
  path: Assets/Animations/FadeoutPanel/Panel.controller
  artifactKey: Guid(eb9b1107c18f1104b95dfc8d42956ee9) Importer(815301076,1909f56bfc062723c751e8b465ee728b)
Start importing Assets/Animations/FadeoutPanel/Panel.controller using Guid(eb9b1107c18f1104b95dfc8d42956ee9) Importer(815301076,1909f56bfc062723c751e8b465ee728b)  -> (artifact id: 'a2d486b8d6b8c4cff110c1b23154f214') in 0.145519 seconds
  Import took 0.561007 seconds .

========================================================================
Received Import Request.
  Time since last request: 19.621128 seconds.
  path: Assets/Scenes/Level2.unity
  artifactKey: Guid(d624d5dce906d96489d5b4d1716576f3) Importer(815301076,1909f56bfc062723c751e8b465ee728b)
Start importing Assets/Scenes/Level2.unity using Guid(d624d5dce906d96489d5b4d1716576f3) Importer(815301076,1909f56bfc062723c751e8b465ee728b)  -> (artifact id: '033d93df8e578a123380ad2ab613c555') in 0.126142 seconds
  Import took 0.257069 seconds .

========================================================================
Received Prepare
Registering precompiled user dll's ...
Registered in 0.392269 seconds.
Begin MonoManager ReloadAssembly
Native extension for WindowsStandalone target not found
Refreshing native plugins compatible for Editor in 2.56 ms, found 1 plugins.
Preloading 0 native plugins for Editor in 0.00 ms.
Invoked RoslynAnalysisRunner static constructor.
RoslynAnalysisRunner will not be running.
RoslynAnalysisRunner has terminated.
Mono: successfully reloaded assembly
- Completed reload, in  3.378 seconds
Platform modules already initialized, skipping
Refreshing native plugins compatible for Editor in 1.34 ms, found 1 plugins.
Preloading 0 native plugins for Editor in 0.00 ms.
Unloading 2084 Unused Serialized files (Serialized files now loaded: 0)
System memory in use before: 94.8 MB.
System memory in use after: 94.9 MB.

Unloading 9 unused Assets to reduce memory usage. Loaded Objects now: 2573.
Total: 6.830200 ms (FindLiveObjects: 0.985300 ms CreateObjectMapping: 0.646800 ms MarkObjects: 5.149100 ms  DeleteObjects: 0.045500 ms)

========================================================================
Received Prepare
Registering precompiled user dll's ...
Registered in 0.006981 seconds.
Begin MonoManager ReloadAssembly
Native extension for WindowsStandalone target not found
Refreshing native plugins compatible for Editor in 3.90 ms, found 1 plugins.
Preloading 0 native plugins for Editor in 0.00 ms.
Invoked RoslynAnalysisRunner static constructor.
RoslynAnalysisRunner will not be running.
RoslynAnalysisRunner has terminated.
Mono: successfully reloaded assembly
- Completed reload, in  3.314 seconds
Platform modules already initialized, skipping
Refreshing native plugins compatible for Editor in 1.26 ms, found 1 plugins.
Preloading 0 native plugins for Editor in 0.00 ms.
Unloading 2084 Unused Serialized files (Serialized files now loaded: 0)
System memory in use before: 94.8 MB.
System memory in use after: 94.9 MB.

Unloading 9 unused Assets to reduce memory usage. Loaded Objects now: 2577.
Total: 6.553500 ms (FindLiveObjects: 0.679600 ms CreateObjectMapping: 0.195900 ms MarkObjects: 5.610700 ms  DeleteObjects: 0.063400 ms)

========================================================================
Received Prepare
Registering precompiled user dll's ...
Registered in 0.005072 seconds.
Begin MonoManager ReloadAssembly
Native extension for WindowsStandalone target not found
Refreshing native plugins compatible for Editor in 1.25 ms, found 1 plugins.
Preloading 0 native plugins for Editor in 0.00 ms.
Invoked RoslynAnalysisRunner static constructor.
RoslynAnalysisRunner will not be running.
RoslynAnalysisRunner has terminated.
Mono: successfully reloaded assembly
- Completed reload, in  2.886 seconds
Platform modules already initialized, skipping
Refreshing native plugins compatible for Editor in 1.53 ms, found 1 plugins.
Preloading 0 native plugins for Editor in 0.00 ms.
Unloading 2084 Unused Serialized files (Serialized files now loaded: 0)
System memory in use before: 94.8 MB.
System memory in use after: 94.9 MB.

Unloading 9 unused Assets to reduce memory usage. Loaded Objects now: 2581.
Total: 6.913200 ms (FindLiveObjects: 0.921400 ms CreateObjectMapping: 0.282900 ms MarkObjects: 5.651700 ms  DeleteObjects: 0.052300 ms)

========================================================================
Received Prepare
Registering precompiled user dll's ...
Registered in 0.004716 seconds.
Begin MonoManager ReloadAssembly
Native extension for WindowsStandalone target not found
Refreshing native plugins compatible for Editor in 2.00 ms, found 1 plugins.
Preloading 0 native plugins for Editor in 0.00 ms.
Invoked RoslynAnalysisRunner static constructor.
RoslynAnalysisRunner will not be running.
RoslynAnalysisRunner has terminated.
Mono: successfully reloaded assembly
- Completed reload, in  3.255 seconds
Platform modules already initialized, skipping
Refreshing native plugins compatible for Editor in 1.52 ms, found 1 plugins.
Preloading 0 native plugins for Editor in 0.00 ms.
Unloading 2084 Unused Serialized files (Serialized files now loaded: 0)
System memory in use before: 94.8 MB.
System memory in use after: 94.9 MB.

Unloading 9 unused Assets to reduce memory usage. Loaded Objects now: 2585.
Total: 5.800300 ms (FindLiveObjects: 0.498300 ms CreateObjectMapping: 0.138500 ms MarkObjects: 5.110200 ms  DeleteObjects: 0.050600 ms)

========================================================================
Received Prepare
Registering precompiled user dll's ...
Registered in 0.127559 seconds.
Begin MonoManager ReloadAssembly
Native extension for WindowsStandalone target not found
Refreshing native plugins compatible for Editor in 1.26 ms, found 1 plugins.
Preloading 0 native plugins for Editor in 0.00 ms.
Invoked RoslynAnalysisRunner static constructor.
RoslynAnalysisRunner will not be running.
RoslynAnalysisRunner has terminated.
Mono: successfully reloaded assembly
- Completed reload, in  3.313 seconds
Platform modules already initialized, skipping
Refreshing native plugins compatible for Editor in 1.26 ms, found 1 plugins.
Preloading 0 native plugins for Editor in 0.00 ms.
Unloading 2084 Unused Serialized files (Serialized files now loaded: 0)
System memory in use before: 94.8 MB.
System memory in use after: 94.9 MB.

Unloading 9 unused Assets to reduce memory usage. Loaded Objects now: 2589.
Total: 8.244700 ms (FindLiveObjects: 1.610000 ms CreateObjectMapping: 0.535700 ms MarkObjects: 5.970800 ms  DeleteObjects: 0.059600 ms)

========================================================================
Received Prepare
Registering precompiled user dll's ...
Registered in 0.080773 seconds.
Begin MonoManager ReloadAssembly
Native extension for WindowsStandalone target not found
Refreshing native plugins compatible for Editor in 1.24 ms, found 1 plugins.
Preloading 0 native plugins for Editor in 0.00 ms.
Invoked RoslynAnalysisRunner static constructor.
RoslynAnalysisRunner will not be running.
RoslynAnalysisRunner has terminated.
Mono: successfully reloaded assembly
- Completed reload, in  2.991 seconds
Platform modules already initialized, skipping
Refreshing native plugins compatible for Editor in 1.25 ms, found 1 plugins.
Preloading 0 native plugins for Editor in 0.00 ms.
Unloading 2084 Unused Serialized files (Serialized files now loaded: 0)
System memory in use before: 94.8 MB.
System memory in use after: 94.9 MB.

Unloading 9 unused Assets to reduce memory usage. Loaded Objects now: 2593.
Total: 5.381300 ms (FindLiveObjects: 0.497400 ms CreateObjectMapping: 0.160900 ms MarkObjects: 4.671600 ms  DeleteObjects: 0.048900 ms)

========================================================================
Received Prepare
Registering precompiled user dll's ...
Registered in 0.005783 seconds.
Begin MonoManager ReloadAssembly
Native extension for WindowsStandalone target not found
Refreshing native plugins compatible for Editor in 2.16 ms, found 1 plugins.
Preloading 0 native plugins for Editor in 0.00 ms.
Invoked RoslynAnalysisRunner static constructor.
RoslynAnalysisRunner will not be running.
RoslynAnalysisRunner has terminated.
Mono: successfully reloaded assembly
- Completed reload, in  3.390 seconds
Platform modules already initialized, skipping
Refreshing native plugins compatible for Editor in 1.42 ms, found 1 plugins.
Preloading 0 native plugins for Editor in 0.00 ms.
Unloading 2084 Unused Serialized files (Serialized files now loaded: 0)
System memory in use before: 94.8 MB.
System memory in use after: 94.9 MB.

Unloading 9 unused Assets to reduce memory usage. Loaded Objects now: 2597.
Total: 6.983100 ms (FindLiveObjects: 0.632700 ms CreateObjectMapping: 0.193400 ms MarkObjects: 6.109600 ms  DeleteObjects: 0.043800 ms)

========================================================================
Received Prepare
Registering precompiled user dll's ...
Registered in 0.006660 seconds.
Begin MonoManager ReloadAssembly
Native extension for WindowsStandalone target not found
Refreshing native plugins compatible for Editor in 2.08 ms, found 1 plugins.
Preloading 0 native plugins for Editor in 0.00 ms.
Invoked RoslynAnalysisRunner static constructor.
RoslynAnalysisRunner will not be running.
RoslynAnalysisRunner has terminated.
Mono: successfully reloaded assembly
- Completed reload, in  3.397 seconds
Platform modules already initialized, skipping
Refreshing native plugins compatible for Editor in 1.29 ms, found 1 plugins.
Preloading 0 native plugins for Editor in 0.00 ms.
Unloading 2084 Unused Serialized files (Serialized files now loaded: 0)
System memory in use before: 94.8 MB.
System memory in use after: 94.9 MB.

Unloading 9 unused Assets to reduce memory usage. Loaded Objects now: 2601.
Total: 6.746700 ms (FindLiveObjects: 0.898300 ms CreateObjectMapping: 0.407000 ms MarkObjects: 5.382800 ms  DeleteObjects: 0.054500 ms)

========================================================================
Received Prepare
Registering precompiled user dll's ...
Registered in 0.006706 seconds.
Begin MonoManager ReloadAssembly
Native extension for WindowsStandalone target not found
Refreshing native plugins compatible for Editor in 1.63 ms, found 1 plugins.
Preloading 0 native plugins for Editor in 0.00 ms.
Invoked RoslynAnalysisRunner static constructor.
RoslynAnalysisRunner will not be running.
RoslynAnalysisRunner has terminated.
Mono: successfully reloaded assembly
- Completed reload, in  3.569 seconds
Platform modules already initialized, skipping
Refreshing native plugins compatible for Editor in 2.10 ms, found 1 plugins.
Preloading 0 native plugins for Editor in 0.00 ms.
Unloading 2084 Unused Serialized files (Serialized files now loaded: 0)
System memory in use before: 94.8 MB.
System memory in use after: 94.9 MB.

Unloading 9 unused Assets to reduce memory usage. Loaded Objects now: 2605.
Total: 5.714700 ms (FindLiveObjects: 0.618500 ms CreateObjectMapping: 0.142900 ms MarkObjects: 4.901600 ms  DeleteObjects: 0.047900 ms)

========================================================================
Received Prepare
Registering precompiled user dll's ...
Registered in 0.006238 seconds.
Begin MonoManager ReloadAssembly
Native extension for WindowsStandalone target not found
Refreshing native plugins compatible for Editor in 1.85 ms, found 1 plugins.
Preloading 0 native plugins for Editor in 0.00 ms.
Invoked RoslynAnalysisRunner static constructor.
RoslynAnalysisRunner will not be running.
RoslynAnalysisRunner has terminated.
Mono: successfully reloaded assembly
- Completed reload, in  3.106 seconds
Platform modules already initialized, skipping
Refreshing native plugins compatible for Editor in 1.59 ms, found 1 plugins.
Preloading 0 native plugins for Editor in 0.00 ms.
Unloading 2084 Unused Serialized files (Serialized files now loaded: 0)
System memory in use before: 94.8 MB.
System memory in use after: 95.0 MB.

Unloading 9 unused Assets to reduce memory usage. Loaded Objects now: 2609.
Total: 8.282300 ms (FindLiveObjects: 0.830000 ms CreateObjectMapping: 0.441600 ms MarkObjects: 6.947600 ms  DeleteObjects: 0.058900 ms)

========================================================================
Received Import Request.
  Time since last request: 955.888540 seconds.
  path: Assets/Animations/FadeoutPanel/Panel.controller
  artifactKey: Guid(eb9b1107c18f1104b95dfc8d42956ee9) Importer(815301076,1909f56bfc062723c751e8b465ee728b)
Start importing Assets/Animations/FadeoutPanel/Panel.controller using Guid(eb9b1107c18f1104b95dfc8d42956ee9) Importer(815301076,1909f56bfc062723c751e8b465ee728b)  -> (artifact id: 'cf7d19af711802020101aa65d612f641') in 0.066593 seconds
  Import took 0.324697 seconds .

========================================================================
Received Import Request.
  Time since last request: 22.786415 seconds.
  path: Assets/Animations/FadeoutPanel/Fadein.anim
  artifactKey: Guid(e9ece3771280bd043819688bd6a353c7) Importer(815301076,1909f56bfc062723c751e8b465ee728b)
Start importing Assets/Animations/FadeoutPanel/Fadein.anim using Guid(e9ece3771280bd043819688bd6a353c7) Importer(815301076,1909f56bfc062723c751e8b465ee728b)  -> (artifact id: '4841b894543ac100855c0f558af7394e') in 0.038707 seconds
  Import took 0.216525 seconds .

========================================================================
Received Import Request.
  Time since last request: 0.190329 seconds.
  path: Assets/Animations/FadeoutPanel/Fadeout.anim
  artifactKey: Guid(bafe4baf77fd242498fe570a9a203b33) Importer(815301076,1909f56bfc062723c751e8b465ee728b)
Start importing Assets/Animations/FadeoutPanel/Fadeout.anim using Guid(bafe4baf77fd242498fe570a9a203b33) Importer(815301076,1909f56bfc062723c751e8b465ee728b)  -> (artifact id: '1fd0a6d60ff024b5699694095107f4c6') in 0.020627 seconds
  Import took 0.086853 seconds .

========================================================================
Received Prepare
Registering precompiled user dll's ...
Registered in 0.006205 seconds.
Begin MonoManager ReloadAssembly
Native extension for WindowsStandalone target not found
Refreshing native plugins compatible for Editor in 1.98 ms, found 1 plugins.
Preloading 0 native plugins for Editor in 0.00 ms.
Invoked RoslynAnalysisRunner static constructor.
RoslynAnalysisRunner will not be running.
RoslynAnalysisRunner has terminated.
Mono: successfully reloaded assembly
- Completed reload, in  3.217 seconds
Platform modules already initialized, skipping
Refreshing native plugins compatible for Editor in 1.29 ms, found 1 plugins.
Preloading 0 native plugins for Editor in 0.00 ms.
Unloading 2084 Unused Serialized files (Serialized files now loaded: 0)
System memory in use before: 94.8 MB.
System memory in use after: 95.0 MB.

Unloading 9 unused Assets to reduce memory usage. Loaded Objects now: 2613.
Total: 6.013100 ms (FindLiveObjects: 0.821500 ms CreateObjectMapping: 0.141200 ms MarkObjects: 4.999000 ms  DeleteObjects: 0.048600 ms)

========================================================================
Received Prepare
Registering precompiled user dll's ...
Registered in 0.072890 seconds.
Begin MonoManager ReloadAssembly
Native extension for WindowsStandalone target not found
Refreshing native plugins compatible for Editor in 1.36 ms, found 1 plugins.
Preloading 0 native plugins for Editor in 0.00 ms.
Invoked RoslynAnalysisRunner static constructor.
RoslynAnalysisRunner will not be running.
RoslynAnalysisRunner has terminated.
Mono: successfully reloaded assembly
- Completed reload, in  3.276 seconds
Platform modules already initialized, skipping
Refreshing native plugins compatible for Editor in 2.20 ms, found 1 plugins.
Preloading 0 native plugins for Editor in 0.00 ms.
Unloading 2084 Unused Serialized files (Serialized files now loaded: 0)
System memory in use before: 94.8 MB.
System memory in use after: 95.0 MB.

Unloading 9 unused Assets to reduce memory usage. Loaded Objects now: 2617.
Total: 5.559700 ms (FindLiveObjects: 0.570700 ms CreateObjectMapping: 0.147800 ms MarkObjects: 4.789800 ms  DeleteObjects: 0.048200 ms)

========================================================================
Received Prepare
Registering precompiled user dll's ...
Registered in 0.006613 seconds.
Begin MonoManager ReloadAssembly
Native extension for WindowsStandalone target not found
Refreshing native plugins compatible for Editor in 2.30 ms, found 1 plugins.
Preloading 0 native plugins for Editor in 0.00 ms.
Invoked RoslynAnalysisRunner static constructor.
RoslynAnalysisRunner will not be running.
RoslynAnalysisRunner has terminated.
Mono: successfully reloaded assembly
- Completed reload, in  3.286 seconds
Platform modules already initialized, skipping
Refreshing native plugins compatible for Editor in 1.30 ms, found 1 plugins.
Preloading 0 native plugins for Editor in 0.00 ms.
Unloading 2084 Unused Serialized files (Serialized files now loaded: 0)
System memory in use before: 94.9 MB.
System memory in use after: 95.0 MB.

Unloading 9 unused Assets to reduce memory usage. Loaded Objects now: 2621.
Total: 6.271000 ms (FindLiveObjects: 0.804900 ms CreateObjectMapping: 0.296000 ms MarkObjects: 5.113800 ms  DeleteObjects: 0.052100 ms)

========================================================================
Received Prepare
Registering precompiled user dll's ...
Registered in 0.006267 seconds.
Begin MonoManager ReloadAssembly
Native extension for WindowsStandalone target not found
Refreshing native plugins compatible for Editor in 1.50 ms, found 1 plugins.
Preloading 0 native plugins for Editor in 0.00 ms.
Invoked RoslynAnalysisRunner static constructor.
RoslynAnalysisRunner will not be running.
RoslynAnalysisRunner has terminated.
Mono: successfully reloaded assembly
- Completed reload, in  3.301 seconds
Platform modules already initialized, skipping
Refreshing native plugins compatible for Editor in 1.49 ms, found 1 plugins.
Preloading 0 native plugins for Editor in 0.00 ms.
Unloading 2084 Unused Serialized files (Serialized files now loaded: 0)
System memory in use before: 94.9 MB.
System memory in use after: 95.0 MB.

Unloading 9 unused Assets to reduce memory usage. Loaded Objects now: 2625.
Total: 5.735100 ms (FindLiveObjects: 0.698000 ms CreateObjectMapping: 0.195600 ms MarkObjects: 4.785700 ms  DeleteObjects: 0.052600 ms)

========================================================================
Received Prepare
Registering precompiled user dll's ...
Registered in 0.005265 seconds.
Begin MonoManager ReloadAssembly
Native extension for WindowsStandalone target not found
Refreshing native plugins compatible for Editor in 2.04 ms, found 1 plugins.
Preloading 0 native plugins for Editor in 0.00 ms.
Invoked RoslynAnalysisRunner static constructor.
RoslynAnalysisRunner will not be running.
RoslynAnalysisRunner has terminated.
Mono: successfully reloaded assembly
- Completed reload, in  3.147 seconds
Platform modules already initialized, skipping
Refreshing native plugins compatible for Editor in 1.25 ms, found 1 plugins.
Preloading 0 native plugins for Editor in 0.00 ms.
Unloading 2084 Unused Serialized files (Serialized files now loaded: 0)
System memory in use before: 94.9 MB.
System memory in use after: 95.0 MB.

Unloading 9 unused Assets to reduce memory usage. Loaded Objects now: 2629.
Total: 5.900400 ms (FindLiveObjects: 0.547400 ms CreateObjectMapping: 0.135800 ms MarkObjects: 5.171200 ms  DeleteObjects: 0.043100 ms)

========================================================================
Received Import Request.
  Time since last request: 557.299239 seconds.
  path: Assets/Scenes/Level1.unity
  artifactKey: Guid(2cda990e2423bbf4892e6590ba056729) Importer(815301076,1909f56bfc062723c751e8b465ee728b)
Start importing Assets/Scenes/Level1.unity using Guid(2cda990e2423bbf4892e6590ba056729) Importer(815301076,1909f56bfc062723c751e8b465ee728b)  -> (artifact id: 'ebbbe02a026f914610d4bde772905461') in 0.143891 seconds
  Import took 0.272291 seconds .

========================================================================
Received Import Request.
  Time since last request: 118.468015 seconds.
  path: Assets/Prefab/FadePanel.prefab
  artifactKey: Guid(27d2fdacdc50889468de861ca4f0b877) Importer(815301076,1909f56bfc062723c751e8b465ee728b)
Start importing Assets/Prefab/FadePanel.prefab using Guid(27d2fdacdc50889468de861ca4f0b877) Importer(815301076,1909f56bfc062723c751e8b465ee728b)  -> (artifact id: '8eaa0fb5ba4a6d44b852357890c53425') in 0.199806 seconds
  Import took 0.265052 seconds .

========================================================================
Received Import Request.
  Time since last request: 0.734980 seconds.
  path: Assets/Prefab
  artifactKey: Guid(5d7d9b1bd0d2fa942a7e5a529405a8e6) Importer(815301076,1909f56bfc062723c751e8b465ee728b)
Start importing Assets/Prefab using Guid(5d7d9b1bd0d2fa942a7e5a529405a8e6) Importer(815301076,1909f56bfc062723c751e8b465ee728b)  -> (artifact id: '6d7f0a0f9de7ebdfdf6c4a0bb5aa6581') in 0.046825 seconds
  Import took 0.151133 seconds .

========================================================================
Received Import Request.
  Time since last request: 3.448113 seconds.
  path: Assets/Prefabs
  artifactKey: Guid(5d7d9b1bd0d2fa942a7e5a529405a8e6) Importer(815301076,1909f56bfc062723c751e8b465ee728b)
Start importing Assets/Prefabs using Guid(5d7d9b1bd0d2fa942a7e5a529405a8e6) Importer(815301076,1909f56bfc062723c751e8b465ee728b)  -> (artifact id: '3b25adf949265addee2b6d4a3f7a5b5c') in 0.101432 seconds
  Import took 0.211026 seconds .

========================================================================
Received Import Request.
  Time since last request: 8.195810 seconds.
  path: Assets/Scenes/Level2.unity
  artifactKey: Guid(d624d5dce906d96489d5b4d1716576f3) Importer(815301076,1909f56bfc062723c751e8b465ee728b)
Start importing Assets/Scenes/Level2.unity using Guid(d624d5dce906d96489d5b4d1716576f3) Importer(815301076,1909f56bfc062723c751e8b465ee728b)  -> (artifact id: 'e086df922ac4ad8f5cb9497396820619') in 0.054298 seconds
  Import took 0.134912 seconds .

========================================================================
Received Import Request.
  Time since last request: 122.513308 seconds.
  path: Assets/Prefabs/LevelLoader.prefab
  artifactKey: Guid(5b8c5ddac08ed4647ab2438e3a3169ea) Importer(815301076,1909f56bfc062723c751e8b465ee728b)
Start importing Assets/Prefabs/LevelLoader.prefab using Guid(5b8c5ddac08ed4647ab2438e3a3169ea) Importer(815301076,1909f56bfc062723c751e8b465ee728b)  -> (artifact id: '8d1aa71b31724df86d5bf68f616cc9c1') in 0.986376 seconds
  Import took 1.042187 seconds .

========================================================================
Received Import Request.
  Time since last request: 0.000663 seconds.
  path: Assets/Prefabs/Ladder.prefab
  artifactKey: Guid(3de8b4e679026504dbf397f5ab4d619a) Importer(815301076,1909f56bfc062723c751e8b465ee728b)
Start importing Assets/Prefabs/Ladder.prefab using Guid(3de8b4e679026504dbf397f5ab4d619a) Importer(815301076,1909f56bfc062723c751e8b465ee728b)  -> (artifact id: 'db04d3fa7b1ab7e7e8146b32f62362c6') in 0.068973 seconds
  Import took 0.121833 seconds .

========================================================================
Received Import Request.
  Time since last request: 0.000604 seconds.
  path: Assets/Prefabs/GameMaster.prefab
  artifactKey: Guid(6af1a00f52b8b334589e095a59cf8cc5) Importer(815301076,1909f56bfc062723c751e8b465ee728b)
Start importing Assets/Prefabs/GameMaster.prefab using Guid(6af1a00f52b8b334589e095a59cf8cc5) Importer(815301076,1909f56bfc062723c751e8b465ee728b)  -> (artifact id: '6fddf8c208a7e07d1dd3dae694d97220') in 0.027238 seconds
  Import took 0.059080 seconds .

========================================================================
Received Prepare
Registering precompiled user dll's ...
Registered in 0.018817 seconds.
Begin MonoManager ReloadAssembly
Native extension for WindowsStandalone target not found
Refreshing native plugins compatible for Editor in 1.95 ms, found 1 plugins.
Preloading 0 native plugins for Editor in 0.00 ms.
Invoked RoslynAnalysisRunner static constructor.
RoslynAnalysisRunner will not be running.
RoslynAnalysisRunner has terminated.
Mono: successfully reloaded assembly
- Completed reload, in  3.043 seconds
Platform modules already initialized, skipping
Refreshing native plugins compatible for Editor in 1.28 ms, found 1 plugins.
Preloading 0 native plugins for Editor in 0.00 ms.
Unloading 2084 Unused Serialized files (Serialized files now loaded: 0)
System memory in use before: 97.9 MB.
System memory in use after: 98.0 MB.

Unloading 9 unused Assets to reduce memory usage. Loaded Objects now: 2640.
Total: 7.839300 ms (FindLiveObjects: 0.519000 ms CreateObjectMapping: 0.158600 ms MarkObjects: 7.099100 ms  DeleteObjects: 0.058000 ms)

========================================================================
Received Prepare
Registering precompiled user dll's ...
Registered in 0.005552 seconds.
Begin MonoManager ReloadAssembly
Native extension for WindowsStandalone target not found
Refreshing native plugins compatible for Editor in 1.27 ms, found 1 plugins.
Preloading 0 native plugins for Editor in 0.00 ms.
Invoked RoslynAnalysisRunner static constructor.
RoslynAnalysisRunner will not be running.
RoslynAnalysisRunner has terminated.
Mono: successfully reloaded assembly
- Completed reload, in  2.902 seconds
Platform modules already initialized, skipping
Refreshing native plugins compatible for Editor in 1.30 ms, found 1 plugins.
Preloading 0 native plugins for Editor in 0.00 ms.
Unloading 2084 Unused Serialized files (Serialized files now loaded: 0)
System memory in use before: 97.9 MB.
System memory in use after: 98.0 MB.

Unloading 9 unused Assets to reduce memory usage. Loaded Objects now: 2644.
Total: 6.159800 ms (FindLiveObjects: 0.553700 ms CreateObjectMapping: 0.234000 ms MarkObjects: 5.319600 ms  DeleteObjects: 0.049000 ms)

========================================================================
Received Import Request.
  Time since last request: 72.892236 seconds.
  path: Assets/Scenes/Level2.unity
  artifactKey: Guid(d624d5dce906d96489d5b4d1716576f3) Importer(815301076,1909f56bfc062723c751e8b465ee728b)
Start importing Assets/Scenes/Level2.unity using Guid(d624d5dce906d96489d5b4d1716576f3) Importer(815301076,1909f56bfc062723c751e8b465ee728b)  -> (artifact id: 'f0af397b6b94dc952b046e5021b1de7a') in 0.112972 seconds
  Import took 0.170640 seconds .

========================================================================
Received Import Request.
  Time since last request: 11.891698 seconds.
  path: Assets/Scenes/Level3.unity
  artifactKey: Guid(38e7a6986a1a13a4e9ef94382f9ea111) Importer(815301076,1909f56bfc062723c751e8b465ee728b)
Start importing Assets/Scenes/Level3.unity using Guid(38e7a6986a1a13a4e9ef94382f9ea111) Importer(815301076,1909f56bfc062723c751e8b465ee728b)  -> (artifact id: '34323b6d435bb51e899632ceb138e421') in 0.013319 seconds
  Import took 0.166523 seconds .

========================================================================
Received Prepare
Registering precompiled user dll's ...
Registered in 0.007417 seconds.
Begin MonoManager ReloadAssembly
Native extension for WindowsStandalone target not found
Refreshing native plugins compatible for Editor in 1.19 ms, found 1 plugins.
Preloading 0 native plugins for Editor in 0.00 ms.
Invoked RoslynAnalysisRunner static constructor.
RoslynAnalysisRunner will not be running.
RoslynAnalysisRunner has terminated.
Mono: successfully reloaded assembly
- Completed reload, in  3.333 seconds
Platform modules already initialized, skipping
Refreshing native plugins compatible for Editor in 1.87 ms, found 1 plugins.
Preloading 0 native plugins for Editor in 0.00 ms.
Unloading 2084 Unused Serialized files (Serialized files now loaded: 0)
System memory in use before: 97.9 MB.
System memory in use after: 98.0 MB.

Unloading 9 unused Assets to reduce memory usage. Loaded Objects now: 2648.
Total: 7.444400 ms (FindLiveObjects: 0.726700 ms CreateObjectMapping: 0.399600 ms MarkObjects: 6.269700 ms  DeleteObjects: 0.044600 ms)

========================================================================
Received Import Request.
  Time since last request: 321.606493 seconds.
  path: Assets/Scenes/Level1.unity
  artifactKey: Guid(2cda990e2423bbf4892e6590ba056729) Importer(815301076,1909f56bfc062723c751e8b465ee728b)
Start importing Assets/Scenes/Level1.unity using Guid(2cda990e2423bbf4892e6590ba056729) Importer(815301076,1909f56bfc062723c751e8b465ee728b)  -> (artifact id: 'df58a050cebadc449a0eb5270a395715') in 0.038547 seconds
  Import took 0.065430 seconds .

========================================================================
Received Import Request.
  Time since last request: 24.357135 seconds.
  path: Assets/Scenes/Level3.unity
  artifactKey: Guid(38e7a6986a1a13a4e9ef94382f9ea111) Importer(815301076,1909f56bfc062723c751e8b465ee728b)
Start importing Assets/Scenes/Level3.unity using Guid(38e7a6986a1a13a4e9ef94382f9ea111) Importer(815301076,1909f56bfc062723c751e8b465ee728b)  -> (artifact id: 'bf39dd8b818ef4418c941b52c6f908b0') in 0.022372 seconds
  Import took 0.060883 seconds .

========================================================================
Received Import Request.
  Time since last request: 364.305887 seconds.
  path: Assets/AstarPathfindingProject/ExampleScenes/Materials/AI.mat
  artifactKey: Guid(db55ebdb9473a4a80a0037f64aafccce) Importer(815301076,1909f56bfc062723c751e8b465ee728b)
Start importing Assets/AstarPathfindingProject/ExampleScenes/Materials/AI.mat using Guid(db55ebdb9473a4a80a0037f64aafccce) Importer(815301076,1909f56bfc062723c751e8b465ee728b)  -> (artifact id: '406f97be5cc2007e57169f56226fb57f') in 4.131704 seconds
  Import took 4.233301 seconds .

========================================================================
Received Prepare
Registering precompiled user dll's ...
Registered in 0.004544 seconds.
Begin MonoManager ReloadAssembly
Native extension for WindowsStandalone target not found
Refreshing native plugins compatible for Editor in 1.67 ms, found 1 plugins.
Preloading 0 native plugins for Editor in 0.00 ms.
Invoked RoslynAnalysisRunner static constructor.
RoslynAnalysisRunner will not be running.
RoslynAnalysisRunner has terminated.
Mono: successfully reloaded assembly
- Completed reload, in  3.208 seconds
Platform modules already initialized, skipping
Refreshing native plugins compatible for Editor in 1.17 ms, found 1 plugins.
Preloading 0 native plugins for Editor in 0.00 ms.
Unloading 2084 Unused Serialized files (Serialized files now loaded: 0)
System memory in use before: 98.2 MB.
System memory in use after: 98.3 MB.

Unloading 9 unused Assets to reduce memory usage. Loaded Objects now: 2686.
Total: 5.986900 ms (FindLiveObjects: 0.755300 ms CreateObjectMapping: 0.378400 ms MarkObjects: 4.805200 ms  DeleteObjects: 0.045300 ms)

========================================================================
Received Prepare
Registering precompiled user dll's ...
Registered in 0.022794 seconds.
Begin MonoManager ReloadAssembly
Native extension for WindowsStandalone target not found
Refreshing native plugins compatible for Editor in 1.98 ms, found 1 plugins.
Preloading 0 native plugins for Editor in 0.00 ms.
Invoked RoslynAnalysisRunner static constructor.
RoslynAnalysisRunner will not be running.
RoslynAnalysisRunner has terminated.
Mono: successfully reloaded assembly
- Completed reload, in  3.103 seconds
Platform modules already initialized, skipping
Refreshing native plugins compatible for Editor in 2.00 ms, found 1 plugins.
Preloading 0 native plugins for Editor in 0.00 ms.
Unloading 2084 Unused Serialized files (Serialized files now loaded: 0)
System memory in use before: 98.2 MB.
System memory in use after: 98.3 MB.

Unloading 9 unused Assets to reduce memory usage. Loaded Objects now: 2690.
Total: 5.202200 ms (FindLiveObjects: 0.477600 ms CreateObjectMapping: 0.132900 ms MarkObjects: 4.545500 ms  DeleteObjects: 0.043500 ms)

========================================================================
Received Import Request.
  Time since last request: 223.569734 seconds.
  path: Assets/Prefabs/OptionPanel.prefab
  artifactKey: Guid(497abbb95a5b1c840b199dc1ebd16a64) Importer(815301076,1909f56bfc062723c751e8b465ee728b)
Start importing Assets/Prefabs/OptionPanel.prefab using Guid(497abbb95a5b1c840b199dc1ebd16a64) Importer(815301076,1909f56bfc062723c751e8b465ee728b)  -> (artifact id: '416f65a3ce2df63bbebbe7377eecf980') in 0.550162 seconds
  Import took 1.364594 seconds .

========================================================================
Received Import Request.
  Time since last request: 81.090824 seconds.
  path: Assets/Scenes/Level2.unity
  artifactKey: Guid(d624d5dce906d96489d5b4d1716576f3) Importer(815301076,1909f56bfc062723c751e8b465ee728b)
Start importing Assets/Scenes/Level2.unity using Guid(d624d5dce906d96489d5b4d1716576f3) Importer(815301076,1909f56bfc062723c751e8b465ee728b)  -> (artifact id: '39d8e307ca10dfb5f674c11c1a8606c5') in 0.030611 seconds
  Import took 0.094135 seconds .

========================================================================
Received Prepare
Registering precompiled user dll's ...
Registered in 0.007726 seconds.
Begin MonoManager ReloadAssembly
Native extension for WindowsStandalone target not found
Refreshing native plugins compatible for Editor in 1.23 ms, found 1 plugins.
Preloading 0 native plugins for Editor in 0.00 ms.
Invoked RoslynAnalysisRunner static constructor.
RoslynAnalysisRunner will not be running.
RoslynAnalysisRunner has terminated.
Mono: successfully reloaded assembly
- Completed reload, in  2.931 seconds
Platform modules already initialized, skipping
Refreshing native plugins compatible for Editor in 1.19 ms, found 1 plugins.
Preloading 0 native plugins for Editor in 0.00 ms.
Unloading 2084 Unused Serialized files (Serialized files now loaded: 0)
System memory in use before: 98.2 MB.
System memory in use after: 98.3 MB.

Unloading 10 unused Assets to reduce memory usage. Loaded Objects now: 2694.
Total: 6.361200 ms (FindLiveObjects: 0.485200 ms CreateObjectMapping: 0.137500 ms MarkObjects: 5.662300 ms  DeleteObjects: 0.072400 ms)

========================================================================
Received Prepare
Registering precompiled user dll's ...
Registered in 0.004985 seconds.
Begin MonoManager ReloadAssembly
Native extension for WindowsStandalone target not found
Refreshing native plugins compatible for Editor in 1.19 ms, found 1 plugins.
Preloading 0 native plugins for Editor in 0.00 ms.
Invoked RoslynAnalysisRunner static constructor.
RoslynAnalysisRunner will not be running.
RoslynAnalysisRunner has terminated.
Mono: successfully reloaded assembly
- Completed reload, in  3.358 seconds
Platform modules already initialized, skipping
Refreshing native plugins compatible for Editor in 1.64 ms, found 1 plugins.
Preloading 0 native plugins for Editor in 0.00 ms.
Unloading 2084 Unused Serialized files (Serialized files now loaded: 0)
System memory in use before: 98.2 MB.
System memory in use after: 98.3 MB.

Unloading 9 unused Assets to reduce memory usage. Loaded Objects now: 2698.
Total: 10.293300 ms (FindLiveObjects: 0.876900 ms CreateObjectMapping: 0.442500 ms MarkObjects: 8.901300 ms  DeleteObjects: 0.068400 ms)

========================================================================
Received Prepare
Registering precompiled user dll's ...
Registered in 0.197094 seconds.
Begin MonoManager ReloadAssembly
Native extension for WindowsStandalone target not found
Refreshing native plugins compatible for Editor in 2.07 ms, found 1 plugins.
Preloading 0 native plugins for Editor in 0.00 ms.
Invoked RoslynAnalysisRunner static constructor.
RoslynAnalysisRunner will not be running.
RoslynAnalysisRunner has terminated.
Mono: successfully reloaded assembly
- Completed reload, in  7.848 seconds
Platform modules already initialized, skipping
Refreshing native plugins compatible for Editor in 1.27 ms, found 1 plugins.
Preloading 0 native plugins for Editor in 0.00 ms.
Unloading 2084 Unused Serialized files (Serialized files now loaded: 0)
System memory in use before: 98.2 MB.
System memory in use after: 98.3 MB.

Unloading 9 unused Assets to reduce memory usage. Loaded Objects now: 2702.
Total: 11.652500 ms (FindLiveObjects: 1.458600 ms CreateObjectMapping: 0.662900 ms MarkObjects: 9.464800 ms  DeleteObjects: 0.061700 ms)

========================================================================
Received Prepare
Registering precompiled user dll's ...
Registered in 0.010851 seconds.
Begin MonoManager ReloadAssembly
Native extension for WindowsStandalone target not found
Refreshing native plugins compatible for Editor in 1.17 ms, found 1 plugins.
Preloading 0 native plugins for Editor in 0.00 ms.
Invoked RoslynAnalysisRunner static constructor.
RoslynAnalysisRunner will not be running.
RoslynAnalysisRunner has terminated.
Mono: successfully reloaded assembly
- Completed reload, in  2.827 seconds
Platform modules already initialized, skipping
Refreshing native plugins compatible for Editor in 1.18 ms, found 1 plugins.
Preloading 0 native plugins for Editor in 0.00 ms.
Unloading 2084 Unused Serialized files (Serialized files now loaded: 0)
System memory in use before: 98.2 MB.
System memory in use after: 98.4 MB.

Unloading 9 unused Assets to reduce memory usage. Loaded Objects now: 2706.
Total: 8.228100 ms (FindLiveObjects: 2.272900 ms CreateObjectMapping: 0.304100 ms MarkObjects: 5.604400 ms  DeleteObjects: 0.042200 ms)

========================================================================
Received Prepare
Registering precompiled user dll's ...
Registered in 0.005391 seconds.
Begin MonoManager ReloadAssembly
Native extension for WindowsStandalone target not found
Refreshing native plugins compatible for Editor in 2.15 ms, found 1 plugins.
Preloading 0 native plugins for Editor in 0.00 ms.
Invoked RoslynAnalysisRunner static constructor.
RoslynAnalysisRunner will not be running.
RoslynAnalysisRunner has terminated.
Mono: successfully reloaded assembly
- Completed reload, in  3.222 seconds
Platform modules already initialized, skipping
Refreshing native plugins compatible for Editor in 2.03 ms, found 1 plugins.
Preloading 0 native plugins for Editor in 0.00 ms.
Unloading 2084 Unused Serialized files (Serialized files now loaded: 0)
System memory in use before: 98.2 MB.
System memory in use after: 98.4 MB.

Unloading 9 unused Assets to reduce memory usage. Loaded Objects now: 2710.
Total: 5.675000 ms (FindLiveObjects: 0.727300 ms CreateObjectMapping: 0.287600 ms MarkObjects: 4.607600 ms  DeleteObjects: 0.049200 ms)

========================================================================
Received Prepare
Registering precompiled user dll's ...
Registered in 0.069475 seconds.
Begin MonoManager ReloadAssembly
Native extension for WindowsStandalone target not found
Refreshing native plugins compatible for Editor in 1.27 ms, found 1 plugins.
Preloading 0 native plugins for Editor in 0.00 ms.
Invoked RoslynAnalysisRunner static constructor.
RoslynAnalysisRunner will not be running.
RoslynAnalysisRunner has terminated.
Mono: successfully reloaded assembly
- Completed reload, in  1.454 seconds
Platform modules already initialized, skipping
Refreshing native plugins compatible for Editor in 0.65 ms, found 1 plugins.
Preloading 0 native plugins for Editor in 0.00 ms.
Unloading 2084 Unused Serialized files (Serialized files now loaded: 0)
System memory in use before: 98.2 MB.
System memory in use after: 98.4 MB.

Unloading 9 unused Assets to reduce memory usage. Loaded Objects now: 2714.
Total: 2.454400 ms (FindLiveObjects: 0.309700 ms CreateObjectMapping: 0.056900 ms MarkObjects: 2.064400 ms  DeleteObjects: 0.022000 ms)

========================================================================
Received Prepare
Registering precompiled user dll's ...
Registered in 0.002724 seconds.
Begin MonoManager ReloadAssembly
Native extension for WindowsStandalone target not found
Refreshing native plugins compatible for Editor in 0.63 ms, found 1 plugins.
Preloading 0 native plugins for Editor in 0.00 ms.
Invoked RoslynAnalysisRunner static constructor.
RoslynAnalysisRunner will not be running.
RoslynAnalysisRunner has terminated.
Mono: successfully reloaded assembly
- Completed reload, in  1.189 seconds
Platform modules already initialized, skipping
Refreshing native plugins compatible for Editor in 0.69 ms, found 1 plugins.
Preloading 0 native plugins for Editor in 0.00 ms.
Unloading 2084 Unused Serialized files (Serialized files now loaded: 0)
System memory in use before: 98.3 MB.
System memory in use after: 98.4 MB.

Unloading 9 unused Assets to reduce memory usage. Loaded Objects now: 2718.
Total: 3.928900 ms (FindLiveObjects: 0.520300 ms CreateObjectMapping: 0.167700 ms MarkObjects: 3.209400 ms  DeleteObjects: 0.029700 ms)

========================================================================
Received Prepare
Registering precompiled user dll's ...
Registered in 0.003440 seconds.
Begin MonoManager ReloadAssembly
Native extension for WindowsStandalone target not found
Refreshing native plugins compatible for Editor in 0.82 ms, found 1 plugins.
Preloading 0 native plugins for Editor in 0.00 ms.
Invoked RoslynAnalysisRunner static constructor.
RoslynAnalysisRunner will not be running.
RoslynAnalysisRunner has terminated.
Mono: successfully reloaded assembly
- Completed reload, in  1.321 seconds
Platform modules already initialized, skipping
Refreshing native plugins compatible for Editor in 0.73 ms, found 1 plugins.
Preloading 0 native plugins for Editor in 0.00 ms.
Unloading 2084 Unused Serialized files (Serialized files now loaded: 0)
System memory in use before: 98.4 MB.
System memory in use after: 98.5 MB.

Unloading 9 unused Assets to reduce memory usage. Loaded Objects now: 2722.
Total: 3.552600 ms (FindLiveObjects: 0.469600 ms CreateObjectMapping: 0.225300 ms MarkObjects: 2.831900 ms  DeleteObjects: 0.023800 ms)

========================================================================
Received Import Request.
  Time since last request: 848.410528 seconds.
  path: Assets/Scenes/Level1.unity
  artifactKey: Guid(2cda990e2423bbf4892e6590ba056729) Importer(815301076,1909f56bfc062723c751e8b465ee728b)
Start importing Assets/Scenes/Level1.unity using Guid(2cda990e2423bbf4892e6590ba056729) Importer(815301076,1909f56bfc062723c751e8b465ee728b)  -> (artifact id: '1a38b82c93519d1adf71349e5c56ac44') in 0.133225 seconds
  Import took 0.748425 seconds .

========================================================================
Received Prepare
Registering precompiled user dll's ...
Registered in 0.261455 seconds.
Begin MonoManager ReloadAssembly
Native extension for WindowsStandalone target not found
Refreshing native plugins compatible for Editor in 0.64 ms, found 1 plugins.
Preloading 0 native plugins for Editor in 0.00 ms.
Invoked RoslynAnalysisRunner static constructor.
RoslynAnalysisRunner will not be running.
RoslynAnalysisRunner has terminated.
Mono: successfully reloaded assembly
- Completed reload, in  4.188 seconds
Platform modules already initialized, skipping
Refreshing native plugins compatible for Editor in 0.72 ms, found 1 plugins.
Preloading 0 native plugins for Editor in 0.00 ms.
Unloading 2084 Unused Serialized files (Serialized files now loaded: 0)
System memory in use before: 98.4 MB.
System memory in use after: 98.5 MB.

Unloading 9 unused Assets to reduce memory usage. Loaded Objects now: 2726.
Total: 3.702500 ms (FindLiveObjects: 0.580000 ms CreateObjectMapping: 0.076400 ms MarkObjects: 3.007600 ms  DeleteObjects: 0.036300 ms)

========================================================================
Received Prepare
Registering precompiled user dll's ...
Registered in 0.002613 seconds.
Begin MonoManager ReloadAssembly
Native extension for WindowsStandalone target not found
Refreshing native plugins compatible for Editor in 0.69 ms, found 1 plugins.
Preloading 0 native plugins for Editor in 0.00 ms.
Invoked RoslynAnalysisRunner static constructor.
RoslynAnalysisRunner will not be running.
RoslynAnalysisRunner has terminated.
Mono: successfully reloaded assembly
- Completed reload, in  1.375 seconds
Platform modules already initialized, skipping
Refreshing native plugins compatible for Editor in 0.72 ms, found 1 plugins.
Preloading 0 native plugins for Editor in 0.00 ms.
Unloading 2084 Unused Serialized files (Serialized files now loaded: 0)
System memory in use before: 98.4 MB.
System memory in use after: 98.6 MB.

Unloading 9 unused Assets to reduce memory usage. Loaded Objects now: 2730.
Total: 3.290200 ms (FindLiveObjects: 0.314400 ms CreateObjectMapping: 0.067600 ms MarkObjects: 2.878500 ms  DeleteObjects: 0.027400 ms)

========================================================================
Received Import Request.
  Time since last request: 97.929228 seconds.
  path: Assets/Scenes/Level2.unity
  artifactKey: Guid(d624d5dce906d96489d5b4d1716576f3) Importer(815301076,1909f56bfc062723c751e8b465ee728b)
Start importing Assets/Scenes/Level2.unity using Guid(d624d5dce906d96489d5b4d1716576f3) Importer(815301076,1909f56bfc062723c751e8b465ee728b)  -> (artifact id: 'cc6d2f156461f192d8076140e7b6b529') in 0.020148 seconds
  Import took 0.070076 seconds .

========================================================================
Received Import Request.
  Time since last request: 15.772952 seconds.
  path: Assets/Scenes/Menu.unity
  artifactKey: Guid(446bccbc9f7b4484a9440d98fcc60540) Importer(815301076,1909f56bfc062723c751e8b465ee728b)
Start importing Assets/Scenes/Menu.unity using Guid(446bccbc9f7b4484a9440d98fcc60540) Importer(815301076,1909f56bfc062723c751e8b465ee728b)  -> (artifact id: 'e6cc6ecc9eaee71d16b4659c9a3b2925') in 0.073656 seconds
  Import took 0.098035 seconds .

========================================================================
Received Prepare
Registering precompiled user dll's ...
Registered in 0.002462 seconds.
Begin MonoManager ReloadAssembly
Native extension for WindowsStandalone target not found
Refreshing native plugins compatible for Editor in 0.88 ms, found 1 plugins.
Preloading 0 native plugins for Editor in 0.00 ms.
Invoked RoslynAnalysisRunner static constructor.
RoslynAnalysisRunner will not be running.
RoslynAnalysisRunner has terminated.
Mono: successfully reloaded assembly
- Completed reload, in  1.572 seconds
Platform modules already initialized, skipping
Refreshing native plugins compatible for Editor in 0.91 ms, found 1 plugins.
Preloading 0 native plugins for Editor in 0.00 ms.
Unloading 2084 Unused Serialized files (Serialized files now loaded: 0)
System memory in use before: 98.4 MB.
System memory in use after: 98.6 MB.

Unloading 9 unused Assets to reduce memory usage. Loaded Objects now: 2734.
Total: 3.664600 ms (FindLiveObjects: 0.526500 ms CreateObjectMapping: 0.195000 ms MarkObjects: 2.916100 ms  DeleteObjects: 0.025200 ms)

========================================================================
Received Prepare
Registering precompiled user dll's ...
Registered in 0.002349 seconds.
Begin MonoManager ReloadAssembly
Native extension for WindowsStandalone target not found
Refreshing native plugins compatible for Editor in 0.80 ms, found 1 plugins.
Preloading 0 native plugins for Editor in 0.00 ms.
Invoked RoslynAnalysisRunner static constructor.
RoslynAnalysisRunner will not be running.
RoslynAnalysisRunner has terminated.
Mono: successfully reloaded assembly
- Completed reload, in  1.663 seconds
Platform modules already initialized, skipping
Refreshing native plugins compatible for Editor in 0.65 ms, found 1 plugins.
Preloading 0 native plugins for Editor in 0.00 ms.
Unloading 2084 Unused Serialized files (Serialized files now loaded: 0)
System memory in use before: 98.4 MB.
System memory in use after: 98.6 MB.

Unloading 9 unused Assets to reduce memory usage. Loaded Objects now: 2738.
Total: 3.417100 ms (FindLiveObjects: 0.341200 ms CreateObjectMapping: 0.097600 ms MarkObjects: 2.949900 ms  DeleteObjects: 0.026300 ms)

========================================================================
Received Prepare
Registering precompiled user dll's ...
Registered in 0.003955 seconds.
Begin MonoManager ReloadAssembly
Native extension for WindowsStandalone target not found
Refreshing native plugins compatible for Editor in 0.61 ms, found 1 plugins.
Preloading 0 native plugins for Editor in 0.00 ms.
Invoked RoslynAnalysisRunner static constructor.
RoslynAnalysisRunner will not be running.
RoslynAnalysisRunner has terminated.
Mono: successfully reloaded assembly
- Completed reload, in  1.481 seconds
Platform modules already initialized, skipping
Refreshing native plugins compatible for Editor in 0.61 ms, found 1 plugins.
Preloading 0 native plugins for Editor in 0.00 ms.
Unloading 2084 Unused Serialized files (Serialized files now loaded: 0)
System memory in use before: 98.4 MB.
System memory in use after: 98.6 MB.

Unloading 9 unused Assets to reduce memory usage. Loaded Objects now: 2742.
Total: 3.296700 ms (FindLiveObjects: 0.351400 ms CreateObjectMapping: 0.087600 ms MarkObjects: 2.833000 ms  DeleteObjects: 0.022500 ms)

========================================================================
Received Import Request.
  Time since last request: 187.125931 seconds.
  path: Assets/Scenes/Level3.unity
  artifactKey: Guid(38e7a6986a1a13a4e9ef94382f9ea111) Importer(815301076,1909f56bfc062723c751e8b465ee728b)
Start importing Assets/Scenes/Level3.unity using Guid(38e7a6986a1a13a4e9ef94382f9ea111) Importer(815301076,1909f56bfc062723c751e8b465ee728b)  -> (artifact id: '322ffd1f00a4ad683edc390b698f82e6') in 0.021865 seconds
  Import took 0.071218 seconds .

========================================================================
Received Import Request.
  Time since last request: 23.475894 seconds.
  path: Assets/Scenes/Level1.unity
  artifactKey: Guid(2cda990e2423bbf4892e6590ba056729) Importer(815301076,1909f56bfc062723c751e8b465ee728b)
Start importing Assets/Scenes/Level1.unity using Guid(2cda990e2423bbf4892e6590ba056729) Importer(815301076,1909f56bfc062723c751e8b465ee728b)  -> (artifact id: '2cb03b39199c6ff6cde33fd48462c385') in 0.008824 seconds
  Import took 0.064152 seconds .

========================================================================
Received Import Request.
  Time since last request: 30.049457 seconds.
  path: Assets/Scenes/Menu.unity
  artifactKey: Guid(446bccbc9f7b4484a9440d98fcc60540) Importer(815301076,1909f56bfc062723c751e8b465ee728b)
Start importing Assets/Scenes/Menu.unity using Guid(446bccbc9f7b4484a9440d98fcc60540) Importer(815301076,1909f56bfc062723c751e8b465ee728b)  -> (artifact id: '98925051412414852e48eaec1bbc602a') in 0.014074 seconds
  Import took 0.049737 seconds .

========================================================================
Received Prepare
Registering precompiled user dll's ...
Registered in 0.004799 seconds.
Begin MonoManager ReloadAssembly
Native extension for WindowsStandalone target not found
Refreshing native plugins compatible for Editor in 1.47 ms, found 1 plugins.
Preloading 0 native plugins for Editor in 0.00 ms.
Invoked RoslynAnalysisRunner static constructor.
RoslynAnalysisRunner will not be running.
RoslynAnalysisRunner has terminated.
Mono: successfully reloaded assembly
- Completed reload, in  1.797 seconds
Platform modules already initialized, skipping
Refreshing native plugins compatible for Editor in 1.35 ms, found 1 plugins.
Preloading 0 native plugins for Editor in 0.00 ms.
Unloading 2084 Unused Serialized files (Serialized files now loaded: 0)
System memory in use before: 98.4 MB.
System memory in use after: 98.7 MB.

Unloading 9 unused Assets to reduce memory usage. Loaded Objects now: 2746.
Total: 7.001100 ms (FindLiveObjects: 0.678900 ms CreateObjectMapping: 0.312300 ms MarkObjects: 5.969500 ms  DeleteObjects: 0.037800 ms)

========================================================================
Received Import Request.
  Time since last request: 99.922968 seconds.
  path: Assets/Scenes/Level1.unity
  artifactKey: Guid(2cda990e2423bbf4892e6590ba056729) Importer(815301076,1909f56bfc062723c751e8b465ee728b)
Start importing Assets/Scenes/Level1.unity using Guid(2cda990e2423bbf4892e6590ba056729) Importer(815301076,1909f56bfc062723c751e8b465ee728b)  -> (artifact id: '1f67885fbfa366e0464c13a66fe0e50e') in 0.026545 seconds
  Import took 0.075013 seconds .

========================================================================
Received Prepare
Registering precompiled user dll's ...
Registered in 0.003730 seconds.
Begin MonoManager ReloadAssembly
Native extension for WindowsStandalone target not found
Refreshing native plugins compatible for Editor in 0.84 ms, found 1 plugins.
Preloading 0 native plugins for Editor in 0.00 ms.
Invoked RoslynAnalysisRunner static constructor.
RoslynAnalysisRunner will not be running.
RoslynAnalysisRunner has terminated.
Mono: successfully reloaded assembly
- Completed reload, in  1.373 seconds
Platform modules already initialized, skipping
Refreshing native plugins compatible for Editor in 0.70 ms, found 1 plugins.
Preloading 0 native plugins for Editor in 0.00 ms.
Unloading 2084 Unused Serialized files (Serialized files now loaded: 0)
System memory in use before: 98.5 MB.
System memory in use after: 98.7 MB.

Unloading 9 unused Assets to reduce memory usage. Loaded Objects now: 2750.
Total: 3.250000 ms (FindLiveObjects: 0.384000 ms CreateObjectMapping: 0.096300 ms MarkObjects: 2.743700 ms  DeleteObjects: 0.024600 ms)

========================================================================
Received Import Request.
  Time since last request: 17.801116 seconds.
  path: Assets/Scenes/Menu.unity
  artifactKey: Guid(446bccbc9f7b4484a9440d98fcc60540) Importer(815301076,1909f56bfc062723c751e8b465ee728b)
Start importing Assets/Scenes/Menu.unity using Guid(446bccbc9f7b4484a9440d98fcc60540) Importer(815301076,1909f56bfc062723c751e8b465ee728b)  -> (artifact id: '67cf83f64bc161a1f4840056d72983c2') in 0.148622 seconds
  Import took 0.180583 seconds .

========================================================================
Received Prepare
Registering precompiled user dll's ...
Registered in 0.002561 seconds.
Begin MonoManager ReloadAssembly
Native extension for WindowsStandalone target not found
Refreshing native plugins compatible for Editor in 1.04 ms, found 1 plugins.
Preloading 0 native plugins for Editor in 0.00 ms.
Invoked RoslynAnalysisRunner static constructor.
RoslynAnalysisRunner will not be running.
RoslynAnalysisRunner has terminated.
Mono: successfully reloaded assembly
- Completed reload, in  1.552 seconds
Platform modules already initialized, skipping
Refreshing native plugins compatible for Editor in 0.60 ms, found 1 plugins.
Preloading 0 native plugins for Editor in 0.00 ms.
Unloading 2084 Unused Serialized files (Serialized files now loaded: 0)
System memory in use before: 98.5 MB.
System memory in use after: 98.7 MB.

Unloading 9 unused Assets to reduce memory usage. Loaded Objects now: 2754.
Total: 3.980600 ms (FindLiveObjects: 0.517100 ms CreateObjectMapping: 0.203500 ms MarkObjects: 3.233900 ms  DeleteObjects: 0.023500 ms)

========================================================================
Received Prepare
Registering precompiled user dll's ...
Registered in 0.003631 seconds.
Begin MonoManager ReloadAssembly
Native extension for WindowsStandalone target not found
Refreshing native plugins compatible for Editor in 0.61 ms, found 1 plugins.
Preloading 0 native plugins for Editor in 0.00 ms.
Invoked RoslynAnalysisRunner static constructor.
RoslynAnalysisRunner will not be running.
RoslynAnalysisRunner has terminated.
Mono: successfully reloaded assembly
- Completed reload, in  1.314 seconds
Platform modules already initialized, skipping
Refreshing native plugins compatible for Editor in 0.71 ms, found 1 plugins.
Preloading 0 native plugins for Editor in 0.00 ms.
Unloading 2084 Unused Serialized files (Serialized files now loaded: 0)
System memory in use before: 98.5 MB.
System memory in use after: 98.7 MB.

Unloading 9 unused Assets to reduce memory usage. Loaded Objects now: 2758.
Total: 4.566000 ms (FindLiveObjects: 0.737100 ms CreateObjectMapping: 0.173300 ms MarkObjects: 3.623400 ms  DeleteObjects: 0.027300 ms)

========================================================================
Received Prepare
Registering precompiled user dll's ...
Registered in 0.002007 seconds.
Begin MonoManager ReloadAssembly
Native extension for WindowsStandalone target not found
Refreshing native plugins compatible for Editor in 0.62 ms, found 1 plugins.
Preloading 0 native plugins for Editor in 0.00 ms.
Invoked RoslynAnalysisRunner static constructor.
RoslynAnalysisRunner will not be running.
RoslynAnalysisRunner has terminated.
Mono: successfully reloaded assembly
- Completed reload, in  1.213 seconds
Platform modules already initialized, skipping
Refreshing native plugins compatible for Editor in 0.60 ms, found 1 plugins.
Preloading 0 native plugins for Editor in 0.00 ms.
Unloading 2084 Unused Serialized files (Serialized files now loaded: 0)
System memory in use before: 98.5 MB.
System memory in use after: 98.7 MB.

Unloading 9 unused Assets to reduce memory usage. Loaded Objects now: 2762.
Total: 4.557600 ms (FindLiveObjects: 0.737500 ms CreateObjectMapping: 0.299500 ms MarkObjects: 3.491300 ms  DeleteObjects: 0.026600 ms)

========================================================================
Received Import Request.
  Time since last request: 336.455593 seconds.
  path: Assets/Scenes/Level2.unity
  artifactKey: Guid(d624d5dce906d96489d5b4d1716576f3) Importer(815301076,1909f56bfc062723c751e8b465ee728b)
Start importing Assets/Scenes/Level2.unity using Guid(d624d5dce906d96489d5b4d1716576f3) Importer(815301076,1909f56bfc062723c751e8b465ee728b)  -> (artifact id: 'a688548884171bb2c304a787816e46f3') in 0.018678 seconds
  Import took 0.104599 seconds .

========================================================================
Received Prepare
Registering precompiled user dll's ...
Registered in 0.002585 seconds.
Begin MonoManager ReloadAssembly
Native extension for WindowsStandalone target not found
Refreshing native plugins compatible for Editor in 0.70 ms, found 1 plugins.
Preloading 0 native plugins for Editor in 0.00 ms.
Invoked RoslynAnalysisRunner static constructor.
RoslynAnalysisRunner will not be running.
RoslynAnalysisRunner has terminated.
Mono: successfully reloaded assembly
- Completed reload, in  1.293 seconds
Platform modules already initialized, skipping
Refreshing native plugins compatible for Editor in 0.61 ms, found 1 plugins.
Preloading 0 native plugins for Editor in 0.00 ms.
Unloading 2084 Unused Serialized files (Serialized files now loaded: 0)
System memory in use before: 98.5 MB.
System memory in use after: 98.7 MB.

Unloading 9 unused Assets to reduce memory usage. Loaded Objects now: 2766.
Total: 5.050000 ms (FindLiveObjects: 0.497900 ms CreateObjectMapping: 0.177300 ms MarkObjects: 4.348700 ms  DeleteObjects: 0.024200 ms)

========================================================================
Received Import Request.
  Time since last request: 21.146723 seconds.
  path: Assets/Scenes/Level3.unity
  artifactKey: Guid(38e7a6986a1a13a4e9ef94382f9ea111) Importer(815301076,1909f56bfc062723c751e8b465ee728b)
Start importing Assets/Scenes/Level3.unity using Guid(38e7a6986a1a13a4e9ef94382f9ea111) Importer(815301076,1909f56bfc062723c751e8b465ee728b)  -> (artifact id: 'f2b056b64961a258d16769086f14b75e') in 0.020077 seconds
  Import took 0.089012 seconds .

========================================================================
Received Import Request.
  Time since last request: 963.030136 seconds.
  path: Assets/Scenes/Level3.unity
  artifactKey: Guid(38e7a6986a1a13a4e9ef94382f9ea111) Importer(815301076,1909f56bfc062723c751e8b465ee728b)
Start importing Assets/Scenes/Level3.unity using Guid(38e7a6986a1a13a4e9ef94382f9ea111) Importer(815301076,1909f56bfc062723c751e8b465ee728b)  -> (artifact id: '10d663361ca93fa9fb3453876b324572') in 0.087714 seconds
  Import took 0.119020 seconds .

========================================================================
Received Prepare
Registering precompiled user dll's ...
Registered in 0.002507 seconds.
Begin MonoManager ReloadAssembly
Native extension for WindowsStandalone target not found
Refreshing native plugins compatible for Editor in 0.66 ms, found 1 plugins.
Preloading 0 native plugins for Editor in 0.00 ms.
Invoked RoslynAnalysisRunner static constructor.
RoslynAnalysisRunner will not be running.
RoslynAnalysisRunner has terminated.
Mono: successfully reloaded assembly
- Completed reload, in  1.235 seconds
Platform modules already initialized, skipping
Refreshing native plugins compatible for Editor in 0.69 ms, found 1 plugins.
Preloading 0 native plugins for Editor in 0.00 ms.
Unloading 2084 Unused Serialized files (Serialized files now loaded: 0)
System memory in use before: 98.5 MB.
System memory in use after: 98.7 MB.

Unloading 9 unused Assets to reduce memory usage. Loaded Objects now: 2770.
Total: 4.236600 ms (FindLiveObjects: 0.652000 ms CreateObjectMapping: 0.248900 ms MarkObjects: 3.148800 ms  DeleteObjects: 0.184600 ms)

========================================================================
Received Prepare
Registering precompiled user dll's ...
Registered in 0.002533 seconds.
Begin MonoManager ReloadAssembly
Native extension for WindowsStandalone target not found
Refreshing native plugins compatible for Editor in 1.05 ms, found 1 plugins.
Preloading 0 native plugins for Editor in 0.00 ms.
Invoked RoslynAnalysisRunner static constructor.
RoslynAnalysisRunner will not be running.
RoslynAnalysisRunner has terminated.
Mono: successfully reloaded assembly
- Completed reload, in  1.185 seconds
Platform modules already initialized, skipping
Refreshing native plugins compatible for Editor in 0.76 ms, found 1 plugins.
Preloading 0 native plugins for Editor in 0.00 ms.
Unloading 2084 Unused Serialized files (Serialized files now loaded: 0)
System memory in use before: 98.5 MB.
System memory in use after: 98.7 MB.

Unloading 9 unused Assets to reduce memory usage. Loaded Objects now: 2774.
Total: 4.475800 ms (FindLiveObjects: 0.832300 ms CreateObjectMapping: 0.282000 ms MarkObjects: 3.334500 ms  DeleteObjects: 0.024700 ms)

========================================================================
Received Prepare
Registering precompiled user dll's ...
Registered in 0.002142 seconds.
Begin MonoManager ReloadAssembly
Native extension for WindowsStandalone target not found
Refreshing native plugins compatible for Editor in 0.70 ms, found 1 plugins.
Preloading 0 native plugins for Editor in 0.00 ms.
Invoked RoslynAnalysisRunner static constructor.
RoslynAnalysisRunner will not be running.
RoslynAnalysisRunner has terminated.
Mono: successfully reloaded assembly
- Completed reload, in  1.126 seconds
Platform modules already initialized, skipping
Refreshing native plugins compatible for Editor in 0.61 ms, found 1 plugins.
Preloading 0 native plugins for Editor in 0.00 ms.
Unloading 2084 Unused Serialized files (Serialized files now loaded: 0)
System memory in use before: 98.5 MB.
System memory in use after: 98.7 MB.

Unloading 9 unused Assets to reduce memory usage. Loaded Objects now: 2778.
Total: 3.650300 ms (FindLiveObjects: 0.434000 ms CreateObjectMapping: 0.100700 ms MarkObjects: 2.926900 ms  DeleteObjects: 0.186700 ms)

========================================================================
Received Prepare
Registering precompiled user dll's ...
Registered in 0.002093 seconds.
Begin MonoManager ReloadAssembly
Native extension for WindowsStandalone target not found
Refreshing native plugins compatible for Editor in 3.81 ms, found 1 plugins.
Preloading 0 native plugins for Editor in 0.00 ms.
Invoked RoslynAnalysisRunner static constructor.
RoslynAnalysisRunner will not be running.
RoslynAnalysisRunner has terminated.
Mono: successfully reloaded assembly
- Completed reload, in  1.289 seconds
Platform modules already initialized, skipping
Refreshing native plugins compatible for Editor in 0.61 ms, found 1 plugins.
Preloading 0 native plugins for Editor in 0.00 ms.
Unloading 2084 Unused Serialized files (Serialized files now loaded: 0)
System memory in use before: 98.5 MB.
System memory in use after: 98.8 MB.

Unloading 9 unused Assets to reduce memory usage. Loaded Objects now: 2782.
Total: 3.171700 ms (FindLiveObjects: 0.425300 ms CreateObjectMapping: 0.074400 ms MarkObjects: 2.514000 ms  DeleteObjects: 0.154900 ms)

========================================================================
Received Prepare
Registering precompiled user dll's ...
Registered in 0.002069 seconds.
Begin MonoManager ReloadAssembly
Native extension for WindowsStandalone target not found
Refreshing native plugins compatible for Editor in 1.10 ms, found 1 plugins.
Preloading 0 native plugins for Editor in 0.00 ms.
Invoked RoslynAnalysisRunner static constructor.
RoslynAnalysisRunner will not be running.
RoslynAnalysisRunner has terminated.
Mono: successfully reloaded assembly
- Completed reload, in  1.199 seconds
Platform modules already initialized, skipping
Refreshing native plugins compatible for Editor in 1.14 ms, found 1 plugins.
Preloading 0 native plugins for Editor in 0.00 ms.
Unloading 2084 Unused Serialized files (Serialized files now loaded: 0)
System memory in use before: 98.5 MB.
System memory in use after: 98.8 MB.

Unloading 9 unused Assets to reduce memory usage. Loaded Objects now: 2786.
Total: 3.592400 ms (FindLiveObjects: 0.476600 ms CreateObjectMapping: 0.183000 ms MarkObjects: 2.905300 ms  DeleteObjects: 0.025400 ms)

========================================================================
Received Prepare
Registering precompiled user dll's ...
Registered in 0.002073 seconds.
Begin MonoManager ReloadAssembly
Native extension for WindowsStandalone target not found
Refreshing native plugins compatible for Editor in 0.67 ms, found 1 plugins.
Preloading 0 native plugins for Editor in 0.00 ms.
Invoked RoslynAnalysisRunner static constructor.
RoslynAnalysisRunner will not be running.
RoslynAnalysisRunner has terminated.
Mono: successfully reloaded assembly
- Completed reload, in  1.213 seconds
Platform modules already initialized, skipping
Refreshing native plugins compatible for Editor in 0.59 ms, found 1 plugins.
Preloading 0 native plugins for Editor in 0.00 ms.
Unloading 2084 Unused Serialized files (Serialized files now loaded: 0)
System memory in use before: 98.6 MB.
System memory in use after: 98.8 MB.

Unloading 9 unused Assets to reduce memory usage. Loaded Objects now: 2790.
Total: 3.734200 ms (FindLiveObjects: 0.392500 ms CreateObjectMapping: 0.103600 ms MarkObjects: 3.127700 ms  DeleteObjects: 0.108100 ms)

========================================================================
Received Prepare
Registering precompiled user dll's ...
Registered in 0.003297 seconds.
Begin MonoManager ReloadAssembly
Native extension for WindowsStandalone target not found
Refreshing native plugins compatible for Editor in 0.64 ms, found 1 plugins.
Preloading 0 native plugins for Editor in 0.00 ms.
Invoked RoslynAnalysisRunner static constructor.
RoslynAnalysisRunner will not be running.
RoslynAnalysisRunner has terminated.
Mono: successfully reloaded assembly
- Completed reload, in  1.129 seconds
Platform modules already initialized, skipping
Refreshing native plugins compatible for Editor in 0.61 ms, found 1 plugins.
Preloading 0 native plugins for Editor in 0.00 ms.
Unloading 2084 Unused Serialized files (Serialized files now loaded: 0)
System memory in use before: 98.6 MB.
System memory in use after: 98.8 MB.

Unloading 9 unused Assets to reduce memory usage. Loaded Objects now: 2794.
Total: 4.325100 ms (FindLiveObjects: 0.583000 ms CreateObjectMapping: 0.261900 ms MarkObjects: 3.448800 ms  DeleteObjects: 0.029600 ms)

========================================================================
Received Import Request.
  Time since last request: 816.910389 seconds.
  path: Assets/Scenes/Level3.unity
  artifactKey: Guid(38e7a6986a1a13a4e9ef94382f9ea111) Importer(815301076,1909f56bfc062723c751e8b465ee728b)
Start importing Assets/Scenes/Level3.unity using Guid(38e7a6986a1a13a4e9ef94382f9ea111) Importer(815301076,1909f56bfc062723c751e8b465ee728b)  -> (artifact id: '0c4070f82bb3716c18321d8f85b7ae1c') in 0.018711 seconds
  Import took 0.047978 seconds .

========================================================================
Received Import Request.
  Time since last request: 20.462371 seconds.
  path: ProjectSettings/TagManager.asset
  artifactKey: Guid(00000000000000003000000000000000) Importer(815301076,1909f56bfc062723c751e8b465ee728b)
Start importing ProjectSettings/TagManager.asset using Guid(00000000000000003000000000000000) Importer(815301076,1909f56bfc062723c751e8b465ee728b)  -> (artifact id: '3117d637dd9a37016e68121e322840ae') in 0.015515 seconds
  Import took 0.073292 seconds .

