Using pre-set license
Built from '2020.3/staging' branch; Version is '2020.3.0f1 (c7b5465681fb) revision 13088070'; Using compiler version '192528614'; Build Type 'Release'
OS: 'Windows 10 Home Single Language; OS build 19041.867; Version 2004; 64bit' Language: 'en' Physical Memory: 7617 MB
BatchMode: 1, IsHumanControllingUs: 0, StartBugReporterOnCrash: 0, Is64bit: 1, IsPro: 0

 COMMAND LINE ARGUMENTS:
C:\Program Files\Unity\Hub\Editor\2020.3.0f1\Editor\Unity.exe
-adb2
-batchMode
-noUpm
-name
AssetImportWorker4
-projectPath
C:/Users/ASUS/BuatGame/Raion_Internship_Kelompok3
-logFile
Logs/AssetImportWorker4.log
-srvPort
55326
Successfully changed project path to: C:/Users/ASUS/BuatGame/Raion_Internship_Kelompok3
C:/Users/ASUS/BuatGame/Raion_Internship_Kelompok3
Using Asset Import Pipeline V2.
Refreshing native plugins compatible for Editor in 60.86 ms, found 1 plugins.
Preloading 0 native plugins for Editor in 0.00 ms.
Initialize engine version: 2020.3.0f1 (c7b5465681fb)
[Subsystems] Discovering subsystems at path C:/Program Files/Unity/Hub/Editor/2020.3.0f1/Editor/Data/Resources/UnitySubsystems
[Subsystems] Discovering subsystems at path C:/Users/ASUS/BuatGame/Raion_Internship_Kelompok3/Assets
GfxDevice: creating device client; threaded=0
Direct3D:
    Version:  Direct3D 11.0 [level 11.1]
    Renderer: NVIDIA GeForce GTX 1050 (ID=0x1c91)
    Vendor:   
    VRAM:     2996 MB
    Driver:   27.21.14.5730
Initialize mono
Mono path[0] = 'C:/Program Files/Unity/Hub/Editor/2020.3.0f1/Editor/Data/Managed'
Mono path[1] = 'C:/Program Files/Unity/Hub/Editor/2020.3.0f1/Editor/Data/MonoBleedingEdge/lib/mono/unityjit'
Mono config path = 'C:/Program Files/Unity/Hub/Editor/2020.3.0f1/Editor/Data/MonoBleedingEdge/etc'
Using monoOptions --debugger-agent=transport=dt_socket,embedding=1,server=y,suspend=n,address=127.0.0.1:56496
Begin MonoManager ReloadAssembly
Registering precompiled unity dll's ...
Register platform support module: C:/Program Files/Unity/Hub/Editor/2020.3.0f1/Editor/Data/PlaybackEngines/WindowsStandaloneSupport/UnityEditor.WindowsStandalone.Extensions.dll
Registered in 0.002601 seconds.
Native extension for WindowsStandalone target not found
Refreshing native plugins compatible for Editor in 59.36 ms, found 1 plugins.
Preloading 0 native plugins for Editor in 0.00 ms.
Invoked RoslynAnalysisRunner static constructor.
RoslynAnalysisRunner will not be running.
RoslynAnalysisRunner has terminated.
Mono: successfully reloaded assembly
- Completed reload, in  1.409 seconds
Platform modules already initialized, skipping
Registering precompiled user dll's ...
Registered in 0.002061 seconds.
Begin MonoManager ReloadAssembly
Native extension for WindowsStandalone target not found
Refreshing native plugins compatible for Editor in 59.00 ms, found 1 plugins.
Preloading 0 native plugins for Editor in 0.00 ms.
Invoked RoslynAnalysisRunner static constructor.
RoslynAnalysisRunner will not be running.
RoslynAnalysisRunner has terminated.
Mono: successfully reloaded assembly
- Completed reload, in  3.476 seconds
Platform modules already initialized, skipping
========================================================================
Worker process is ready to serve import requests
Launched and connected shader compiler UnityShaderCompiler.exe after 0.49 seconds
Refreshing native plugins compatible for Editor in 0.62 ms, found 1 plugins.
Preloading 0 native plugins for Editor in 0.00 ms.
Unloading 2100 Unused Serialized files (Serialized files now loaded: 0)
System memory in use before: 95.4 MB.
System memory in use after: 95.5 MB.

Unloading 21 unused Assets to reduce memory usage. Loaded Objects now: 2549.
Total: 3.999200 ms (FindLiveObjects: 0.364300 ms CreateObjectMapping: 0.089600 ms MarkObjects: 3.433900 ms  DeleteObjects: 0.108300 ms)

========================================================================
Received Import Request.
  path: Assets/Scenes/Level3.unity
  artifactKey: Guid(38e7a6986a1a13a4e9ef94382f9ea111) Importer(815301076,1909f56bfc062723c751e8b465ee728b)
Start importing Assets/Scenes/Level3.unity using Guid(38e7a6986a1a13a4e9ef94382f9ea111) Importer(815301076,1909f56bfc062723c751e8b465ee728b)  -> (artifact id: '2ce52e452e61f84588b76fa3b498d410') in 0.092450 seconds
  Import took 0.252446 seconds .

========================================================================
Received Import Request.
  Time since last request: 0.000430 seconds.
  path: Assets/Art/Raion/Character/virus.png
  artifactKey: Guid(3f9c171e0f04bca4a953ff182f8d11ed) Importer(815301076,1909f56bfc062723c751e8b465ee728b)
Start importing Assets/Art/Raion/Character/virus.png using Guid(3f9c171e0f04bca4a953ff182f8d11ed) Importer(815301076,1909f56bfc062723c751e8b465ee728b)  -> (artifact id: '41851c1a3d6d88185500b91017da22bc') in 1.385879 seconds
  Import took 1.487114 seconds .

========================================================================
Received Import Request.
  Time since last request: 0.000373 seconds.
  path: Assets/Art/Raion/Character/shadow.png
  artifactKey: Guid(d3f27a6ba501d6a47a86a312f22f50d0) Importer(815301076,1909f56bfc062723c751e8b465ee728b)
Start importing Assets/Art/Raion/Character/shadow.png using Guid(d3f27a6ba501d6a47a86a312f22f50d0) Importer(815301076,1909f56bfc062723c751e8b465ee728b)  -> (artifact id: 'b055a909f5efee96604fd538c28230b6') in 0.352860 seconds
  Import took 0.422937 seconds .

========================================================================
Received Import Request.
  Time since last request: 0.626429 seconds.
  path: Assets/Art/Raion/Character/Three.png
  artifactKey: Guid(125cfc97a8ba9384980db8c4400337ba) Importer(815301076,1909f56bfc062723c751e8b465ee728b)
Start importing Assets/Art/Raion/Character/Three.png using Guid(125cfc97a8ba9384980db8c4400337ba) Importer(815301076,1909f56bfc062723c751e8b465ee728b)  -> (artifact id: 'c5b618fde369a4220f961fa5de0036b8') in 0.119666 seconds
  Import took 0.268323 seconds .

========================================================================
Received Import Request.
  Time since last request: 0.270592 seconds.
  path: Assets/Art/Raion/Character/Two.png
  artifactKey: Guid(9b75dec1d0e98d64da4a85dccab1a1db) Importer(815301076,1909f56bfc062723c751e8b465ee728b)
Start importing Assets/Art/Raion/Character/Two.png using Guid(9b75dec1d0e98d64da4a85dccab1a1db) Importer(815301076,1909f56bfc062723c751e8b465ee728b)  -> (artifact id: 'f58da7b4ced0f28f18c4de1c14836ca6') in 0.056587 seconds
  Import took 0.114066 seconds .

========================================================================
Received Import Request.
  Time since last request: 2.695152 seconds.
  path: Assets/Art/Raion/Character/One.png
  artifactKey: Guid(91590f2450260a24b89414461b2f5c83) Importer(815301076,1909f56bfc062723c751e8b465ee728b)
Start importing Assets/Art/Raion/Character/One.png using Guid(91590f2450260a24b89414461b2f5c83) Importer(815301076,1909f56bfc062723c751e8b465ee728b)  -> (artifact id: 'f2f73f4bb5e756f50e752de8d1b4a563') in 0.211761 seconds
  Import took 0.235342 seconds .

========================================================================
Received Import Request.
  Time since last request: 0.225034 seconds.
  path: Assets/Art/Raion/Character/no_lives.png
  artifactKey: Guid(d1dc3fa0f1ae74645a90eceafc150e81) Importer(815301076,1909f56bfc062723c751e8b465ee728b)
Start importing Assets/Art/Raion/Character/no_lives.png using Guid(d1dc3fa0f1ae74645a90eceafc150e81) Importer(815301076,1909f56bfc062723c751e8b465ee728b)  -> (artifact id: '97697e5d1433c07d9ae2906072e510d8') in 0.061329 seconds
  Import took 0.111113 seconds .

========================================================================
Received Prepare
Refreshing native plugins compatible for Editor in 2.96 ms, found 1 plugins.
Preloading 0 native plugins for Editor in 0.00 ms.
Unloading 6 Unused Serialized files (Serialized files now loaded: 0)
System memory in use before: 56.4 MB.
System memory in use after: 56.6 MB.

Unloading 6 unused Assets to reduce memory usage. Loaded Objects now: 2561.
Total: 3.527700 ms (FindLiveObjects: 0.316400 ms CreateObjectMapping: 0.071500 ms MarkObjects: 3.106700 ms  DeleteObjects: 0.031300 ms)

========================================================================
Received Import Request.
  Time since last request: 148.604088 seconds.
  path: Assets/Art/Pixel Adventure 1
  artifactKey: Guid(b58e093e649adbd4c88daa4309ff6e9e) Importer(815301076,1909f56bfc062723c751e8b465ee728b)
Start importing Assets/Art/Pixel Adventure 1 using Guid(b58e093e649adbd4c88daa4309ff6e9e) Importer(815301076,1909f56bfc062723c751e8b465ee728b)  -> (artifact id: '2346bbc27467005efcd4f0b9481f815a') in 0.333557 seconds
  Import took 0.437347 seconds .

========================================================================
Received Import Request.
  Time since last request: 2.647995 seconds.
  path: Assets/Art/Raion/background
  artifactKey: Guid(519c1437982cc4c469187a9edd0a0d5b) Importer(815301076,1909f56bfc062723c751e8b465ee728b)
Start importing Assets/Art/Raion/background using Guid(519c1437982cc4c469187a9edd0a0d5b) Importer(815301076,1909f56bfc062723c751e8b465ee728b)  -> (artifact id: 'ce6384762b3b626b3490230bdd71b376') in 0.013656 seconds
  Import took 0.070556 seconds .

========================================================================
Received Prepare
Registering precompiled user dll's ...
Registered in 0.002246 seconds.
Begin MonoManager ReloadAssembly
Native extension for WindowsStandalone target not found
Refreshing native plugins compatible for Editor in 0.64 ms, found 1 plugins.
Preloading 0 native plugins for Editor in 0.00 ms.
Invoked RoslynAnalysisRunner static constructor.
RoslynAnalysisRunner will not be running.
RoslynAnalysisRunner has terminated.
Mono: successfully reloaded assembly
- Completed reload, in  1.868 seconds
Platform modules already initialized, skipping
Refreshing native plugins compatible for Editor in 0.72 ms, found 1 plugins.
Preloading 0 native plugins for Editor in 0.00 ms.
Unloading 2084 Unused Serialized files (Serialized files now loaded: 0)
System memory in use before: 97.6 MB.
System memory in use after: 97.7 MB.

Unloading 9 unused Assets to reduce memory usage. Loaded Objects now: 2565.
Total: 3.037800 ms (FindLiveObjects: 0.372700 ms CreateObjectMapping: 0.072300 ms MarkObjects: 2.565100 ms  DeleteObjects: 0.026200 ms)

========================================================================
Received Prepare
Registering precompiled user dll's ...
Registered in 0.005621 seconds.
Begin MonoManager ReloadAssembly
Native extension for WindowsStandalone target not found
Refreshing native plugins compatible for Editor in 1.19 ms, found 1 plugins.
Preloading 0 native plugins for Editor in 0.00 ms.
Invoked RoslynAnalysisRunner static constructor.
RoslynAnalysisRunner will not be running.
RoslynAnalysisRunner has terminated.
Mono: successfully reloaded assembly
- Completed reload, in  1.496 seconds
Platform modules already initialized, skipping
Refreshing native plugins compatible for Editor in 1.04 ms, found 1 plugins.
Preloading 0 native plugins for Editor in 0.00 ms.
Unloading 2084 Unused Serialized files (Serialized files now loaded: 0)
System memory in use before: 97.6 MB.
System memory in use after: 97.7 MB.

Unloading 9 unused Assets to reduce memory usage. Loaded Objects now: 2569.
Total: 5.591600 ms (FindLiveObjects: 0.622500 ms CreateObjectMapping: 0.254300 ms MarkObjects: 4.684600 ms  DeleteObjects: 0.027700 ms)

========================================================================
Received Prepare
Registering precompiled user dll's ...
Registered in 0.001957 seconds.
Begin MonoManager ReloadAssembly
Native extension for WindowsStandalone target not found
Refreshing native plugins compatible for Editor in 1.65 ms, found 1 plugins.
Preloading 0 native plugins for Editor in 0.00 ms.
Invoked RoslynAnalysisRunner static constructor.
RoslynAnalysisRunner will not be running.
RoslynAnalysisRunner has terminated.
Mono: successfully reloaded assembly
- Completed reload, in  1.201 seconds
Platform modules already initialized, skipping
Refreshing native plugins compatible for Editor in 0.84 ms, found 1 plugins.
Preloading 0 native plugins for Editor in 0.00 ms.
Unloading 2084 Unused Serialized files (Serialized files now loaded: 0)
System memory in use before: 97.6 MB.
System memory in use after: 97.7 MB.

Unloading 9 unused Assets to reduce memory usage. Loaded Objects now: 2573.
Total: 4.008700 ms (FindLiveObjects: 0.576500 ms CreateObjectMapping: 0.215900 ms MarkObjects: 3.174900 ms  DeleteObjects: 0.038300 ms)

========================================================================
Received Prepare
Registering precompiled user dll's ...
Registered in 0.003585 seconds.
Begin MonoManager ReloadAssembly
Native extension for WindowsStandalone target not found
Refreshing native plugins compatible for Editor in 0.96 ms, found 1 plugins.
Preloading 0 native plugins for Editor in 0.00 ms.
Invoked RoslynAnalysisRunner static constructor.
RoslynAnalysisRunner will not be running.
RoslynAnalysisRunner has terminated.
Mono: successfully reloaded assembly
- Completed reload, in  1.565 seconds
Platform modules already initialized, skipping
Refreshing native plugins compatible for Editor in 1.35 ms, found 1 plugins.
Preloading 0 native plugins for Editor in 0.00 ms.
Unloading 2084 Unused Serialized files (Serialized files now loaded: 0)
System memory in use before: 97.6 MB.
System memory in use after: 97.8 MB.

Unloading 9 unused Assets to reduce memory usage. Loaded Objects now: 2577.
Total: 4.072300 ms (FindLiveObjects: 0.388600 ms CreateObjectMapping: 0.178000 ms MarkObjects: 3.474800 ms  DeleteObjects: 0.029100 ms)

========================================================================
Received Prepare
Registering precompiled user dll's ...
Registered in 0.002397 seconds.
Begin MonoManager ReloadAssembly
Native extension for WindowsStandalone target not found
Refreshing native plugins compatible for Editor in 0.60 ms, found 1 plugins.
Preloading 0 native plugins for Editor in 0.00 ms.
Invoked RoslynAnalysisRunner static constructor.
RoslynAnalysisRunner will not be running.
RoslynAnalysisRunner has terminated.
Mono: successfully reloaded assembly
- Completed reload, in  1.542 seconds
Platform modules already initialized, skipping
Refreshing native plugins compatible for Editor in 1.37 ms, found 1 plugins.
Preloading 0 native plugins for Editor in 0.00 ms.
Unloading 2084 Unused Serialized files (Serialized files now loaded: 0)
System memory in use before: 97.7 MB.
System memory in use after: 97.8 MB.

Unloading 9 unused Assets to reduce memory usage. Loaded Objects now: 2581.
Total: 3.711500 ms (FindLiveObjects: 0.438200 ms CreateObjectMapping: 0.231500 ms MarkObjects: 3.015500 ms  DeleteObjects: 0.024000 ms)

========================================================================
Received Prepare
Registering precompiled user dll's ...
Registered in 0.002103 seconds.
Begin MonoManager ReloadAssembly
Native extension for WindowsStandalone target not found
Refreshing native plugins compatible for Editor in 0.60 ms, found 1 plugins.
Preloading 0 native plugins for Editor in 0.00 ms.
Invoked RoslynAnalysisRunner static constructor.
RoslynAnalysisRunner will not be running.
RoslynAnalysisRunner has terminated.
Mono: successfully reloaded assembly
- Completed reload, in  1.618 seconds
Platform modules already initialized, skipping
Refreshing native plugins compatible for Editor in 0.58 ms, found 1 plugins.
Preloading 0 native plugins for Editor in 0.00 ms.
Unloading 2084 Unused Serialized files (Serialized files now loaded: 0)
System memory in use before: 97.7 MB.
System memory in use after: 97.8 MB.

Unloading 9 unused Assets to reduce memory usage. Loaded Objects now: 2585.
Total: 3.296300 ms (FindLiveObjects: 0.384900 ms CreateObjectMapping: 0.073300 ms MarkObjects: 2.808400 ms  DeleteObjects: 0.028000 ms)

========================================================================
Received Prepare
Registering precompiled user dll's ...
Registered in 0.002619 seconds.
Begin MonoManager ReloadAssembly
Native extension for WindowsStandalone target not found
Refreshing native plugins compatible for Editor in 0.97 ms, found 1 plugins.
Preloading 0 native plugins for Editor in 0.00 ms.
Invoked RoslynAnalysisRunner static constructor.
RoslynAnalysisRunner will not be running.
RoslynAnalysisRunner has terminated.
Mono: successfully reloaded assembly
- Completed reload, in  1.296 seconds
Platform modules already initialized, skipping
Refreshing native plugins compatible for Editor in 0.61 ms, found 1 plugins.
Preloading 0 native plugins for Editor in 0.00 ms.
Unloading 2084 Unused Serialized files (Serialized files now loaded: 0)
System memory in use before: 97.7 MB.
System memory in use after: 97.8 MB.

Unloading 9 unused Assets to reduce memory usage. Loaded Objects now: 2589.
Total: 3.065300 ms (FindLiveObjects: 0.329200 ms CreateObjectMapping: 0.077400 ms MarkObjects: 2.629100 ms  DeleteObjects: 0.027900 ms)

========================================================================
Received Import Request.
  Time since last request: 899.684542 seconds.
  path: Assets/Scenes/Level1.unity
  artifactKey: Guid(2cda990e2423bbf4892e6590ba056729) Importer(815301076,1909f56bfc062723c751e8b465ee728b)
Start importing Assets/Scenes/Level1.unity using Guid(2cda990e2423bbf4892e6590ba056729) Importer(815301076,1909f56bfc062723c751e8b465ee728b)  -> (artifact id: '05132c955e8520e99a05050dde06e294') in 0.319819 seconds
  Import took 0.748721 seconds .

========================================================================
Received Prepare
Registering precompiled user dll's ...
Registered in 0.002181 seconds.
Begin MonoManager ReloadAssembly
Native extension for WindowsStandalone target not found
Refreshing native plugins compatible for Editor in 0.64 ms, found 1 plugins.
Preloading 0 native plugins for Editor in 0.00 ms.
Invoked RoslynAnalysisRunner static constructor.
RoslynAnalysisRunner will not be running.
RoslynAnalysisRunner has terminated.
Mono: successfully reloaded assembly
- Completed reload, in  1.271 seconds
Platform modules already initialized, skipping
Refreshing native plugins compatible for Editor in 0.64 ms, found 1 plugins.
Preloading 0 native plugins for Editor in 0.00 ms.
Unloading 2084 Unused Serialized files (Serialized files now loaded: 0)
System memory in use before: 97.7 MB.
System memory in use after: 97.8 MB.

Unloading 9 unused Assets to reduce memory usage. Loaded Objects now: 2593.
Total: 2.750500 ms (FindLiveObjects: 0.359700 ms CreateObjectMapping: 0.071500 ms MarkObjects: 2.295000 ms  DeleteObjects: 0.022700 ms)

========================================================================
Received Prepare
Registering precompiled user dll's ...
Registered in 0.508877 seconds.
Begin MonoManager ReloadAssembly
Native extension for WindowsStandalone target not found
Refreshing native plugins compatible for Editor in 0.63 ms, found 1 plugins.
Preloading 0 native plugins for Editor in 0.00 ms.
Invoked RoslynAnalysisRunner static constructor.
RoslynAnalysisRunner will not be running.
RoslynAnalysisRunner has terminated.
Mono: successfully reloaded assembly
- Completed reload, in  4.996 seconds
Platform modules already initialized, skipping
Refreshing native plugins compatible for Editor in 0.63 ms, found 1 plugins.
Preloading 0 native plugins for Editor in 0.00 ms.
Unloading 2084 Unused Serialized files (Serialized files now loaded: 0)
System memory in use before: 97.7 MB.
System memory in use after: 97.8 MB.

Unloading 9 unused Assets to reduce memory usage. Loaded Objects now: 2597.
Total: 4.481300 ms (FindLiveObjects: 0.534300 ms CreateObjectMapping: 0.230900 ms MarkObjects: 3.687600 ms  DeleteObjects: 0.026200 ms)

========================================================================
Received Import Request.
  Time since last request: 300.264124 seconds.
  path: Assets/Scenes/Level3.unity
  artifactKey: Guid(38e7a6986a1a13a4e9ef94382f9ea111) Importer(815301076,1909f56bfc062723c751e8b465ee728b)
Start importing Assets/Scenes/Level3.unity using Guid(38e7a6986a1a13a4e9ef94382f9ea111) Importer(815301076,1909f56bfc062723c751e8b465ee728b)  -> (artifact id: '476d1874c94c1e9604f66102bb75913f') in 0.031044 seconds
  Import took 0.121375 seconds .

========================================================================
Received Import Request.
  Time since last request: 1138.993162 seconds.
  path: Assets/Art/Raion/Character/shadow.png
  artifactKey: Guid(d3f27a6ba501d6a47a86a312f22f50d0) Importer(815301076,1909f56bfc062723c751e8b465ee728b)
Start importing Assets/Art/Raion/Character/shadow.png using Guid(d3f27a6ba501d6a47a86a312f22f50d0) Importer(815301076,1909f56bfc062723c751e8b465ee728b)  -> (artifact id: '27e6c20c9bb9a9133060f0673ffae96f') in 0.437986 seconds
  Import took 0.555620 seconds .

========================================================================
Received Import Request.
  Time since last request: 8.764476 seconds.
  path: Assets/Art/Raion/Character/shadow.png
  artifactKey: Guid(d3f27a6ba501d6a47a86a312f22f50d0) Importer(815301076,1909f56bfc062723c751e8b465ee728b)
Start importing Assets/Art/Raion/Character/shadow.png using Guid(d3f27a6ba501d6a47a86a312f22f50d0) Importer(815301076,1909f56bfc062723c751e8b465ee728b)  -> (artifact id: '291575999e2b4578329ba73d1a7bdc2e') in 0.074956 seconds
  Import took 0.128360 seconds .

========================================================================
Received Import Request.
  Time since last request: 58.092307 seconds.
  path: Assets/Scripts/Shadow.cs
  artifactKey: Guid(071a5225127587648b8c13f964330358) Importer(815301076,1909f56bfc062723c751e8b465ee728b)
Start importing Assets/Scripts/Shadow.cs using Guid(071a5225127587648b8c13f964330358) Importer(815301076,1909f56bfc062723c751e8b465ee728b)  -> (artifact id: '903bdc017475bf481cad668e8a8265bb') in 1.279829 seconds
  Import took 1.389852 seconds .

========================================================================
Received Prepare
Registering precompiled user dll's ...
Registered in 0.002076 seconds.
Begin MonoManager ReloadAssembly
Native extension for WindowsStandalone target not found
Refreshing native plugins compatible for Editor in 0.81 ms, found 1 plugins.
Preloading 0 native plugins for Editor in 0.00 ms.
Invoked RoslynAnalysisRunner static constructor.
RoslynAnalysisRunner will not be running.
RoslynAnalysisRunner has terminated.
Mono: successfully reloaded assembly
- Completed reload, in 15.105 seconds
Platform modules already initialized, skipping
Refreshing native plugins compatible for Editor in 0.72 ms, found 1 plugins.
Preloading 0 native plugins for Editor in 0.00 ms.
Unloading 2085 Unused Serialized files (Serialized files now loaded: 0)
System memory in use before: 97.8 MB.
System memory in use after: 97.9 MB.

Unloading 9 unused Assets to reduce memory usage. Loaded Objects now: 2619.
Total: 4.125200 ms (FindLiveObjects: 0.465100 ms CreateObjectMapping: 0.181200 ms MarkObjects: 3.363100 ms  DeleteObjects: 0.112800 ms)

========================================================================
Received Prepare
Registering precompiled user dll's ...
Registered in 0.047586 seconds.
Begin MonoManager ReloadAssembly
Native extension for WindowsStandalone target not found
Refreshing native plugins compatible for Editor in 1.30 ms, found 1 plugins.
Preloading 0 native plugins for Editor in 0.00 ms.
Invoked RoslynAnalysisRunner static constructor.
RoslynAnalysisRunner will not be running.
RoslynAnalysisRunner has terminated.
Mono: successfully reloaded assembly
- Completed reload, in  1.459 seconds
Platform modules already initialized, skipping
Refreshing native plugins compatible for Editor in 0.59 ms, found 1 plugins.
Preloading 0 native plugins for Editor in 0.00 ms.
Unloading 2085 Unused Serialized files (Serialized files now loaded: 0)
System memory in use before: 97.8 MB.
System memory in use after: 97.9 MB.

Unloading 9 unused Assets to reduce memory usage. Loaded Objects now: 2623.
Total: 3.680400 ms (FindLiveObjects: 0.458700 ms CreateObjectMapping: 0.222700 ms MarkObjects: 2.967200 ms  DeleteObjects: 0.029700 ms)

========================================================================
Received Import Request.
  Time since last request: 909.466588 seconds.
  path: Assets/Scripts/Shadow.cs
  artifactKey: Guid(071a5225127587648b8c13f964330358) Importer(815301076,1909f56bfc062723c751e8b465ee728b)
Start importing Assets/Scripts/Shadow.cs using Guid(071a5225127587648b8c13f964330358) Importer(815301076,1909f56bfc062723c751e8b465ee728b)  -> (artifact id: 'becf93bcfdcc7cb26dd75bf3fd5aac6e') in 0.017440 seconds
  Import took 0.100416 seconds .

========================================================================
Received Prepare
Registering precompiled user dll's ...
Registered in 0.003448 seconds.
Begin MonoManager ReloadAssembly
Native extension for WindowsStandalone target not found
Refreshing native plugins compatible for Editor in 0.61 ms, found 1 plugins.
Preloading 0 native plugins for Editor in 0.00 ms.
Invoked RoslynAnalysisRunner static constructor.
RoslynAnalysisRunner will not be running.
RoslynAnalysisRunner has terminated.
Mono: successfully reloaded assembly
- Completed reload, in  1.515 seconds
Platform modules already initialized, skipping
Refreshing native plugins compatible for Editor in 0.59 ms, found 1 plugins.
Preloading 0 native plugins for Editor in 0.00 ms.
Unloading 2085 Unused Serialized files (Serialized files now loaded: 0)
System memory in use before: 97.8 MB.
System memory in use after: 97.9 MB.

Unloading 9 unused Assets to reduce memory usage. Loaded Objects now: 2627.
Total: 2.634500 ms (FindLiveObjects: 0.335500 ms CreateObjectMapping: 0.069000 ms MarkObjects: 2.200000 ms  DeleteObjects: 0.028300 ms)

========================================================================
Received Import Request.
  Time since last request: 27.533944 seconds.
  path: Assets/Scripts/Shadow.cs
  artifactKey: Guid(071a5225127587648b8c13f964330358) Importer(815301076,1909f56bfc062723c751e8b465ee728b)
Start importing Assets/Scripts/Shadow.cs using Guid(071a5225127587648b8c13f964330358) Importer(815301076,1909f56bfc062723c751e8b465ee728b)  -> (artifact id: 'd853c656570d2ed10404c56ae9264919') in 0.012162 seconds
  Import took 0.188011 seconds .

========================================================================
Received Prepare
Registering precompiled user dll's ...
Registered in 0.002413 seconds.
Begin MonoManager ReloadAssembly
Native extension for WindowsStandalone target not found
Refreshing native plugins compatible for Editor in 0.58 ms, found 1 plugins.
Preloading 0 native plugins for Editor in 0.00 ms.
Invoked RoslynAnalysisRunner static constructor.
RoslynAnalysisRunner will not be running.
RoslynAnalysisRunner has terminated.
Mono: successfully reloaded assembly
- Completed reload, in  1.438 seconds
Platform modules already initialized, skipping
Refreshing native plugins compatible for Editor in 0.76 ms, found 1 plugins.
Preloading 0 native plugins for Editor in 0.00 ms.
Unloading 2085 Unused Serialized files (Serialized files now loaded: 0)
System memory in use before: 97.8 MB.
System memory in use after: 97.9 MB.

Unloading 9 unused Assets to reduce memory usage. Loaded Objects now: 2631.
Total: 4.310700 ms (FindLiveObjects: 0.698200 ms CreateObjectMapping: 0.126400 ms MarkObjects: 3.454500 ms  DeleteObjects: 0.026500 ms)

========================================================================
Received Prepare
Registering precompiled user dll's ...
Registered in 0.002307 seconds.
Begin MonoManager ReloadAssembly
Native extension for WindowsStandalone target not found
Refreshing native plugins compatible for Editor in 0.98 ms, found 1 plugins.
Preloading 0 native plugins for Editor in 0.00 ms.
Invoked RoslynAnalysisRunner static constructor.
RoslynAnalysisRunner will not be running.
RoslynAnalysisRunner has terminated.
Mono: successfully reloaded assembly
- Completed reload, in  1.173 seconds
Platform modules already initialized, skipping
Refreshing native plugins compatible for Editor in 0.65 ms, found 1 plugins.
Preloading 0 native plugins for Editor in 0.00 ms.
Unloading 2085 Unused Serialized files (Serialized files now loaded: 0)
System memory in use before: 97.8 MB.
System memory in use after: 97.9 MB.

Unloading 9 unused Assets to reduce memory usage. Loaded Objects now: 2635.
Total: 3.196100 ms (FindLiveObjects: 0.433400 ms CreateObjectMapping: 0.115000 ms MarkObjects: 2.622900 ms  DeleteObjects: 0.022800 ms)

========================================================================
Received Prepare
Registering precompiled user dll's ...
Registered in 0.002647 seconds.
Begin MonoManager ReloadAssembly
Native extension for WindowsStandalone target not found
Refreshing native plugins compatible for Editor in 0.62 ms, found 1 plugins.
Preloading 0 native plugins for Editor in 0.00 ms.
Invoked RoslynAnalysisRunner static constructor.
RoslynAnalysisRunner will not be running.
RoslynAnalysisRunner has terminated.
Mono: successfully reloaded assembly
- Completed reload, in  1.465 seconds
Platform modules already initialized, skipping
Refreshing native plugins compatible for Editor in 0.76 ms, found 1 plugins.
Preloading 0 native plugins for Editor in 0.00 ms.
Unloading 2085 Unused Serialized files (Serialized files now loaded: 0)
System memory in use before: 97.8 MB.
System memory in use after: 97.9 MB.

Unloading 9 unused Assets to reduce memory usage. Loaded Objects now: 2639.
Total: 3.916700 ms (FindLiveObjects: 0.964900 ms CreateObjectMapping: 0.381800 ms MarkObjects: 2.544600 ms  DeleteObjects: 0.023500 ms)

========================================================================
Received Prepare
Registering precompiled user dll's ...
Registered in 0.002142 seconds.
Begin MonoManager ReloadAssembly
Native extension for WindowsStandalone target not found
Refreshing native plugins compatible for Editor in 1.04 ms, found 1 plugins.
Preloading 0 native plugins for Editor in 0.00 ms.
Invoked RoslynAnalysisRunner static constructor.
RoslynAnalysisRunner will not be running.
RoslynAnalysisRunner has terminated.
Mono: successfully reloaded assembly
- Completed reload, in  1.335 seconds
Platform modules already initialized, skipping
Refreshing native plugins compatible for Editor in 1.73 ms, found 1 plugins.
Preloading 0 native plugins for Editor in 0.00 ms.
Unloading 2085 Unused Serialized files (Serialized files now loaded: 0)
System memory in use before: 97.8 MB.
System memory in use after: 97.9 MB.

Unloading 9 unused Assets to reduce memory usage. Loaded Objects now: 2643.
Total: 5.262300 ms (FindLiveObjects: 0.995000 ms CreateObjectMapping: 0.326000 ms MarkObjects: 3.916400 ms  DeleteObjects: 0.021400 ms)

========================================================================
Received Prepare
Registering precompiled user dll's ...
Registered in 0.002322 seconds.
Begin MonoManager ReloadAssembly
Native extension for WindowsStandalone target not found
Refreshing native plugins compatible for Editor in 0.70 ms, found 1 plugins.
Preloading 0 native plugins for Editor in 0.00 ms.
Invoked RoslynAnalysisRunner static constructor.
RoslynAnalysisRunner will not be running.
RoslynAnalysisRunner has terminated.
Mono: successfully reloaded assembly
- Completed reload, in  1.685 seconds
Platform modules already initialized, skipping
Refreshing native plugins compatible for Editor in 0.59 ms, found 1 plugins.
Preloading 0 native plugins for Editor in 0.00 ms.
Unloading 2085 Unused Serialized files (Serialized files now loaded: 0)
System memory in use before: 97.8 MB.
System memory in use after: 97.9 MB.

Unloading 9 unused Assets to reduce memory usage. Loaded Objects now: 2647.
Total: 3.040600 ms (FindLiveObjects: 0.326800 ms CreateObjectMapping: 0.056000 ms MarkObjects: 2.632500 ms  DeleteObjects: 0.023700 ms)

AssetImportWorkerClient::OnTransportError - code=2 error=End of file
